---------------------------------------------------------------
[ 2024-03-09T12:25:47+08:00 ] 10.50.50.2 GET espay.com/admin.php/user/user/index?sort=user.id&order=desc&offset=0&limit=10&filter=%7B%22loginip%22%3A%22119.181.196.252%22%7D&op=%7B%22loginip%22%3A%22%3D%22%7D&_=1709891889271
[运行时间：0.166434s] [吞吐率：6.01req/s] [内存消耗：4,804.78kb] [文件加载：155]
[ info ] [ BEHAVIOR ] Run Closure @app_init [ RunTime:0.000022s ]
[ info ] [ CACHE ] INIT redis
[ info ] [ BEHAVIOR ] Run Closure @app_init [ RunTime:0.008882s ]
[ info ] [ LANG ] /mnt/projects/espay/thinkphp/lang/zh-cn.php
[ info ] [ ROUTE ] array (
  'type' => 'module',
  'module' => 
  array (
    0 => 'admin',
    1 => 'user.user',
    2 => 'index',
  ),
)
[ info ] [ HEADER ] array (
  'cookie' => 'PHPSESSID=r0u4i3i29kvhjrb8kurkec08uv; keeplogin=1%7C86400%7C1709974436%7C2f8c8edab2b53473c0aaab017c754b5c; goeasyNode=6',
  'accept-language' => 'zh-CN,zh;q=0.9',
  'accept-encoding' => 'gzip, deflate',
  'referer' => 'http://espay.com/admin.php/user/user?addtabs=1',
  'content-type' => 'application/json',
  'user-agent' => 'Mozilla/5.0 (Windows NT 10.0; Win64; x64) AppleWebKit/537.36 (KHTML, like Gecko) Chrome/122.0.0.0 Safari/537.36',
  'x-requested-with' => 'XMLHttpRequest',
  'accept' => 'application/json, text/javascript, */*; q=0.01',
  'connection' => 'keep-alive',
  'host' => 'espay.com',
  'content-length' => '',
)
[ info ] [ PARAM ] array (
  'sort' => 'user.id',
  'order' => 'desc',
  'offset' => '0',
  'limit' => '10',
  'filter' => '{"loginip":"119.181.196.252"}',
  'op' => '{"loginip":"="}',
  '_' => '1709891889271',
)
[ info ] [ LANG ] /mnt/projects/espay/public/../application/admin/lang/zh-cn.php
[ info ] [ BEHAVIOR ] Run app\common\behavior\Common @module_init [ RunTime:0.002979s ]
[ info ] [ SESSION ] INIT array (
  'id' => '',
  'var_session_id' => '',
  'prefix' => 'think',
  'type' => '',
  'auto_start' => true,
)
[ info ] [ DB ] INIT mysql
[ info ] [ BEHAVIOR ] Run \addons\geetest\Geetest @config_init [ RunTime:0.000944s ]
[ info ] [ BEHAVIOR ] Run \addons\goeasy\Goeasy @config_init [ RunTime:0.002967s ]
[ info ] [ BEHAVIOR ] Run \addons\nkeditor\Nkeditor @config_init [ RunTime:0.000642s ]
[ info ] [ LANG ] /mnt/projects/espay/public/../application/admin/lang/zh-cn/user/user.php
[ info ] [ BEHAVIOR ] Run \addons\geetest\Geetest @action_begin [ RunTime:0.000043s ]
[ info ] [ RUN ] app\admin\controller\user\User->index[ /mnt/projects/espay/application/admin/controller/user/User.php ]
[ info ] [ BEHAVIOR ] Run app\admin\behavior\AdminLog @app_end [ RunTime:0.000807s ]
[ info ] [ BEHAVIOR ] Run \addons\loginvideo\Loginvideo @response_send [ RunTime:0.000644s ]
[ info ] [ LOG ] INIT File
---------------------------------------------------------------
[ 2024-03-09T12:25:48+08:00 ] 10.50.50.2 GET espay.com/admin.php/user/user/index?sort=user.id&order=desc&offset=0&limit=10&filter=%7B%22loginip%22%3A%22119.181.196.252%22%7D&op=%7B%22loginip%22%3A%22%3D%22%7D&_=1709891889272
[运行时间：0.156448s] [吞吐率：6.39req/s] [内存消耗：4,804.79kb] [文件加载：155]
[ info ] [ BEHAVIOR ] Run Closure @app_init [ RunTime:0.000023s ]
[ info ] [ CACHE ] INIT redis
[ info ] [ BEHAVIOR ] Run Closure @app_init [ RunTime:0.007079s ]
[ info ] [ LANG ] /mnt/projects/espay/thinkphp/lang/zh-cn.php
[ info ] [ ROUTE ] array (
  'type' => 'module',
  'module' => 
  array (
    0 => 'admin',
    1 => 'user.user',
    2 => 'index',
  ),
)
[ info ] [ HEADER ] array (
  'cookie' => 'PHPSESSID=r0u4i3i29kvhjrb8kurkec08uv; keeplogin=1%7C86400%7C1709974436%7C2f8c8edab2b53473c0aaab017c754b5c; goeasyNode=6',
  'accept-language' => 'zh-CN,zh;q=0.9',
  'accept-encoding' => 'gzip, deflate',
  'referer' => 'http://espay.com/admin.php/user/user?addtabs=1',
  'content-type' => 'application/json',
  'user-agent' => 'Mozilla/5.0 (Windows NT 10.0; Win64; x64) AppleWebKit/537.36 (KHTML, like Gecko) Chrome/122.0.0.0 Safari/537.36',
  'x-requested-with' => 'XMLHttpRequest',
  'accept' => 'application/json, text/javascript, */*; q=0.01',
  'connection' => 'keep-alive',
  'host' => 'espay.com',
  'content-length' => '',
)
[ info ] [ PARAM ] array (
  'sort' => 'user.id',
  'order' => 'desc',
  'offset' => '0',
  'limit' => '10',
  'filter' => '{"loginip":"119.181.196.252"}',
  'op' => '{"loginip":"="}',
  '_' => '1709891889272',
)
[ info ] [ LANG ] /mnt/projects/espay/public/../application/admin/lang/zh-cn.php
[ info ] [ BEHAVIOR ] Run app\common\behavior\Common @module_init [ RunTime:0.002869s ]
[ info ] [ SESSION ] INIT array (
  'id' => '',
  'var_session_id' => '',
  'prefix' => 'think',
  'type' => '',
  'auto_start' => true,
)
[ info ] [ DB ] INIT mysql
[ info ] [ BEHAVIOR ] Run \addons\geetest\Geetest @config_init [ RunTime:0.001913s ]
[ info ] [ BEHAVIOR ] Run \addons\goeasy\Goeasy @config_init [ RunTime:0.003508s ]
[ info ] [ BEHAVIOR ] Run \addons\nkeditor\Nkeditor @config_init [ RunTime:0.000661s ]
[ info ] [ LANG ] /mnt/projects/espay/public/../application/admin/lang/zh-cn/user/user.php
[ info ] [ BEHAVIOR ] Run \addons\geetest\Geetest @action_begin [ RunTime:0.000055s ]
[ info ] [ RUN ] app\admin\controller\user\User->index[ /mnt/projects/espay/application/admin/controller/user/User.php ]
[ info ] [ BEHAVIOR ] Run app\admin\behavior\AdminLog @app_end [ RunTime:0.000716s ]
[ info ] [ BEHAVIOR ] Run \addons\loginvideo\Loginvideo @response_send [ RunTime:0.000954s ]
[ info ] [ LOG ] INIT File
---------------------------------------------------------------
[ 2024-03-09T12:25:49+08:00 ] 10.50.50.2 GET espay.com/admin.php/user/user/index?sort=user.id&order=desc&offset=0&limit=10&filter=%7B%22loginip%22%3A%22119.181.196.252%22%7D&op=%7B%22loginip%22%3A%22%3D%22%7D&_=1709891889273
[运行时间：0.162678s] [吞吐率：6.15req/s] [内存消耗：4,804.79kb] [文件加载：155]
[ info ] [ BEHAVIOR ] Run Closure @app_init [ RunTime:0.000023s ]
[ info ] [ CACHE ] INIT redis
[ info ] [ BEHAVIOR ] Run Closure @app_init [ RunTime:0.007600s ]
[ info ] [ LANG ] /mnt/projects/espay/thinkphp/lang/zh-cn.php
[ info ] [ ROUTE ] array (
  'type' => 'module',
  'module' => 
  array (
    0 => 'admin',
    1 => 'user.user',
    2 => 'index',
  ),
)
[ info ] [ HEADER ] array (
  'cookie' => 'PHPSESSID=r0u4i3i29kvhjrb8kurkec08uv; keeplogin=1%7C86400%7C1709974436%7C2f8c8edab2b53473c0aaab017c754b5c; goeasyNode=6',
  'accept-language' => 'zh-CN,zh;q=0.9',
  'accept-encoding' => 'gzip, deflate',
  'referer' => 'http://espay.com/admin.php/user/user?addtabs=1',
  'content-type' => 'application/json',
  'user-agent' => 'Mozilla/5.0 (Windows NT 10.0; Win64; x64) AppleWebKit/537.36 (KHTML, like Gecko) Chrome/122.0.0.0 Safari/537.36',
  'x-requested-with' => 'XMLHttpRequest',
  'accept' => 'application/json, text/javascript, */*; q=0.01',
  'connection' => 'keep-alive',
  'host' => 'espay.com',
  'content-length' => '',
)
[ info ] [ PARAM ] array (
  'sort' => 'user.id',
  'order' => 'desc',
  'offset' => '0',
  'limit' => '10',
  'filter' => '{"loginip":"119.181.196.252"}',
  'op' => '{"loginip":"="}',
  '_' => '1709891889273',
)
[ info ] [ LANG ] /mnt/projects/espay/public/../application/admin/lang/zh-cn.php
[ info ] [ BEHAVIOR ] Run app\common\behavior\Common @module_init [ RunTime:0.002994s ]
[ info ] [ SESSION ] INIT array (
  'id' => '',
  'var_session_id' => '',
  'prefix' => 'think',
  'type' => '',
  'auto_start' => true,
)
[ info ] [ DB ] INIT mysql
[ info ] [ BEHAVIOR ] Run \addons\geetest\Geetest @config_init [ RunTime:0.000922s ]
[ info ] [ BEHAVIOR ] Run \addons\goeasy\Goeasy @config_init [ RunTime:0.001991s ]
[ info ] [ BEHAVIOR ] Run \addons\nkeditor\Nkeditor @config_init [ RunTime:0.001039s ]
[ info ] [ LANG ] /mnt/projects/espay/public/../application/admin/lang/zh-cn/user/user.php
[ info ] [ BEHAVIOR ] Run \addons\geetest\Geetest @action_begin [ RunTime:0.000046s ]
[ info ] [ RUN ] app\admin\controller\user\User->index[ /mnt/projects/espay/application/admin/controller/user/User.php ]
[ info ] [ BEHAVIOR ] Run app\admin\behavior\AdminLog @app_end [ RunTime:0.000828s ]
[ info ] [ BEHAVIOR ] Run \addons\loginvideo\Loginvideo @response_send [ RunTime:0.000857s ]
[ info ] [ LOG ] INIT File
---------------------------------------------------------------
[ 2024-03-09T12:45:38+08:00 ] 10.50.50.2 GET espay.com/admin.php/user/user/index?sort=user.id&order=desc&offset=0&limit=10&filter=%7B%22loginip%22%3A%22119.181.196.252%22%7D&op=%7B%22loginip%22%3A%22%3D%22%7D&_=1709891889274
[运行时间：0.163494s] [吞吐率：6.12req/s] [内存消耗：4,804.79kb] [文件加载：155]
[ info ] [ BEHAVIOR ] Run Closure @app_init [ RunTime:0.000028s ]
[ info ] [ CACHE ] INIT redis
[ info ] [ BEHAVIOR ] Run Closure @app_init [ RunTime:0.006693s ]
[ info ] [ LANG ] /mnt/projects/espay/thinkphp/lang/zh-cn.php
[ info ] [ ROUTE ] array (
  'type' => 'module',
  'module' => 
  array (
    0 => 'admin',
    1 => 'user.user',
    2 => 'index',
  ),
)
[ info ] [ HEADER ] array (
  'cookie' => 'PHPSESSID=r0u4i3i29kvhjrb8kurkec08uv; keeplogin=1%7C86400%7C1709974436%7C2f8c8edab2b53473c0aaab017c754b5c; goeasyNode=6',
  'accept-language' => 'zh-CN,zh;q=0.9',
  'accept-encoding' => 'gzip, deflate',
  'referer' => 'http://espay.com/admin.php/user/user?addtabs=1',
  'content-type' => 'application/json',
  'user-agent' => 'Mozilla/5.0 (Windows NT 10.0; Win64; x64) AppleWebKit/537.36 (KHTML, like Gecko) Chrome/122.0.0.0 Safari/537.36',
  'x-requested-with' => 'XMLHttpRequest',
  'accept' => 'application/json, text/javascript, */*; q=0.01',
  'connection' => 'keep-alive',
  'host' => 'espay.com',
  'content-length' => '',
)
[ info ] [ PARAM ] array (
  'sort' => 'user.id',
  'order' => 'desc',
  'offset' => '0',
  'limit' => '10',
  'filter' => '{"loginip":"119.181.196.252"}',
  'op' => '{"loginip":"="}',
  '_' => '1709891889274',
)
[ info ] [ LANG ] /mnt/projects/espay/public/../application/admin/lang/zh-cn.php
[ info ] [ BEHAVIOR ] Run app\common\behavior\Common @module_init [ RunTime:0.003913s ]
[ info ] [ SESSION ] INIT array (
  'id' => '',
  'var_session_id' => '',
  'prefix' => 'think',
  'type' => '',
  'auto_start' => true,
)
[ info ] [ DB ] INIT mysql
[ info ] [ BEHAVIOR ] Run \addons\geetest\Geetest @config_init [ RunTime:0.000709s ]
[ info ] [ BEHAVIOR ] Run \addons\goeasy\Goeasy @config_init [ RunTime:0.001483s ]
[ info ] [ BEHAVIOR ] Run \addons\nkeditor\Nkeditor @config_init [ RunTime:0.000530s ]
[ info ] [ LANG ] /mnt/projects/espay/public/../application/admin/lang/zh-cn/user/user.php
[ info ] [ BEHAVIOR ] Run \addons\geetest\Geetest @action_begin [ RunTime:0.000044s ]
[ info ] [ RUN ] app\admin\controller\user\User->index[ /mnt/projects/espay/application/admin/controller/user/User.php ]
[ info ] [ BEHAVIOR ] Run app\admin\behavior\AdminLog @app_end [ RunTime:0.000558s ]
[ info ] [ BEHAVIOR ] Run \addons\loginvideo\Loginvideo @response_send [ RunTime:0.000548s ]
[ info ] [ LOG ] INIT File
---------------------------------------------------------------
[ 2024-03-09T12:50:32+08:00 ] 10.50.50.2 GET espay.com/admin.php/user/auth/index?addtabs=1&sort=id&order=desc&offset=0&limit=10&filter=%7B%7D&op=%7B%7D&_=1709888167667
[运行时间：0.185532s] [吞吐率：5.39req/s] [内存消耗：4,808.83kb] [文件加载：156]
[ info ] [ BEHAVIOR ] Run Closure @app_init [ RunTime:0.000026s ]
[ info ] [ CACHE ] INIT redis
[ info ] [ BEHAVIOR ] Run Closure @app_init [ RunTime:0.008307s ]
[ info ] [ LANG ] /mnt/projects/espay/thinkphp/lang/zh-cn.php
[ info ] [ ROUTE ] array (
  'type' => 'module',
  'module' => 
  array (
    0 => 'admin',
    1 => 'user.auth',
    2 => 'index',
  ),
)
[ info ] [ HEADER ] array (
  'cookie' => 'PHPSESSID=r0u4i3i29kvhjrb8kurkec08uv; keeplogin=1%7C86400%7C1709974436%7C2f8c8edab2b53473c0aaab017c754b5c; goeasyNode=6',
  'accept-language' => 'zh-CN,zh;q=0.9',
  'accept-encoding' => 'gzip, deflate',
  'referer' => 'http://espay.com/admin.php/user/auth?addtabs=1',
  'content-type' => 'application/json',
  'user-agent' => 'Mozilla/5.0 (Windows NT 10.0; Win64; x64) AppleWebKit/537.36 (KHTML, like Gecko) Chrome/122.0.0.0 Safari/537.36',
  'x-requested-with' => 'XMLHttpRequest',
  'accept' => 'application/json, text/javascript, */*; q=0.01',
  'connection' => 'keep-alive',
  'host' => 'espay.com',
  'content-length' => '',
)
[ info ] [ PARAM ] array (
  'addtabs' => '1',
  'sort' => 'id',
  'order' => 'desc',
  'offset' => '0',
  'limit' => '10',
  'filter' => '{}',
  'op' => '{}',
  '_' => '1709888167667',
)
[ info ] [ LANG ] /mnt/projects/espay/public/../application/admin/lang/zh-cn.php
[ info ] [ BEHAVIOR ] Run app\common\behavior\Common @module_init [ RunTime:0.003096s ]
[ info ] [ SESSION ] INIT array (
  'id' => '',
  'var_session_id' => '',
  'prefix' => 'think',
  'type' => '',
  'auto_start' => true,
)
[ info ] [ DB ] INIT mysql
[ info ] [ BEHAVIOR ] Run \addons\geetest\Geetest @config_init [ RunTime:0.001164s ]
[ info ] [ BEHAVIOR ] Run \addons\goeasy\Goeasy @config_init [ RunTime:0.001803s ]
[ info ] [ BEHAVIOR ] Run \addons\nkeditor\Nkeditor @config_init [ RunTime:0.000597s ]
[ info ] [ LANG ] /mnt/projects/espay/public/../application/admin/lang/zh-cn/user/auth.php
[ info ] [ BEHAVIOR ] Run \addons\geetest\Geetest @action_begin [ RunTime:0.000039s ]
[ info ] [ RUN ] app\admin\controller\user\Auth->index[ /mnt/projects/espay/application/admin/controller/user/Auth.php ]
[ info ] [ BEHAVIOR ] Run app\admin\behavior\AdminLog @app_end [ RunTime:0.000654s ]
[ info ] [ BEHAVIOR ] Run \addons\loginvideo\Loginvideo @response_send [ RunTime:0.000689s ]
[ info ] [ LOG ] INIT File
---------------------------------------------------------------
[ 2024-03-09T12:50:34+08:00 ] 10.50.50.2 GET espay.com/admin.php/user/auth/index?addtabs=1&sort=id&order=desc&offset=0&limit=10&filter=%7B%22status%22%3A%221%22%7D&op=%7B%22status%22%3A%22%3D%22%7D&_=1709888167668
[运行时间：0.171771s] [吞吐率：5.82req/s] [内存消耗：4,814.83kb] [文件加载：156]
[ info ] [ BEHAVIOR ] Run Closure @app_init [ RunTime:0.000024s ]
[ info ] [ CACHE ] INIT redis
[ info ] [ BEHAVIOR ] Run Closure @app_init [ RunTime:0.007647s ]
[ info ] [ LANG ] /mnt/projects/espay/thinkphp/lang/zh-cn.php
[ info ] [ ROUTE ] array (
  'type' => 'module',
  'module' => 
  array (
    0 => 'admin',
    1 => 'user.auth',
    2 => 'index',
  ),
)
[ info ] [ HEADER ] array (
  'cookie' => 'PHPSESSID=r0u4i3i29kvhjrb8kurkec08uv; keeplogin=1%7C86400%7C1709974436%7C2f8c8edab2b53473c0aaab017c754b5c; goeasyNode=6',
  'accept-language' => 'zh-CN,zh;q=0.9',
  'accept-encoding' => 'gzip, deflate',
  'referer' => 'http://espay.com/admin.php/user/auth?addtabs=1',
  'content-type' => 'application/json',
  'user-agent' => 'Mozilla/5.0 (Windows NT 10.0; Win64; x64) AppleWebKit/537.36 (KHTML, like Gecko) Chrome/122.0.0.0 Safari/537.36',
  'x-requested-with' => 'XMLHttpRequest',
  'accept' => 'application/json, text/javascript, */*; q=0.01',
  'connection' => 'keep-alive',
  'host' => 'espay.com',
  'content-length' => '',
)
[ info ] [ PARAM ] array (
  'addtabs' => '1',
  'sort' => 'id',
  'order' => 'desc',
  'offset' => '0',
  'limit' => '10',
  'filter' => '{"status":"1"}',
  'op' => '{"status":"="}',
  '_' => '1709888167668',
)
[ info ] [ LANG ] /mnt/projects/espay/public/../application/admin/lang/zh-cn.php
[ info ] [ BEHAVIOR ] Run app\common\behavior\Common @module_init [ RunTime:0.003190s ]
[ info ] [ SESSION ] INIT array (
  'id' => '',
  'var_session_id' => '',
  'prefix' => 'think',
  'type' => '',
  'auto_start' => true,
)
[ info ] [ DB ] INIT mysql
[ info ] [ BEHAVIOR ] Run \addons\geetest\Geetest @config_init [ RunTime:0.001519s ]
[ info ] [ BEHAVIOR ] Run \addons\goeasy\Goeasy @config_init [ RunTime:0.002151s ]
[ info ] [ BEHAVIOR ] Run \addons\nkeditor\Nkeditor @config_init [ RunTime:0.000567s ]
[ info ] [ LANG ] /mnt/projects/espay/public/../application/admin/lang/zh-cn/user/auth.php
[ info ] [ BEHAVIOR ] Run \addons\geetest\Geetest @action_begin [ RunTime:0.000045s ]
[ info ] [ RUN ] app\admin\controller\user\Auth->index[ /mnt/projects/espay/application/admin/controller/user/Auth.php ]
[ info ] [ BEHAVIOR ] Run app\admin\behavior\AdminLog @app_end [ RunTime:0.000882s ]
[ info ] [ BEHAVIOR ] Run \addons\loginvideo\Loginvideo @response_send [ RunTime:0.000754s ]
[ info ] [ LOG ] INIT File
---------------------------------------------------------------
[ 2024-03-09T12:50:35+08:00 ] 10.50.50.2 GET espay.com/admin.php/user/auth/index?addtabs=1&sort=id&order=desc&offset=0&limit=10&filter=%7B%22status%22%3A%222%22%7D&op=%7B%22status%22%3A%22%3D%22%7D&_=1709888167669
[运行时间：0.173663s] [吞吐率：5.76req/s] [内存消耗：4,814.83kb] [文件加载：156]
[ info ] [ BEHAVIOR ] Run Closure @app_init [ RunTime:0.000149s ]
[ info ] [ CACHE ] INIT redis
[ info ] [ BEHAVIOR ] Run Closure @app_init [ RunTime:0.009031s ]
[ info ] [ LANG ] /mnt/projects/espay/thinkphp/lang/zh-cn.php
[ info ] [ ROUTE ] array (
  'type' => 'module',
  'module' => 
  array (
    0 => 'admin',
    1 => 'user.auth',
    2 => 'index',
  ),
)
[ info ] [ HEADER ] array (
  'cookie' => 'PHPSESSID=r0u4i3i29kvhjrb8kurkec08uv; keeplogin=1%7C86400%7C1709974436%7C2f8c8edab2b53473c0aaab017c754b5c; goeasyNode=6',
  'accept-language' => 'zh-CN,zh;q=0.9',
  'accept-encoding' => 'gzip, deflate',
  'referer' => 'http://espay.com/admin.php/user/auth?addtabs=1',
  'content-type' => 'application/json',
  'user-agent' => 'Mozilla/5.0 (Windows NT 10.0; Win64; x64) AppleWebKit/537.36 (KHTML, like Gecko) Chrome/122.0.0.0 Safari/537.36',
  'x-requested-with' => 'XMLHttpRequest',
  'accept' => 'application/json, text/javascript, */*; q=0.01',
  'connection' => 'keep-alive',
  'host' => 'espay.com',
  'content-length' => '',
)
[ info ] [ PARAM ] array (
  'addtabs' => '1',
  'sort' => 'id',
  'order' => 'desc',
  'offset' => '0',
  'limit' => '10',
  'filter' => '{"status":"2"}',
  'op' => '{"status":"="}',
  '_' => '1709888167669',
)
[ info ] [ LANG ] /mnt/projects/espay/public/../application/admin/lang/zh-cn.php
[ info ] [ BEHAVIOR ] Run app\common\behavior\Common @module_init [ RunTime:0.004207s ]
[ info ] [ SESSION ] INIT array (
  'id' => '',
  'var_session_id' => '',
  'prefix' => 'think',
  'type' => '',
  'auto_start' => true,
)
[ info ] [ DB ] INIT mysql
[ info ] [ BEHAVIOR ] Run \addons\geetest\Geetest @config_init [ RunTime:0.000582s ]
[ info ] [ BEHAVIOR ] Run \addons\goeasy\Goeasy @config_init [ RunTime:0.002417s ]
[ info ] [ BEHAVIOR ] Run \addons\nkeditor\Nkeditor @config_init [ RunTime:0.000643s ]
[ info ] [ LANG ] /mnt/projects/espay/public/../application/admin/lang/zh-cn/user/auth.php
[ info ] [ BEHAVIOR ] Run \addons\geetest\Geetest @action_begin [ RunTime:0.000062s ]
[ info ] [ RUN ] app\admin\controller\user\Auth->index[ /mnt/projects/espay/application/admin/controller/user/Auth.php ]
[ info ] [ BEHAVIOR ] Run app\admin\behavior\AdminLog @app_end [ RunTime:0.000569s ]
[ info ] [ BEHAVIOR ] Run \addons\loginvideo\Loginvideo @response_send [ RunTime:0.000533s ]
[ info ] [ LOG ] INIT File
---------------------------------------------------------------
[ 2024-03-09T12:50:37+08:00 ] 10.50.50.2 GET espay.com/admin.php/user/auth/index?addtabs=1&sort=id&order=desc&offset=0&limit=10&filter=%7B%22status%22%3A%221%22%7D&op=%7B%22status%22%3A%22%3D%22%7D&_=1709888167670
[运行时间：0.187194s] [吞吐率：5.34req/s] [内存消耗：4,814.83kb] [文件加载：156]
[ info ] [ BEHAVIOR ] Run Closure @app_init [ RunTime:0.000036s ]
[ info ] [ CACHE ] INIT redis
[ info ] [ BEHAVIOR ] Run Closure @app_init [ RunTime:0.011114s ]
[ info ] [ LANG ] /mnt/projects/espay/thinkphp/lang/zh-cn.php
[ info ] [ ROUTE ] array (
  'type' => 'module',
  'module' => 
  array (
    0 => 'admin',
    1 => 'user.auth',
    2 => 'index',
  ),
)
[ info ] [ HEADER ] array (
  'cookie' => 'PHPSESSID=r0u4i3i29kvhjrb8kurkec08uv; keeplogin=1%7C86400%7C1709974436%7C2f8c8edab2b53473c0aaab017c754b5c; goeasyNode=6',
  'accept-language' => 'zh-CN,zh;q=0.9',
  'accept-encoding' => 'gzip, deflate',
  'referer' => 'http://espay.com/admin.php/user/auth?addtabs=1',
  'content-type' => 'application/json',
  'user-agent' => 'Mozilla/5.0 (Windows NT 10.0; Win64; x64) AppleWebKit/537.36 (KHTML, like Gecko) Chrome/122.0.0.0 Safari/537.36',
  'x-requested-with' => 'XMLHttpRequest',
  'accept' => 'application/json, text/javascript, */*; q=0.01',
  'connection' => 'keep-alive',
  'host' => 'espay.com',
  'content-length' => '',
)
[ info ] [ PARAM ] array (
  'addtabs' => '1',
  'sort' => 'id',
  'order' => 'desc',
  'offset' => '0',
  'limit' => '10',
  'filter' => '{"status":"1"}',
  'op' => '{"status":"="}',
  '_' => '1709888167670',
)
[ info ] [ LANG ] /mnt/projects/espay/public/../application/admin/lang/zh-cn.php
[ info ] [ BEHAVIOR ] Run app\common\behavior\Common @module_init [ RunTime:0.003782s ]
[ info ] [ SESSION ] INIT array (
  'id' => '',
  'var_session_id' => '',
  'prefix' => 'think',
  'type' => '',
  'auto_start' => true,
)
[ info ] [ DB ] INIT mysql
[ info ] [ BEHAVIOR ] Run \addons\geetest\Geetest @config_init [ RunTime:0.001646s ]
[ info ] [ BEHAVIOR ] Run \addons\goeasy\Goeasy @config_init [ RunTime:0.003363s ]
[ info ] [ BEHAVIOR ] Run \addons\nkeditor\Nkeditor @config_init [ RunTime:0.001476s ]
[ info ] [ LANG ] /mnt/projects/espay/public/../application/admin/lang/zh-cn/user/auth.php
[ info ] [ BEHAVIOR ] Run \addons\geetest\Geetest @action_begin [ RunTime:0.000059s ]
[ info ] [ RUN ] app\admin\controller\user\Auth->index[ /mnt/projects/espay/application/admin/controller/user/Auth.php ]
[ info ] [ BEHAVIOR ] Run app\admin\behavior\AdminLog @app_end [ RunTime:0.000581s ]
[ info ] [ BEHAVIOR ] Run \addons\loginvideo\Loginvideo @response_send [ RunTime:0.000591s ]
[ info ] [ LOG ] INIT File
---------------------------------------------------------------
[ 2024-03-09T12:50:38+08:00 ] 10.50.50.2 GET espay.com/admin.php/user/auth/index?addtabs=1&sort=id&order=desc&offset=0&limit=10&filter=%7B%22status%22%3A%220%22%7D&op=%7B%22status%22%3A%22%3D%22%7D&_=1709888167671
[运行时间：0.164246s] [吞吐率：6.09req/s] [内存消耗：4,814.83kb] [文件加载：156]
[ info ] [ BEHAVIOR ] Run Closure @app_init [ RunTime:0.000023s ]
[ info ] [ CACHE ] INIT redis
[ info ] [ BEHAVIOR ] Run Closure @app_init [ RunTime:0.006679s ]
[ info ] [ LANG ] /mnt/projects/espay/thinkphp/lang/zh-cn.php
[ info ] [ ROUTE ] array (
  'type' => 'module',
  'module' => 
  array (
    0 => 'admin',
    1 => 'user.auth',
    2 => 'index',
  ),
)
[ info ] [ HEADER ] array (
  'cookie' => 'PHPSESSID=r0u4i3i29kvhjrb8kurkec08uv; keeplogin=1%7C86400%7C1709974436%7C2f8c8edab2b53473c0aaab017c754b5c; goeasyNode=6',
  'accept-language' => 'zh-CN,zh;q=0.9',
  'accept-encoding' => 'gzip, deflate',
  'referer' => 'http://espay.com/admin.php/user/auth?addtabs=1',
  'content-type' => 'application/json',
  'user-agent' => 'Mozilla/5.0 (Windows NT 10.0; Win64; x64) AppleWebKit/537.36 (KHTML, like Gecko) Chrome/122.0.0.0 Safari/537.36',
  'x-requested-with' => 'XMLHttpRequest',
  'accept' => 'application/json, text/javascript, */*; q=0.01',
  'connection' => 'keep-alive',
  'host' => 'espay.com',
  'content-length' => '',
)
[ info ] [ PARAM ] array (
  'addtabs' => '1',
  'sort' => 'id',
  'order' => 'desc',
  'offset' => '0',
  'limit' => '10',
  'filter' => '{"status":"0"}',
  'op' => '{"status":"="}',
  '_' => '1709888167671',
)
[ info ] [ LANG ] /mnt/projects/espay/public/../application/admin/lang/zh-cn.php
[ info ] [ BEHAVIOR ] Run app\common\behavior\Common @module_init [ RunTime:0.002912s ]
[ info ] [ SESSION ] INIT array (
  'id' => '',
  'var_session_id' => '',
  'prefix' => 'think',
  'type' => '',
  'auto_start' => true,
)
[ info ] [ DB ] INIT mysql
[ info ] [ BEHAVIOR ] Run \addons\geetest\Geetest @config_init [ RunTime:0.001229s ]
[ info ] [ BEHAVIOR ] Run \addons\goeasy\Goeasy @config_init [ RunTime:0.003390s ]
[ info ] [ BEHAVIOR ] Run \addons\nkeditor\Nkeditor @config_init [ RunTime:0.001303s ]
[ info ] [ LANG ] /mnt/projects/espay/public/../application/admin/lang/zh-cn/user/auth.php
[ info ] [ BEHAVIOR ] Run \addons\geetest\Geetest @action_begin [ RunTime:0.000089s ]
[ info ] [ RUN ] app\admin\controller\user\Auth->index[ /mnt/projects/espay/application/admin/controller/user/Auth.php ]
[ info ] [ BEHAVIOR ] Run app\admin\behavior\AdminLog @app_end [ RunTime:0.000899s ]
[ info ] [ BEHAVIOR ] Run \addons\loginvideo\Loginvideo @response_send [ RunTime:0.001397s ]
[ info ] [ LOG ] INIT File
---------------------------------------------------------------
[ 2024-03-09T12:50:38+08:00 ] 10.50.50.2 GET espay.com/admin.php/user/auth/index?addtabs=1&sort=id&order=desc&offset=0&limit=10&filter=%7B%7D&op=%7B%7D&_=1709888167672
[运行时间：0.150172s] [吞吐率：6.66req/s] [内存消耗：4,808.83kb] [文件加载：156]
[ info ] [ BEHAVIOR ] Run Closure @app_init [ RunTime:0.000026s ]
[ info ] [ CACHE ] INIT redis
[ info ] [ BEHAVIOR ] Run Closure @app_init [ RunTime:0.007594s ]
[ info ] [ LANG ] /mnt/projects/espay/thinkphp/lang/zh-cn.php
[ info ] [ ROUTE ] array (
  'type' => 'module',
  'module' => 
  array (
    0 => 'admin',
    1 => 'user.auth',
    2 => 'index',
  ),
)
[ info ] [ HEADER ] array (
  'cookie' => 'PHPSESSID=r0u4i3i29kvhjrb8kurkec08uv; keeplogin=1%7C86400%7C1709974436%7C2f8c8edab2b53473c0aaab017c754b5c; goeasyNode=6',
  'accept-language' => 'zh-CN,zh;q=0.9',
  'accept-encoding' => 'gzip, deflate',
  'referer' => 'http://espay.com/admin.php/user/auth?addtabs=1',
  'content-type' => 'application/json',
  'user-agent' => 'Mozilla/5.0 (Windows NT 10.0; Win64; x64) AppleWebKit/537.36 (KHTML, like Gecko) Chrome/122.0.0.0 Safari/537.36',
  'x-requested-with' => 'XMLHttpRequest',
  'accept' => 'application/json, text/javascript, */*; q=0.01',
  'connection' => 'keep-alive',
  'host' => 'espay.com',
  'content-length' => '',
)
[ info ] [ PARAM ] array (
  'addtabs' => '1',
  'sort' => 'id',
  'order' => 'desc',
  'offset' => '0',
  'limit' => '10',
  'filter' => '{}',
  'op' => '{}',
  '_' => '1709888167672',
)
[ info ] [ LANG ] /mnt/projects/espay/public/../application/admin/lang/zh-cn.php
[ info ] [ BEHAVIOR ] Run app\common\behavior\Common @module_init [ RunTime:0.002935s ]
[ info ] [ SESSION ] INIT array (
  'id' => '',
  'var_session_id' => '',
  'prefix' => 'think',
  'type' => '',
  'auto_start' => true,
)
[ info ] [ DB ] INIT mysql
[ info ] [ BEHAVIOR ] Run \addons\geetest\Geetest @config_init [ RunTime:0.000970s ]
[ info ] [ BEHAVIOR ] Run \addons\goeasy\Goeasy @config_init [ RunTime:0.002278s ]
[ info ] [ BEHAVIOR ] Run \addons\nkeditor\Nkeditor @config_init [ RunTime:0.000506s ]
[ info ] [ LANG ] /mnt/projects/espay/public/../application/admin/lang/zh-cn/user/auth.php
[ info ] [ BEHAVIOR ] Run \addons\geetest\Geetest @action_begin [ RunTime:0.000041s ]
[ info ] [ RUN ] app\admin\controller\user\Auth->index[ /mnt/projects/espay/application/admin/controller/user/Auth.php ]
[ info ] [ BEHAVIOR ] Run app\admin\behavior\AdminLog @app_end [ RunTime:0.000836s ]
[ info ] [ BEHAVIOR ] Run \addons\loginvideo\Loginvideo @response_send [ RunTime:0.000729s ]
[ info ] [ LOG ] INIT File
