---------------------------------------------------------------
[ 2024-03-11T09:32:23+08:00 ] 10.50.50.2 GET espay.com/admin.php/user/auth?ref=addtabs
[运行时间：0.178837s] [吞吐率：5.59req/s] [内存消耗：4,212.23kb] [文件加载：143]
[ info ] [ BEHAVIOR ] Run Closure @app_init [ RunTime:0.000057s ]
[ info ] [ CACHE ] INIT redis
[ info ] [ BEHAVIOR ] Run Closure @app_init [ RunTime:0.011212s ]
[ info ] [ LANG ] /mnt/projects/espay/thinkphp/lang/zh-cn.php
[ info ] [ ROUTE ] array (
  'type' => 'module',
  'module' => 
  array (
    0 => 'admin',
    1 => 'user.auth',
    2 => NULL,
  ),
)
[ info ] [ HEADER ] array (
  'cookie' => 'PHPSESSID=r0u4i3i29kvhjrb8kurkec08uv; keeplogin=1%7C86400%7C1709974436%7C2f8c8edab2b53473c0aaab017c754b5c; goeasyNode=6',
  'accept-language' => 'zh-CN,zh;q=0.9',
  'accept-encoding' => 'gzip, deflate',
  'referer' => 'http://espay.com/admin.php/index/login?url=%2Fadmin.php',
  'accept' => 'text/html,application/xhtml+xml,application/xml;q=0.9,image/avif,image/webp,image/apng,*/*;q=0.8,application/signed-exchange;v=b3;q=0.7',
  'user-agent' => 'Mozilla/5.0 (Windows NT 10.0; Win64; x64) AppleWebKit/537.36 (KHTML, like Gecko) Chrome/122.0.0.0 Safari/537.36',
  'upgrade-insecure-requests' => '1',
  'cache-control' => 'max-age=0',
  'connection' => 'keep-alive',
  'host' => 'espay.com',
  'content-length' => '',
  'content-type' => '',
)
[ info ] [ PARAM ] array (
  'ref' => 'addtabs',
)
[ info ] [ LANG ] /mnt/projects/espay/public/../application/admin/lang/zh-cn.php
[ info ] [ BEHAVIOR ] Run app\common\behavior\Common @module_init [ RunTime:0.004226s ]
[ info ] [ SESSION ] INIT array (
  'id' => '',
  'var_session_id' => '',
  'prefix' => 'think',
  'type' => '',
  'auto_start' => true,
)
[ info ] [ DB ] INIT mysql
[ info ] [ BEHAVIOR ] Run app\admin\behavior\AdminLog @app_end [ RunTime:0.000668s ]
[ info ] [ BEHAVIOR ] Run \addons\loginvideo\Loginvideo @response_send [ RunTime:0.001395s ]
[ info ] [ LOG ] INIT File
---------------------------------------------------------------
[ 2024-03-11T09:32:23+08:00 ] 10.50.50.2 GET espay.com/admin.php/index/index
[运行时间：0.226529s] [吞吐率：4.41req/s] [内存消耗：4,856.10kb] [文件加载：162]
[ info ] [ BEHAVIOR ] Run Closure @app_init [ RunTime:0.000028s ]
[ info ] [ CACHE ] INIT redis
[ info ] [ BEHAVIOR ] Run Closure @app_init [ RunTime:0.008316s ]
[ info ] [ LANG ] /mnt/projects/espay/thinkphp/lang/zh-cn.php
[ info ] [ ROUTE ] array (
  'type' => 'module',
  'module' => 
  array (
    0 => 'admin',
    1 => 'index',
    2 => 'index',
  ),
)
[ info ] [ HEADER ] array (
  'cookie' => 'goeasyNode=3; PHPSESSID=r0u4i3i29kvhjrb8kurkec08uv; keeplogin=1%7C86400%7C1709974436%7C2f8c8edab2b53473c0aaab017c754b5c; goeasyNode=6',
  'accept-language' => 'zh-CN,zh;q=0.9',
  'accept-encoding' => 'gzip, deflate',
  'referer' => 'http://espay.com/admin.php/index/login?url=%2Fadmin.php',
  'accept' => 'text/html,application/xhtml+xml,application/xml;q=0.9,image/avif,image/webp,image/apng,*/*;q=0.8,application/signed-exchange;v=b3;q=0.7',
  'user-agent' => 'Mozilla/5.0 (Windows NT 10.0; Win64; x64) AppleWebKit/537.36 (KHTML, like Gecko) Chrome/122.0.0.0 Safari/537.36',
  'upgrade-insecure-requests' => '1',
  'cache-control' => 'max-age=0',
  'connection' => 'keep-alive',
  'host' => 'espay.com',
  'content-length' => '',
  'content-type' => '',
)
[ info ] [ PARAM ] array (
)
[ info ] [ LANG ] /mnt/projects/espay/public/../application/admin/lang/zh-cn.php
[ info ] [ BEHAVIOR ] Run app\common\behavior\Common @module_init [ RunTime:0.002905s ]
[ info ] [ SESSION ] INIT array (
  'id' => '',
  'var_session_id' => '',
  'prefix' => 'think',
  'type' => '',
  'auto_start' => true,
)
[ info ] [ BEHAVIOR ] Run \addons\geetest\Geetest @config_init [ RunTime:0.001007s ]
[ info ] [ BEHAVIOR ] Run \addons\goeasy\Goeasy @config_init [ RunTime:0.002307s ]
[ info ] [ BEHAVIOR ] Run \addons\nkeditor\Nkeditor @config_init [ RunTime:0.001003s ]
[ info ] [ LANG ] /mnt/projects/espay/public/../application/admin/lang/zh-cn/index.php
[ info ] [ BEHAVIOR ] Run \addons\geetest\Geetest @action_begin [ RunTime:0.000054s ]
[ info ] [ RUN ] app\admin\controller\Index->index[ /mnt/projects/espay/application/admin/controller/Index.php ]
[ info ] [ DB ] INIT mysql
[ info ] [ VIEW ] /mnt/projects/espay/public/../application/admin/view/index/index.html [ array (
  0 => 'breadcrumb',
  1 => 'site',
  2 => 'config',
  3 => 'auth',
  4 => 'admin',
  5 => 'menulist',
  6 => 'navlist',
  7 => 'fixedmenu',
  8 => 'referermenu',
  9 => 'title',
) ]
[ info ] [ BEHAVIOR ] Run app\admin\behavior\AdminLog @app_end [ RunTime:0.000503s ]
[ info ] [ BEHAVIOR ] Run \addons\loginvideo\Loginvideo @response_send [ RunTime:0.000502s ]
[ info ] [ LOG ] INIT File
---------------------------------------------------------------
[ 2024-03-11T09:32:24+08:00 ] 10.50.50.2 GET espay.com/admin.php/dashboard?addtabs=1
[运行时间：0.250901s] [吞吐率：3.99req/s] [内存消耗：4,781.16kb] [文件加载：154]
[ info ] [ BEHAVIOR ] Run Closure @app_init [ RunTime:0.000024s ]
[ info ] [ CACHE ] INIT redis
[ info ] [ BEHAVIOR ] Run Closure @app_init [ RunTime:0.013487s ]
[ info ] [ LANG ] /mnt/projects/espay/thinkphp/lang/zh-cn.php
[ info ] [ ROUTE ] array (
  'type' => 'module',
  'module' => 
  array (
    0 => 'admin',
    1 => 'dashboard',
    2 => NULL,
  ),
)
[ info ] [ HEADER ] array (
  'cookie' => 'PHPSESSID=r0u4i3i29kvhjrb8kurkec08uv; keeplogin=1%7C86400%7C1709974436%7C2f8c8edab2b53473c0aaab017c754b5c; goeasyNode=6',
  'accept-language' => 'zh-CN,zh;q=0.9',
  'accept-encoding' => 'gzip, deflate',
  'referer' => 'http://espay.com/admin.php/index/index',
  'accept' => 'text/html,application/xhtml+xml,application/xml;q=0.9,image/avif,image/webp,image/apng,*/*;q=0.8,application/signed-exchange;v=b3;q=0.7',
  'user-agent' => 'Mozilla/5.0 (Windows NT 10.0; Win64; x64) AppleWebKit/537.36 (KHTML, like Gecko) Chrome/122.0.0.0 Safari/537.36',
  'upgrade-insecure-requests' => '1',
  'connection' => 'keep-alive',
  'host' => 'espay.com',
  'content-length' => '',
  'content-type' => '',
)
[ info ] [ PARAM ] array (
  'addtabs' => '1',
)
[ info ] [ LANG ] /mnt/projects/espay/public/../application/admin/lang/zh-cn.php
[ info ] [ BEHAVIOR ] Run app\common\behavior\Common @module_init [ RunTime:0.005784s ]
[ info ] [ SESSION ] INIT array (
  'id' => '',
  'var_session_id' => '',
  'prefix' => 'think',
  'type' => '',
  'auto_start' => true,
)
[ info ] [ DB ] INIT mysql
[ info ] [ BEHAVIOR ] Run \addons\geetest\Geetest @config_init [ RunTime:0.000943s ]
[ info ] [ BEHAVIOR ] Run \addons\goeasy\Goeasy @config_init [ RunTime:0.002481s ]
[ info ] [ BEHAVIOR ] Run \addons\nkeditor\Nkeditor @config_init [ RunTime:0.000684s ]
[ info ] [ LANG ] /mnt/projects/espay/public/../application/admin/lang/zh-cn/dashboard.php
[ info ] [ BEHAVIOR ] Run \addons\geetest\Geetest @action_begin [ RunTime:0.000041s ]
[ info ] [ RUN ] app\admin\controller\Dashboard->index[ /mnt/projects/espay/application/admin/controller/Dashboard.php ]
[ info ] [ VIEW ] /mnt/projects/espay/public/../application/admin/view/dashboard/index.html [ array (
  0 => 'breadcrumb',
  1 => 'site',
  2 => 'config',
  3 => 'auth',
  4 => 'admin',
  5 => 'totalUser',
  6 => 'totalAgent',
  7 => 'totalOrder',
  8 => 'totalOrderAmount',
  9 => 'todayOrderCount',
  10 => 'todaySuccOrderCount',
  11 => 'todayMoney',
  12 => 'todayExpendMoney',
  13 => 'allOrderCount',
  14 => 'allMoney',
  15 => 'allExpendMoney',
  16 => 'totalviews',
  17 => 'todayuserlogin',
  18 => 'todayusersignup',
  19 => 'todayorder',
  20 => 'unsettleorder',
  21 => 'sevendnu',
  22 => 'sevendau',
  23 => 'paylist',
  24 => 'createlist',
  25 => 'addonversion',
  26 => 'uploadmode',
) ]
[ info ] [ BEHAVIOR ] Run app\admin\behavior\AdminLog @app_end [ RunTime:0.000626s ]
[ info ] [ BEHAVIOR ] Run \addons\loginvideo\Loginvideo @response_send [ RunTime:0.000664s ]
[ info ] [ LOG ] INIT File
---------------------------------------------------------------
[ 2024-03-11T09:32:24+08:00 ] 10.50.50.2 GET espay.com/admin.php/user/auth?addtabs=1
[运行时间：0.304544s] [吞吐率：3.28req/s] [内存消耗：4,582.75kb] [文件加载：151]
[ info ] [ BEHAVIOR ] Run Closure @app_init [ RunTime:0.000041s ]
[ info ] [ CACHE ] INIT redis
[ info ] [ BEHAVIOR ] Run Closure @app_init [ RunTime:0.016586s ]
[ info ] [ LANG ] /mnt/projects/espay/thinkphp/lang/zh-cn.php
[ info ] [ ROUTE ] array (
  'type' => 'module',
  'module' => 
  array (
    0 => 'admin',
    1 => 'user.auth',
    2 => NULL,
  ),
)
[ info ] [ HEADER ] array (
  'cookie' => 'PHPSESSID=r0u4i3i29kvhjrb8kurkec08uv; keeplogin=1%7C86400%7C1709974436%7C2f8c8edab2b53473c0aaab017c754b5c; goeasyNode=6',
  'accept-language' => 'zh-CN,zh;q=0.9',
  'accept-encoding' => 'gzip, deflate',
  'referer' => 'http://espay.com/admin.php/index/index',
  'accept' => 'text/html,application/xhtml+xml,application/xml;q=0.9,image/avif,image/webp,image/apng,*/*;q=0.8,application/signed-exchange;v=b3;q=0.7',
  'user-agent' => 'Mozilla/5.0 (Windows NT 10.0; Win64; x64) AppleWebKit/537.36 (KHTML, like Gecko) Chrome/122.0.0.0 Safari/537.36',
  'upgrade-insecure-requests' => '1',
  'connection' => 'keep-alive',
  'host' => 'espay.com',
  'content-length' => '',
  'content-type' => '',
)
[ info ] [ PARAM ] array (
  'addtabs' => '1',
)
[ info ] [ LANG ] /mnt/projects/espay/public/../application/admin/lang/zh-cn.php
[ info ] [ BEHAVIOR ] Run app\common\behavior\Common @module_init [ RunTime:0.007701s ]
[ info ] [ SESSION ] INIT array (
  'id' => '',
  'var_session_id' => '',
  'prefix' => 'think',
  'type' => '',
  'auto_start' => true,
)
[ info ] [ DB ] INIT mysql
[ info ] [ BEHAVIOR ] Run \addons\geetest\Geetest @config_init [ RunTime:0.001144s ]
[ info ] [ BEHAVIOR ] Run \addons\goeasy\Goeasy @config_init [ RunTime:0.002325s ]
[ info ] [ BEHAVIOR ] Run \addons\nkeditor\Nkeditor @config_init [ RunTime:0.001016s ]
[ info ] [ LANG ] /mnt/projects/espay/public/../application/admin/lang/zh-cn/user/auth.php
[ info ] [ BEHAVIOR ] Run \addons\geetest\Geetest @action_begin [ RunTime:0.000057s ]
[ info ] [ RUN ] app\admin\controller\user\Auth->index[ /mnt/projects/espay/application/admin/controller/user/Auth.php ]
[ info ] [ VIEW ] /mnt/projects/espay/public/../application/admin/view/user/auth/index.html [ array (
  0 => 'breadcrumb',
  1 => 'site',
  2 => 'config',
  3 => 'auth',
  4 => 'admin',
  5 => 'statusList',
) ]
[ info ] [ BEHAVIOR ] Run app\admin\behavior\AdminLog @app_end [ RunTime:0.000798s ]
[ info ] [ BEHAVIOR ] Run \addons\loginvideo\Loginvideo @response_send [ RunTime:0.001171s ]
[ info ] [ LOG ] INIT File
---------------------------------------------------------------
[ 2024-03-11T09:32:24+08:00 ] 10.50.50.2 GET espay.com/admin.php/ajax/lang?callback=define&controllername=index&v=1710120743
[运行时间：0.244117s] [吞吐率：4.10req/s] [内存消耗：3,642.93kb] [文件加载：143]
[ info ] [ BEHAVIOR ] Run Closure @app_init [ RunTime:0.000074s ]
[ info ] [ CACHE ] INIT redis
[ info ] [ BEHAVIOR ] Run Closure @app_init [ RunTime:0.013719s ]
[ info ] [ LANG ] /mnt/projects/espay/thinkphp/lang/zh-cn.php
[ info ] [ ROUTE ] array (
  'type' => 'module',
  'module' => 
  array (
    0 => 'admin',
    1 => 'ajax',
    2 => 'lang',
  ),
)
[ info ] [ HEADER ] array (
  'cookie' => 'PHPSESSID=r0u4i3i29kvhjrb8kurkec08uv; keeplogin=1%7C86400%7C1709974436%7C2f8c8edab2b53473c0aaab017c754b5c; goeasyNode=6',
  'accept-language' => 'zh-CN,zh;q=0.9',
  'accept-encoding' => 'gzip, deflate',
  'referer' => 'http://espay.com/admin.php/index/index',
  'accept' => '*/*',
  'user-agent' => 'Mozilla/5.0 (Windows NT 10.0; Win64; x64) AppleWebKit/537.36 (KHTML, like Gecko) Chrome/122.0.0.0 Safari/537.36',
  'connection' => 'keep-alive',
  'host' => 'espay.com',
  'content-length' => '',
  'content-type' => '',
)
[ info ] [ PARAM ] array (
  'callback' => 'define',
  'controllername' => 'index',
  'v' => '1710120743',
)
[ info ] [ LANG ] /mnt/projects/espay/public/../application/admin/lang/zh-cn.php
[ info ] [ BEHAVIOR ] Run app\common\behavior\Common @module_init [ RunTime:0.003609s ]
[ info ] [ SESSION ] INIT array (
  'id' => '',
  'var_session_id' => '',
  'prefix' => 'think',
  'type' => '',
  'auto_start' => true,
)
[ info ] [ BEHAVIOR ] Run \addons\geetest\Geetest @config_init [ RunTime:0.000941s ]
[ info ] [ BEHAVIOR ] Run \addons\goeasy\Goeasy @config_init [ RunTime:0.001520s ]
[ info ] [ BEHAVIOR ] Run \addons\nkeditor\Nkeditor @config_init [ RunTime:0.000540s ]
[ info ] [ LANG ] /mnt/projects/espay/public/../application/admin/lang/zh-cn/ajax.php
[ info ] [ BEHAVIOR ] Run \addons\geetest\Geetest @action_begin [ RunTime:0.000090s ]
[ info ] [ RUN ] app\admin\controller\Ajax->lang[ /mnt/projects/espay/application/admin/controller/Ajax.php ]
[ info ] [ LANG ] /mnt/projects/espay/public/../application/admin/lang/zh-cn/index.php
[ info ] [ BEHAVIOR ] Run app\admin\behavior\AdminLog @app_end [ RunTime:0.000659s ]
[ info ] [ BEHAVIOR ] Run \addons\loginvideo\Loginvideo @response_send [ RunTime:0.000709s ]
[ info ] [ LOG ] INIT File
---------------------------------------------------------------
[ 2024-03-11T09:32:24+08:00 ] 10.50.50.2 GET espay.com/admin.php/ajax/lang?callback=define&controllername=user.auth&v=1710120744
[运行时间：0.193346s] [吞吐率：5.17req/s] [内存消耗：3,641.37kb] [文件加载：143]
[ info ] [ BEHAVIOR ] Run Closure @app_init [ RunTime:0.000053s ]
[ info ] [ CACHE ] INIT redis
[ info ] [ BEHAVIOR ] Run Closure @app_init [ RunTime:0.010709s ]
[ info ] [ LANG ] /mnt/projects/espay/thinkphp/lang/zh-cn.php
[ info ] [ ROUTE ] array (
  'type' => 'module',
  'module' => 
  array (
    0 => 'admin',
    1 => 'ajax',
    2 => 'lang',
  ),
)
[ info ] [ HEADER ] array (
  'cookie' => 'PHPSESSID=r0u4i3i29kvhjrb8kurkec08uv; keeplogin=1%7C86400%7C1709974436%7C2f8c8edab2b53473c0aaab017c754b5c; goeasyNode=6',
  'accept-language' => 'zh-CN,zh;q=0.9',
  'accept-encoding' => 'gzip, deflate',
  'referer' => 'http://espay.com/admin.php/user/auth?addtabs=1',
  'accept' => '*/*',
  'user-agent' => 'Mozilla/5.0 (Windows NT 10.0; Win64; x64) AppleWebKit/537.36 (KHTML, like Gecko) Chrome/122.0.0.0 Safari/537.36',
  'connection' => 'keep-alive',
  'host' => 'espay.com',
  'content-length' => '',
  'content-type' => '',
)
[ info ] [ PARAM ] array (
  'callback' => 'define',
  'controllername' => 'user.auth',
  'v' => '1710120744',
)
[ info ] [ LANG ] /mnt/projects/espay/public/../application/admin/lang/zh-cn.php
[ info ] [ BEHAVIOR ] Run app\common\behavior\Common @module_init [ RunTime:0.010406s ]
[ info ] [ SESSION ] INIT array (
  'id' => '',
  'var_session_id' => '',
  'prefix' => 'think',
  'type' => '',
  'auto_start' => true,
)
[ info ] [ BEHAVIOR ] Run \addons\geetest\Geetest @config_init [ RunTime:0.002873s ]
[ info ] [ BEHAVIOR ] Run \addons\goeasy\Goeasy @config_init [ RunTime:0.001798s ]
[ info ] [ BEHAVIOR ] Run \addons\nkeditor\Nkeditor @config_init [ RunTime:0.000614s ]
[ info ] [ LANG ] /mnt/projects/espay/public/../application/admin/lang/zh-cn/ajax.php
[ info ] [ BEHAVIOR ] Run \addons\geetest\Geetest @action_begin [ RunTime:0.000055s ]
[ info ] [ RUN ] app\admin\controller\Ajax->lang[ /mnt/projects/espay/application/admin/controller/Ajax.php ]
[ info ] [ LANG ] /mnt/projects/espay/public/../application/admin/lang/zh-cn/user/auth.php
[ info ] [ BEHAVIOR ] Run app\admin\behavior\AdminLog @app_end [ RunTime:0.000724s ]
[ info ] [ BEHAVIOR ] Run \addons\loginvideo\Loginvideo @response_send [ RunTime:0.000574s ]
[ info ] [ LOG ] INIT File
---------------------------------------------------------------
[ 2024-03-11T09:32:24+08:00 ] 10.50.50.2 GET espay.com/admin.php/ajax/lang?callback=define&controllername=dashboard&v=1710120744
[运行时间：0.232840s] [吞吐率：4.29req/s] [内存消耗：3,641.38kb] [文件加载：143]
[ info ] [ BEHAVIOR ] Run Closure @app_init [ RunTime:0.000043s ]
[ info ] [ CACHE ] INIT redis
[ info ] [ BEHAVIOR ] Run Closure @app_init [ RunTime:0.009853s ]
[ info ] [ LANG ] /mnt/projects/espay/thinkphp/lang/zh-cn.php
[ info ] [ ROUTE ] array (
  'type' => 'module',
  'module' => 
  array (
    0 => 'admin',
    1 => 'ajax',
    2 => 'lang',
  ),
)
[ info ] [ HEADER ] array (
  'cookie' => 'PHPSESSID=r0u4i3i29kvhjrb8kurkec08uv; keeplogin=1%7C86400%7C1709974436%7C2f8c8edab2b53473c0aaab017c754b5c; goeasyNode=6',
  'accept-language' => 'zh-CN,zh;q=0.9',
  'accept-encoding' => 'gzip, deflate',
  'referer' => 'http://espay.com/admin.php/dashboard?addtabs=1',
  'accept' => '*/*',
  'user-agent' => 'Mozilla/5.0 (Windows NT 10.0; Win64; x64) AppleWebKit/537.36 (KHTML, like Gecko) Chrome/122.0.0.0 Safari/537.36',
  'connection' => 'keep-alive',
  'host' => 'espay.com',
  'content-length' => '',
  'content-type' => '',
)
[ info ] [ PARAM ] array (
  'callback' => 'define',
  'controllername' => 'dashboard',
  'v' => '1710120744',
)
[ info ] [ LANG ] /mnt/projects/espay/public/../application/admin/lang/zh-cn.php
[ info ] [ BEHAVIOR ] Run app\common\behavior\Common @module_init [ RunTime:0.003525s ]
[ info ] [ SESSION ] INIT array (
  'id' => '',
  'var_session_id' => '',
  'prefix' => 'think',
  'type' => '',
  'auto_start' => true,
)
[ info ] [ BEHAVIOR ] Run \addons\geetest\Geetest @config_init [ RunTime:0.001909s ]
[ info ] [ BEHAVIOR ] Run \addons\goeasy\Goeasy @config_init [ RunTime:0.001923s ]
[ info ] [ BEHAVIOR ] Run \addons\nkeditor\Nkeditor @config_init [ RunTime:0.000671s ]
[ info ] [ LANG ] /mnt/projects/espay/public/../application/admin/lang/zh-cn/ajax.php
[ info ] [ BEHAVIOR ] Run \addons\geetest\Geetest @action_begin [ RunTime:0.000064s ]
[ info ] [ RUN ] app\admin\controller\Ajax->lang[ /mnt/projects/espay/application/admin/controller/Ajax.php ]
[ info ] [ LANG ] /mnt/projects/espay/public/../application/admin/lang/zh-cn/dashboard.php
[ info ] [ BEHAVIOR ] Run app\admin\behavior\AdminLog @app_end [ RunTime:0.000776s ]
[ info ] [ BEHAVIOR ] Run \addons\loginvideo\Loginvideo @response_send [ RunTime:0.000786s ]
[ info ] [ LOG ] INIT File
---------------------------------------------------------------
[ 2024-03-11T09:32:24+08:00 ] 10.50.50.2 POST espay.com/admin.php/dashboard/chart
[运行时间：0.212681s] [吞吐率：4.70req/s] [内存消耗：4,571.94kb] [文件加载：154]
[ info ] [ BEHAVIOR ] Run Closure @app_init [ RunTime:0.000033s ]
[ info ] [ CACHE ] INIT redis
[ info ] [ BEHAVIOR ] Run Closure @app_init [ RunTime:0.010824s ]
[ info ] [ LANG ] /mnt/projects/espay/thinkphp/lang/zh-cn.php
[ info ] [ ROUTE ] array (
  'type' => 'module',
  'module' => 
  array (
    0 => 'admin',
    1 => 'dashboard',
    2 => 'chart',
  ),
)
[ info ] [ HEADER ] array (
  'cookie' => 'PHPSESSID=r0u4i3i29kvhjrb8kurkec08uv; keeplogin=1%7C86400%7C1709974436%7C2f8c8edab2b53473c0aaab017c754b5c; goeasyNode=6',
  'accept-language' => 'zh-CN,zh;q=0.9',
  'accept-encoding' => 'gzip, deflate',
  'referer' => 'http://espay.com/admin.php/dashboard?addtabs=1',
  'origin' => 'http://espay.com',
  'x-requested-with' => 'XMLHttpRequest',
  'user-agent' => 'Mozilla/5.0 (Windows NT 10.0; Win64; x64) AppleWebKit/537.36 (KHTML, like Gecko) Chrome/122.0.0.0 Safari/537.36',
  'accept' => 'application/json, text/javascript, */*; q=0.01',
  'content-length' => '0',
  'connection' => 'keep-alive',
  'host' => 'espay.com',
  'content-type' => '',
)
[ info ] [ PARAM ] array (
)
[ info ] [ LANG ] /mnt/projects/espay/public/../application/admin/lang/zh-cn.php
[ info ] [ BEHAVIOR ] Run app\common\behavior\Common @module_init [ RunTime:0.004214s ]
[ info ] [ SESSION ] INIT array (
  'id' => '',
  'var_session_id' => '',
  'prefix' => 'think',
  'type' => '',
  'auto_start' => true,
)
[ info ] [ BEHAVIOR ] Run \addons\geetest\Geetest @config_init [ RunTime:0.000858s ]
[ info ] [ BEHAVIOR ] Run \addons\goeasy\Goeasy @config_init [ RunTime:0.001785s ]
[ info ] [ BEHAVIOR ] Run \addons\nkeditor\Nkeditor @config_init [ RunTime:0.001140s ]
[ info ] [ LANG ] /mnt/projects/espay/public/../application/admin/lang/zh-cn/dashboard.php
[ info ] [ BEHAVIOR ] Run \addons\geetest\Geetest @action_begin [ RunTime:0.000055s ]
[ info ] [ RUN ] app\admin\controller\Dashboard->chart[ /mnt/projects/espay/application/admin/controller/Dashboard.php ]
[ info ] [ DB ] INIT mysql
[ info ] [ BEHAVIOR ] Run app\admin\behavior\AdminLog @app_end [ RunTime:0.004625s ]
[ info ] [ BEHAVIOR ] Run \addons\loginvideo\Loginvideo @response_send [ RunTime:0.000637s ]
[ info ] [ LOG ] INIT File
---------------------------------------------------------------
[ 2024-03-11T09:32:24+08:00 ] 10.50.50.2 GET espay.com/admin.php/user/auth/index?addtabs=1&sort=id&order=desc&offset=0&limit=10&filter=%7B%7D&op=%7B%7D&_=1710120744329
[运行时间：0.233366s] [吞吐率：4.29req/s] [内存消耗：4,808.83kb] [文件加载：156]
[ info ] [ BEHAVIOR ] Run Closure @app_init [ RunTime:0.000069s ]
[ info ] [ CACHE ] INIT redis
[ info ] [ BEHAVIOR ] Run Closure @app_init [ RunTime:0.009475s ]
[ info ] [ LANG ] /mnt/projects/espay/thinkphp/lang/zh-cn.php
[ info ] [ ROUTE ] array (
  'type' => 'module',
  'module' => 
  array (
    0 => 'admin',
    1 => 'user.auth',
    2 => 'index',
  ),
)
[ info ] [ HEADER ] array (
  'cookie' => 'PHPSESSID=r0u4i3i29kvhjrb8kurkec08uv; keeplogin=1%7C86400%7C1709974436%7C2f8c8edab2b53473c0aaab017c754b5c; goeasyNode=6',
  'accept-language' => 'zh-CN,zh;q=0.9',
  'accept-encoding' => 'gzip, deflate',
  'referer' => 'http://espay.com/admin.php/user/auth?addtabs=1',
  'content-type' => 'application/json',
  'user-agent' => 'Mozilla/5.0 (Windows NT 10.0; Win64; x64) AppleWebKit/537.36 (KHTML, like Gecko) Chrome/122.0.0.0 Safari/537.36',
  'x-requested-with' => 'XMLHttpRequest',
  'accept' => 'application/json, text/javascript, */*; q=0.01',
  'connection' => 'keep-alive',
  'host' => 'espay.com',
  'content-length' => '',
)
[ info ] [ PARAM ] array (
  'addtabs' => '1',
  'sort' => 'id',
  'order' => 'desc',
  'offset' => '0',
  'limit' => '10',
  'filter' => '{}',
  'op' => '{}',
  '_' => '1710120744329',
)
[ info ] [ LANG ] /mnt/projects/espay/public/../application/admin/lang/zh-cn.php
[ info ] [ BEHAVIOR ] Run app\common\behavior\Common @module_init [ RunTime:0.004041s ]
[ info ] [ SESSION ] INIT array (
  'id' => '',
  'var_session_id' => '',
  'prefix' => 'think',
  'type' => '',
  'auto_start' => true,
)
[ info ] [ DB ] INIT mysql
[ info ] [ BEHAVIOR ] Run \addons\geetest\Geetest @config_init [ RunTime:0.000770s ]
[ info ] [ BEHAVIOR ] Run \addons\goeasy\Goeasy @config_init [ RunTime:0.001803s ]
[ info ] [ BEHAVIOR ] Run \addons\nkeditor\Nkeditor @config_init [ RunTime:0.000729s ]
[ info ] [ LANG ] /mnt/projects/espay/public/../application/admin/lang/zh-cn/user/auth.php
[ info ] [ BEHAVIOR ] Run \addons\geetest\Geetest @action_begin [ RunTime:0.000045s ]
[ info ] [ RUN ] app\admin\controller\user\Auth->index[ /mnt/projects/espay/application/admin/controller/user/Auth.php ]
[ info ] [ BEHAVIOR ] Run app\admin\behavior\AdminLog @app_end [ RunTime:0.001200s ]
[ info ] [ BEHAVIOR ] Run \addons\loginvideo\Loginvideo @response_send [ RunTime:0.000666s ]
[ info ] [ LOG ] INIT File
---------------------------------------------------------------
[ 2024-03-11T09:32:29+08:00 ] 10.50.50.2 GET espay.com/admin.php/dashboard?ref=addtabs
[运行时间：0.167624s] [吞吐率：5.97req/s] [内存消耗：4,229.89kb] [文件加载：143]
[ info ] [ BEHAVIOR ] Run Closure @app_init [ RunTime:0.000034s ]
[ info ] [ CACHE ] INIT redis
[ info ] [ BEHAVIOR ] Run Closure @app_init [ RunTime:0.009158s ]
[ info ] [ LANG ] /mnt/projects/espay/thinkphp/lang/zh-cn.php
[ info ] [ ROUTE ] array (
  'type' => 'module',
  'module' => 
  array (
    0 => 'admin',
    1 => 'dashboard',
    2 => NULL,
  ),
)
[ info ] [ HEADER ] array (
  'cookie' => 'PHPSESSID=r0u4i3i29kvhjrb8kurkec08uv; keeplogin=1%7C86400%7C1709974436%7C2f8c8edab2b53473c0aaab017c754b5c; goeasyNode=6',
  'accept-language' => 'zh-CN,zh;q=0.9',
  'accept-encoding' => 'gzip, deflate',
  'referer' => 'http://espay.com/admin.php/dashboard?ref=addtabs',
  'accept' => 'text/html,application/xhtml+xml,application/xml;q=0.9,image/avif,image/webp,image/apng,*/*;q=0.8,application/signed-exchange;v=b3;q=0.7',
  'user-agent' => 'Mozilla/5.0 (Windows NT 10.0; Win64; x64) AppleWebKit/537.36 (KHTML, like Gecko) Chrome/122.0.0.0 Safari/537.36',
  'upgrade-insecure-requests' => '1',
  'connection' => 'keep-alive',
  'host' => 'espay.com',
  'content-length' => '',
  'content-type' => '',
)
[ info ] [ PARAM ] array (
  'ref' => 'addtabs',
)
[ info ] [ LANG ] /mnt/projects/espay/public/../application/admin/lang/zh-cn.php
[ info ] [ BEHAVIOR ] Run app\common\behavior\Common @module_init [ RunTime:0.003023s ]
[ info ] [ SESSION ] INIT array (
  'id' => '',
  'var_session_id' => '',
  'prefix' => 'think',
  'type' => '',
  'auto_start' => true,
)
[ info ] [ DB ] INIT mysql
[ info ] [ BEHAVIOR ] Run app\admin\behavior\AdminLog @app_end [ RunTime:0.000513s ]
[ info ] [ BEHAVIOR ] Run \addons\loginvideo\Loginvideo @response_send [ RunTime:0.000515s ]
[ info ] [ LOG ] INIT File
---------------------------------------------------------------
[ 2024-03-11T09:32:29+08:00 ] 10.50.50.2 GET espay.com/admin.php/index/index
[运行时间：0.232185s] [吞吐率：4.31req/s] [内存消耗：4,853.78kb] [文件加载：162]
[ info ] [ BEHAVIOR ] Run Closure @app_init [ RunTime:0.000023s ]
[ info ] [ CACHE ] INIT redis
[ info ] [ BEHAVIOR ] Run Closure @app_init [ RunTime:0.008388s ]
[ info ] [ LANG ] /mnt/projects/espay/thinkphp/lang/zh-cn.php
[ info ] [ ROUTE ] array (
  'type' => 'module',
  'module' => 
  array (
    0 => 'admin',
    1 => 'index',
    2 => 'index',
  ),
)
[ info ] [ HEADER ] array (
  'cookie' => 'goeasyNode=4; PHPSESSID=r0u4i3i29kvhjrb8kurkec08uv; keeplogin=1%7C86400%7C1709974436%7C2f8c8edab2b53473c0aaab017c754b5c; goeasyNode=6',
  'accept-language' => 'zh-CN,zh;q=0.9',
  'accept-encoding' => 'gzip, deflate',
  'referer' => 'http://espay.com/admin.php/dashboard?ref=addtabs',
  'accept' => 'text/html,application/xhtml+xml,application/xml;q=0.9,image/avif,image/webp,image/apng,*/*;q=0.8,application/signed-exchange;v=b3;q=0.7',
  'user-agent' => 'Mozilla/5.0 (Windows NT 10.0; Win64; x64) AppleWebKit/537.36 (KHTML, like Gecko) Chrome/122.0.0.0 Safari/537.36',
  'upgrade-insecure-requests' => '1',
  'connection' => 'keep-alive',
  'host' => 'espay.com',
  'content-length' => '',
  'content-type' => '',
)
[ info ] [ PARAM ] array (
)
[ info ] [ LANG ] /mnt/projects/espay/public/../application/admin/lang/zh-cn.php
[ info ] [ BEHAVIOR ] Run app\common\behavior\Common @module_init [ RunTime:0.002425s ]
[ info ] [ SESSION ] INIT array (
  'id' => '',
  'var_session_id' => '',
  'prefix' => 'think',
  'type' => '',
  'auto_start' => true,
)
[ info ] [ BEHAVIOR ] Run \addons\geetest\Geetest @config_init [ RunTime:0.000669s ]
[ info ] [ BEHAVIOR ] Run \addons\goeasy\Goeasy @config_init [ RunTime:0.002786s ]
[ info ] [ BEHAVIOR ] Run \addons\nkeditor\Nkeditor @config_init [ RunTime:0.001739s ]
[ info ] [ LANG ] /mnt/projects/espay/public/../application/admin/lang/zh-cn/index.php
[ info ] [ BEHAVIOR ] Run \addons\geetest\Geetest @action_begin [ RunTime:0.000047s ]
[ info ] [ RUN ] app\admin\controller\Index->index[ /mnt/projects/espay/application/admin/controller/Index.php ]
[ info ] [ DB ] INIT mysql
[ info ] [ VIEW ] /mnt/projects/espay/public/../application/admin/view/index/index.html [ array (
  0 => 'breadcrumb',
  1 => 'site',
  2 => 'config',
  3 => 'auth',
  4 => 'admin',
  5 => 'menulist',
  6 => 'navlist',
  7 => 'fixedmenu',
  8 => 'referermenu',
  9 => 'title',
) ]
[ info ] [ BEHAVIOR ] Run app\admin\behavior\AdminLog @app_end [ RunTime:0.000957s ]
[ info ] [ BEHAVIOR ] Run \addons\loginvideo\Loginvideo @response_send [ RunTime:0.000638s ]
[ info ] [ LOG ] INIT File
---------------------------------------------------------------
[ 2024-03-11T09:32:29+08:00 ] 10.50.50.2 GET espay.com/admin.php/dashboard?addtabs=1
[运行时间：0.186604s] [吞吐率：5.36req/s] [内存消耗：4,781.16kb] [文件加载：154]
[ info ] [ BEHAVIOR ] Run Closure @app_init [ RunTime:0.000028s ]
[ info ] [ CACHE ] INIT redis
[ info ] [ BEHAVIOR ] Run Closure @app_init [ RunTime:0.009897s ]
[ info ] [ LANG ] /mnt/projects/espay/thinkphp/lang/zh-cn.php
[ info ] [ ROUTE ] array (
  'type' => 'module',
  'module' => 
  array (
    0 => 'admin',
    1 => 'dashboard',
    2 => NULL,
  ),
)
[ info ] [ HEADER ] array (
  'cookie' => 'PHPSESSID=r0u4i3i29kvhjrb8kurkec08uv; keeplogin=1%7C86400%7C1709974436%7C2f8c8edab2b53473c0aaab017c754b5c; goeasyNode=6',
  'accept-language' => 'zh-CN,zh;q=0.9',
  'accept-encoding' => 'gzip, deflate',
  'referer' => 'http://espay.com/admin.php/index/index',
  'accept' => 'text/html,application/xhtml+xml,application/xml;q=0.9,image/avif,image/webp,image/apng,*/*;q=0.8,application/signed-exchange;v=b3;q=0.7',
  'user-agent' => 'Mozilla/5.0 (Windows NT 10.0; Win64; x64) AppleWebKit/537.36 (KHTML, like Gecko) Chrome/122.0.0.0 Safari/537.36',
  'upgrade-insecure-requests' => '1',
  'connection' => 'keep-alive',
  'host' => 'espay.com',
  'content-length' => '',
  'content-type' => '',
)
[ info ] [ PARAM ] array (
  'addtabs' => '1',
)
[ info ] [ LANG ] /mnt/projects/espay/public/../application/admin/lang/zh-cn.php
[ info ] [ BEHAVIOR ] Run app\common\behavior\Common @module_init [ RunTime:0.003396s ]
[ info ] [ SESSION ] INIT array (
  'id' => '',
  'var_session_id' => '',
  'prefix' => 'think',
  'type' => '',
  'auto_start' => true,
)
[ info ] [ DB ] INIT mysql
[ info ] [ BEHAVIOR ] Run \addons\geetest\Geetest @config_init [ RunTime:0.000791s ]
[ info ] [ BEHAVIOR ] Run \addons\goeasy\Goeasy @config_init [ RunTime:0.001590s ]
[ info ] [ BEHAVIOR ] Run \addons\nkeditor\Nkeditor @config_init [ RunTime:0.000667s ]
[ info ] [ LANG ] /mnt/projects/espay/public/../application/admin/lang/zh-cn/dashboard.php
[ info ] [ BEHAVIOR ] Run \addons\geetest\Geetest @action_begin [ RunTime:0.000052s ]
[ info ] [ RUN ] app\admin\controller\Dashboard->index[ /mnt/projects/espay/application/admin/controller/Dashboard.php ]
[ info ] [ VIEW ] /mnt/projects/espay/public/../application/admin/view/dashboard/index.html [ array (
  0 => 'breadcrumb',
  1 => 'site',
  2 => 'config',
  3 => 'auth',
  4 => 'admin',
  5 => 'totalUser',
  6 => 'totalAgent',
  7 => 'totalOrder',
  8 => 'totalOrderAmount',
  9 => 'todayOrderCount',
  10 => 'todaySuccOrderCount',
  11 => 'todayMoney',
  12 => 'todayExpendMoney',
  13 => 'allOrderCount',
  14 => 'allMoney',
  15 => 'allExpendMoney',
  16 => 'totalviews',
  17 => 'todayuserlogin',
  18 => 'todayusersignup',
  19 => 'todayorder',
  20 => 'unsettleorder',
  21 => 'sevendnu',
  22 => 'sevendau',
  23 => 'paylist',
  24 => 'createlist',
  25 => 'addonversion',
  26 => 'uploadmode',
) ]
[ info ] [ BEHAVIOR ] Run app\admin\behavior\AdminLog @app_end [ RunTime:0.000624s ]
[ info ] [ BEHAVIOR ] Run \addons\loginvideo\Loginvideo @response_send [ RunTime:0.000609s ]
[ info ] [ LOG ] INIT File
---------------------------------------------------------------
[ 2024-03-11T13:20:35+08:00 ] 10.50.50.2 GET espay.com/admin.php/general/profile?addtabs=1
[运行时间：0.326541s] [吞吐率：3.06req/s] [内存消耗：4,585.09kb] [文件加载：150]
[ info ] [ BEHAVIOR ] Run Closure @app_init [ RunTime:0.007004s ]
[ info ] [ CACHE ] INIT redis
[ info ] [ BEHAVIOR ] Run Closure @app_init [ RunTime:0.022450s ]
[ info ] [ LANG ] /mnt/projects/espay/thinkphp/lang/zh-cn.php
[ info ] [ ROUTE ] array (
  'type' => 'module',
  'module' => 
  array (
    0 => 'admin',
    1 => 'general.profile',
    2 => NULL,
  ),
)
[ info ] [ HEADER ] array (
  'cookie' => 'PHPSESSID=r0u4i3i29kvhjrb8kurkec08uv; keeplogin=1%7C86400%7C1709974436%7C2f8c8edab2b53473c0aaab017c754b5c; goeasyNode=6',
  'accept-language' => 'zh-CN,zh;q=0.9',
  'accept-encoding' => 'gzip, deflate',
  'referer' => 'http://espay.com/admin.php/general/profile?ref=addtabs',
  'accept' => 'text/html,application/xhtml+xml,application/xml;q=0.9,image/avif,image/webp,image/apng,*/*;q=0.8,application/signed-exchange;v=b3;q=0.7',
  'user-agent' => 'Mozilla/5.0 (Windows NT 10.0; Win64; x64) AppleWebKit/537.36 (KHTML, like Gecko) Chrome/122.0.0.0 Safari/537.36',
  'upgrade-insecure-requests' => '1',
  'connection' => 'keep-alive',
  'host' => 'espay.com',
  'content-length' => '',
  'content-type' => '',
)
[ info ] [ PARAM ] array (
  'addtabs' => '1',
)
[ info ] [ LANG ] /mnt/projects/espay/public/../application/admin/lang/zh-cn.php
[ info ] [ BEHAVIOR ] Run app\common\behavior\Common @module_init [ RunTime:0.011246s ]
[ info ] [ SESSION ] INIT array (
  'id' => '',
  'var_session_id' => '',
  'prefix' => 'think',
  'type' => '',
  'auto_start' => true,
)
[ info ] [ DB ] INIT mysql
[ info ] [ BEHAVIOR ] Run \addons\geetest\Geetest @config_init [ RunTime:0.001119s ]
[ info ] [ BEHAVIOR ] Run \addons\goeasy\Goeasy @config_init [ RunTime:0.001964s ]
[ info ] [ BEHAVIOR ] Run \addons\nkeditor\Nkeditor @config_init [ RunTime:0.000976s ]
[ info ] [ LANG ] /mnt/projects/espay/public/../application/admin/lang/zh-cn/general/profile.php
[ info ] [ BEHAVIOR ] Run \addons\geetest\Geetest @action_begin [ RunTime:0.000048s ]
[ info ] [ RUN ] app\admin\controller\general\Profile->index[ /mnt/projects/espay/application/admin/controller/general/Profile.php ]
[ info ] [ VIEW ] /mnt/projects/espay/public/../application/admin/view/general/profile/index.html [ array (
  0 => 'breadcrumb',
  1 => 'site',
  2 => 'config',
  3 => 'auth',
  4 => 'admin',
) ]
[ info ] [ BEHAVIOR ] Run app\admin\behavior\AdminLog @app_end [ RunTime:0.000624s ]
[ info ] [ BEHAVIOR ] Run \addons\loginvideo\Loginvideo @response_send [ RunTime:0.000585s ]
[ info ] [ LOG ] INIT File
---------------------------------------------------------------
[ 2024-03-11T13:20:36+08:00 ] 10.50.50.2 GET espay.com/admin.php/ajax/lang?callback=define&controllername=general.profile&v=1710134435
[运行时间：0.154760s] [吞吐率：6.46req/s] [内存消耗：3,638.46kb] [文件加载：143]
[ info ] [ BEHAVIOR ] Run Closure @app_init [ RunTime:0.000193s ]
[ info ] [ CACHE ] INIT redis
[ info ] [ BEHAVIOR ] Run Closure @app_init [ RunTime:0.009461s ]
[ info ] [ LANG ] /mnt/projects/espay/thinkphp/lang/zh-cn.php
[ info ] [ ROUTE ] array (
  'type' => 'module',
  'module' => 
  array (
    0 => 'admin',
    1 => 'ajax',
    2 => 'lang',
  ),
)
[ info ] [ HEADER ] array (
  'cookie' => 'PHPSESSID=r0u4i3i29kvhjrb8kurkec08uv; keeplogin=1%7C86400%7C1709974436%7C2f8c8edab2b53473c0aaab017c754b5c; goeasyNode=6',
  'accept-language' => 'zh-CN,zh;q=0.9',
  'accept-encoding' => 'gzip, deflate',
  'referer' => 'http://espay.com/admin.php/general/profile?addtabs=1',
  'accept' => '*/*',
  'user-agent' => 'Mozilla/5.0 (Windows NT 10.0; Win64; x64) AppleWebKit/537.36 (KHTML, like Gecko) Chrome/122.0.0.0 Safari/537.36',
  'connection' => 'keep-alive',
  'host' => 'espay.com',
  'content-length' => '',
  'content-type' => '',
)
[ info ] [ PARAM ] array (
  'callback' => 'define',
  'controllername' => 'general.profile',
  'v' => '1710134435',
)
[ info ] [ LANG ] /mnt/projects/espay/public/../application/admin/lang/zh-cn.php
[ info ] [ BEHAVIOR ] Run app\common\behavior\Common @module_init [ RunTime:0.004520s ]
[ info ] [ SESSION ] INIT array (
  'id' => '',
  'var_session_id' => '',
  'prefix' => 'think',
  'type' => '',
  'auto_start' => true,
)
[ info ] [ BEHAVIOR ] Run \addons\geetest\Geetest @config_init [ RunTime:0.000838s ]
[ info ] [ BEHAVIOR ] Run \addons\goeasy\Goeasy @config_init [ RunTime:0.001586s ]
[ info ] [ BEHAVIOR ] Run \addons\nkeditor\Nkeditor @config_init [ RunTime:0.000560s ]
[ info ] [ LANG ] /mnt/projects/espay/public/../application/admin/lang/zh-cn/ajax.php
[ info ] [ BEHAVIOR ] Run \addons\geetest\Geetest @action_begin [ RunTime:0.000112s ]
[ info ] [ RUN ] app\admin\controller\Ajax->lang[ /mnt/projects/espay/application/admin/controller/Ajax.php ]
[ info ] [ LANG ] /mnt/projects/espay/public/../application/admin/lang/zh-cn/general/profile.php
[ info ] [ BEHAVIOR ] Run app\admin\behavior\AdminLog @app_end [ RunTime:0.000564s ]
[ info ] [ BEHAVIOR ] Run \addons\loginvideo\Loginvideo @response_send [ RunTime:0.000495s ]
[ info ] [ LOG ] INIT File
---------------------------------------------------------------
[ 2024-03-11T13:20:36+08:00 ] 10.50.50.2 GET espay.com/admin.php/general/profile/index?sort=id&order=desc&offset=0&limit=10&_=1710134436002
[运行时间：0.221405s] [吞吐率：4.52req/s] [内存消耗：4,588.66kb] [文件加载：151]
[ info ] [ BEHAVIOR ] Run Closure @app_init [ RunTime:0.000188s ]
[ info ] [ CACHE ] INIT redis
[ info ] [ BEHAVIOR ] Run Closure @app_init [ RunTime:0.007289s ]
[ info ] [ LANG ] /mnt/projects/espay/thinkphp/lang/zh-cn.php
[ info ] [ ROUTE ] array (
  'type' => 'module',
  'module' => 
  array (
    0 => 'admin',
    1 => 'general.profile',
    2 => 'index',
  ),
)
[ info ] [ HEADER ] array (
  'cookie' => 'PHPSESSID=r0u4i3i29kvhjrb8kurkec08uv; keeplogin=1%7C86400%7C1709974436%7C2f8c8edab2b53473c0aaab017c754b5c; goeasyNode=6',
  'accept-language' => 'zh-CN,zh;q=0.9',
  'accept-encoding' => 'gzip, deflate',
  'referer' => 'http://espay.com/admin.php/general/profile?addtabs=1',
  'content-type' => 'application/json',
  'user-agent' => 'Mozilla/5.0 (Windows NT 10.0; Win64; x64) AppleWebKit/537.36 (KHTML, like Gecko) Chrome/122.0.0.0 Safari/537.36',
  'x-requested-with' => 'XMLHttpRequest',
  'accept' => 'application/json, text/javascript, */*; q=0.01',
  'connection' => 'keep-alive',
  'host' => 'espay.com',
  'content-length' => '',
)
[ info ] [ PARAM ] array (
  'sort' => 'id',
  'order' => 'desc',
  'offset' => '0',
  'limit' => '10',
  '_' => '1710134436002',
)
[ info ] [ LANG ] /mnt/projects/espay/public/../application/admin/lang/zh-cn.php
[ info ] [ BEHAVIOR ] Run app\common\behavior\Common @module_init [ RunTime:0.003261s ]
[ info ] [ SESSION ] INIT array (
  'id' => '',
  'var_session_id' => '',
  'prefix' => 'think',
  'type' => '',
  'auto_start' => true,
)
[ info ] [ DB ] INIT mysql
[ info ] [ BEHAVIOR ] Run \addons\geetest\Geetest @config_init [ RunTime:0.000939s ]
[ info ] [ BEHAVIOR ] Run \addons\goeasy\Goeasy @config_init [ RunTime:0.001359s ]
[ info ] [ BEHAVIOR ] Run \addons\nkeditor\Nkeditor @config_init [ RunTime:0.000592s ]
[ info ] [ LANG ] /mnt/projects/espay/public/../application/admin/lang/zh-cn/general/profile.php
[ info ] [ BEHAVIOR ] Run \addons\geetest\Geetest @action_begin [ RunTime:0.000041s ]
[ info ] [ RUN ] app\admin\controller\general\Profile->index[ /mnt/projects/espay/application/admin/controller/general/Profile.php ]
[ info ] [ BEHAVIOR ] Run app\admin\behavior\AdminLog @app_end [ RunTime:0.000553s ]
[ info ] [ BEHAVIOR ] Run \addons\loginvideo\Loginvideo @response_send [ RunTime:0.000582s ]
[ info ] [ LOG ] INIT File
---------------------------------------------------------------
[ 2024-03-11T13:21:04+08:00 ] 10.50.50.2 GET espay.com/admin.php/dashboard?ref=addtabs
[运行时间：0.187968s] [吞吐率：5.32req/s] [内存消耗：4,230.22kb] [文件加载：143]
[ info ] [ BEHAVIOR ] Run Closure @app_init [ RunTime:0.000271s ]
[ info ] [ CACHE ] INIT redis
[ info ] [ BEHAVIOR ] Run Closure @app_init [ RunTime:0.010078s ]
[ info ] [ LANG ] /mnt/projects/espay/thinkphp/lang/zh-cn.php
[ info ] [ ROUTE ] array (
  'type' => 'module',
  'module' => 
  array (
    0 => 'admin',
    1 => 'dashboard',
    2 => NULL,
  ),
)
[ info ] [ HEADER ] array (
  'cookie' => 'PHPSESSID=r0u4i3i29kvhjrb8kurkec08uv; keeplogin=1%7C86400%7C1709974436%7C2f8c8edab2b53473c0aaab017c754b5c; goeasyNode=6',
  'accept-language' => 'zh-CN,zh;q=0.9',
  'accept-encoding' => 'gzip, deflate',
  'referer' => 'http://espay.com/admin.php/index/login?url=%2Fadmin.php',
  'accept' => 'text/html,application/xhtml+xml,application/xml;q=0.9,image/avif,image/webp,image/apng,*/*;q=0.8,application/signed-exchange;v=b3;q=0.7',
  'user-agent' => 'Mozilla/5.0 (Windows NT 10.0; Win64; x64) AppleWebKit/537.36 (KHTML, like Gecko) Chrome/122.0.0.0 Safari/537.36',
  'upgrade-insecure-requests' => '1',
  'cache-control' => 'max-age=0',
  'connection' => 'keep-alive',
  'host' => 'espay.com',
  'content-length' => '',
  'content-type' => '',
)
[ info ] [ PARAM ] array (
  'ref' => 'addtabs',
)
[ info ] [ LANG ] /mnt/projects/espay/public/../application/admin/lang/zh-cn.php
[ info ] [ BEHAVIOR ] Run app\common\behavior\Common @module_init [ RunTime:0.003443s ]
[ info ] [ SESSION ] INIT array (
  'id' => '',
  'var_session_id' => '',
  'prefix' => 'think',
  'type' => '',
  'auto_start' => true,
)
[ info ] [ DB ] INIT mysql
[ info ] [ BEHAVIOR ] Run app\admin\behavior\AdminLog @app_end [ RunTime:0.001009s ]
[ info ] [ BEHAVIOR ] Run \addons\loginvideo\Loginvideo @response_send [ RunTime:0.000977s ]
[ info ] [ LOG ] INIT File
---------------------------------------------------------------
[ 2024-03-11T13:21:04+08:00 ] 10.50.50.2 GET espay.com/admin.php/index/index
[运行时间：0.258837s] [吞吐率：3.86req/s] [内存消耗：4,854.48kb] [文件加载：162]
[ info ] [ BEHAVIOR ] Run Closure @app_init [ RunTime:0.000186s ]
[ info ] [ CACHE ] INIT redis
[ info ] [ BEHAVIOR ] Run Closure @app_init [ RunTime:0.007515s ]
[ info ] [ LANG ] /mnt/projects/espay/thinkphp/lang/zh-cn.php
[ info ] [ ROUTE ] array (
  'type' => 'module',
  'module' => 
  array (
    0 => 'admin',
    1 => 'index',
    2 => 'index',
  ),
)
[ info ] [ HEADER ] array (
  'cookie' => 'goeasyNode=4; PHPSESSID=r0u4i3i29kvhjrb8kurkec08uv; keeplogin=1%7C86400%7C1709974436%7C2f8c8edab2b53473c0aaab017c754b5c; goeasyNode=6',
  'accept-language' => 'zh-CN,zh;q=0.9',
  'accept-encoding' => 'gzip, deflate',
  'referer' => 'http://espay.com/admin.php/index/login?url=%2Fadmin.php',
  'accept' => 'text/html,application/xhtml+xml,application/xml;q=0.9,image/avif,image/webp,image/apng,*/*;q=0.8,application/signed-exchange;v=b3;q=0.7',
  'user-agent' => 'Mozilla/5.0 (Windows NT 10.0; Win64; x64) AppleWebKit/537.36 (KHTML, like Gecko) Chrome/122.0.0.0 Safari/537.36',
  'upgrade-insecure-requests' => '1',
  'cache-control' => 'max-age=0',
  'connection' => 'keep-alive',
  'host' => 'espay.com',
  'content-length' => '',
  'content-type' => '',
)
[ info ] [ PARAM ] array (
)
[ info ] [ LANG ] /mnt/projects/espay/public/../application/admin/lang/zh-cn.php
[ info ] [ BEHAVIOR ] Run app\common\behavior\Common @module_init [ RunTime:0.003162s ]
[ info ] [ SESSION ] INIT array (
  'id' => '',
  'var_session_id' => '',
  'prefix' => 'think',
  'type' => '',
  'auto_start' => true,
)
[ info ] [ BEHAVIOR ] Run \addons\geetest\Geetest @config_init [ RunTime:0.002122s ]
[ info ] [ BEHAVIOR ] Run \addons\goeasy\Goeasy @config_init [ RunTime:0.002348s ]
[ info ] [ BEHAVIOR ] Run \addons\nkeditor\Nkeditor @config_init [ RunTime:0.000786s ]
[ info ] [ LANG ] /mnt/projects/espay/public/../application/admin/lang/zh-cn/index.php
[ info ] [ BEHAVIOR ] Run \addons\geetest\Geetest @action_begin [ RunTime:0.000048s ]
[ info ] [ RUN ] app\admin\controller\Index->index[ /mnt/projects/espay/application/admin/controller/Index.php ]
[ info ] [ DB ] INIT mysql
[ info ] [ VIEW ] /mnt/projects/espay/public/../application/admin/view/index/index.html [ array (
  0 => 'breadcrumb',
  1 => 'site',
  2 => 'config',
  3 => 'auth',
  4 => 'admin',
  5 => 'menulist',
  6 => 'navlist',
  7 => 'fixedmenu',
  8 => 'referermenu',
  9 => 'title',
) ]
[ info ] [ BEHAVIOR ] Run app\admin\behavior\AdminLog @app_end [ RunTime:0.000948s ]
[ info ] [ BEHAVIOR ] Run \addons\loginvideo\Loginvideo @response_send [ RunTime:0.000676s ]
[ info ] [ LOG ] INIT File
---------------------------------------------------------------
[ 2024-03-11T13:21:06+08:00 ] 10.50.50.2 GET espay.com/admin.php/dashboard?addtabs=1
[运行时间：0.249794s] [吞吐率：4.00req/s] [内存消耗：4,781.16kb] [文件加载：154]
[ info ] [ BEHAVIOR ] Run Closure @app_init [ RunTime:0.000263s ]
[ info ] [ CACHE ] INIT redis
[ info ] [ BEHAVIOR ] Run Closure @app_init [ RunTime:0.013291s ]
[ info ] [ LANG ] /mnt/projects/espay/thinkphp/lang/zh-cn.php
[ info ] [ ROUTE ] array (
  'type' => 'module',
  'module' => 
  array (
    0 => 'admin',
    1 => 'dashboard',
    2 => NULL,
  ),
)
[ info ] [ HEADER ] array (
  'cookie' => 'PHPSESSID=r0u4i3i29kvhjrb8kurkec08uv; keeplogin=1%7C86400%7C1709974436%7C2f8c8edab2b53473c0aaab017c754b5c; goeasyNode=6',
  'accept-language' => 'zh-CN,zh;q=0.9',
  'accept-encoding' => 'gzip, deflate',
  'referer' => 'http://espay.com/admin.php/index/index',
  'accept' => 'text/html,application/xhtml+xml,application/xml;q=0.9,image/avif,image/webp,image/apng,*/*;q=0.8,application/signed-exchange;v=b3;q=0.7',
  'user-agent' => 'Mozilla/5.0 (Windows NT 10.0; Win64; x64) AppleWebKit/537.36 (KHTML, like Gecko) Chrome/122.0.0.0 Safari/537.36',
  'upgrade-insecure-requests' => '1',
  'connection' => 'keep-alive',
  'host' => 'espay.com',
  'content-length' => '',
  'content-type' => '',
)
[ info ] [ PARAM ] array (
  'addtabs' => '1',
)
[ info ] [ LANG ] /mnt/projects/espay/public/../application/admin/lang/zh-cn.php
[ info ] [ BEHAVIOR ] Run app\common\behavior\Common @module_init [ RunTime:0.005278s ]
[ info ] [ SESSION ] INIT array (
  'id' => '',
  'var_session_id' => '',
  'prefix' => 'think',
  'type' => '',
  'auto_start' => true,
)
[ info ] [ DB ] INIT mysql
[ info ] [ BEHAVIOR ] Run \addons\geetest\Geetest @config_init [ RunTime:0.000952s ]
[ info ] [ BEHAVIOR ] Run \addons\goeasy\Goeasy @config_init [ RunTime:0.003452s ]
[ info ] [ BEHAVIOR ] Run \addons\nkeditor\Nkeditor @config_init [ RunTime:0.000774s ]
[ info ] [ LANG ] /mnt/projects/espay/public/../application/admin/lang/zh-cn/dashboard.php
[ info ] [ BEHAVIOR ] Run \addons\geetest\Geetest @action_begin [ RunTime:0.000045s ]
[ info ] [ RUN ] app\admin\controller\Dashboard->index[ /mnt/projects/espay/application/admin/controller/Dashboard.php ]
[ info ] [ VIEW ] /mnt/projects/espay/public/../application/admin/view/dashboard/index.html [ array (
  0 => 'breadcrumb',
  1 => 'site',
  2 => 'config',
  3 => 'auth',
  4 => 'admin',
  5 => 'totalUser',
  6 => 'totalAgent',
  7 => 'totalOrder',
  8 => 'totalOrderAmount',
  9 => 'todayOrderCount',
  10 => 'todaySuccOrderCount',
  11 => 'todayMoney',
  12 => 'todayExpendMoney',
  13 => 'allOrderCount',
  14 => 'allMoney',
  15 => 'allExpendMoney',
  16 => 'totalviews',
  17 => 'todayuserlogin',
  18 => 'todayusersignup',
  19 => 'todayorder',
  20 => 'unsettleorder',
  21 => 'sevendnu',
  22 => 'sevendau',
  23 => 'paylist',
  24 => 'createlist',
  25 => 'addonversion',
  26 => 'uploadmode',
) ]
[ info ] [ BEHAVIOR ] Run app\admin\behavior\AdminLog @app_end [ RunTime:0.000474s ]
[ info ] [ BEHAVIOR ] Run \addons\loginvideo\Loginvideo @response_send [ RunTime:0.000891s ]
[ info ] [ LOG ] INIT File
---------------------------------------------------------------
[ 2024-03-11T13:21:06+08:00 ] 10.50.50.2 GET espay.com/admin.php/ajax/lang?callback=define&controllername=index&v=1710134464
[运行时间：0.199092s] [吞吐率：5.02req/s] [内存消耗：3,642.93kb] [文件加载：143]
[ info ] [ BEHAVIOR ] Run Closure @app_init [ RunTime:0.000025s ]
[ info ] [ CACHE ] INIT redis
[ info ] [ BEHAVIOR ] Run Closure @app_init [ RunTime:0.009201s ]
[ info ] [ LANG ] /mnt/projects/espay/thinkphp/lang/zh-cn.php
[ info ] [ ROUTE ] array (
  'type' => 'module',
  'module' => 
  array (
    0 => 'admin',
    1 => 'ajax',
    2 => 'lang',
  ),
)
[ info ] [ HEADER ] array (
  'cookie' => 'PHPSESSID=r0u4i3i29kvhjrb8kurkec08uv; keeplogin=1%7C86400%7C1709974436%7C2f8c8edab2b53473c0aaab017c754b5c; goeasyNode=6',
  'accept-language' => 'zh-CN,zh;q=0.9',
  'accept-encoding' => 'gzip, deflate',
  'referer' => 'http://espay.com/admin.php/index/index',
  'accept' => '*/*',
  'user-agent' => 'Mozilla/5.0 (Windows NT 10.0; Win64; x64) AppleWebKit/537.36 (KHTML, like Gecko) Chrome/122.0.0.0 Safari/537.36',
  'connection' => 'keep-alive',
  'host' => 'espay.com',
  'content-length' => '',
  'content-type' => '',
)
[ info ] [ PARAM ] array (
  'callback' => 'define',
  'controllername' => 'index',
  'v' => '1710134464',
)
[ info ] [ LANG ] /mnt/projects/espay/public/../application/admin/lang/zh-cn.php
[ info ] [ BEHAVIOR ] Run app\common\behavior\Common @module_init [ RunTime:0.003481s ]
[ info ] [ SESSION ] INIT array (
  'id' => '',
  'var_session_id' => '',
  'prefix' => 'think',
  'type' => '',
  'auto_start' => true,
)
[ info ] [ BEHAVIOR ] Run \addons\geetest\Geetest @config_init [ RunTime:0.001291s ]
[ info ] [ BEHAVIOR ] Run \addons\goeasy\Goeasy @config_init [ RunTime:0.002772s ]
[ info ] [ BEHAVIOR ] Run \addons\nkeditor\Nkeditor @config_init [ RunTime:0.001097s ]
[ info ] [ LANG ] /mnt/projects/espay/public/../application/admin/lang/zh-cn/ajax.php
[ info ] [ BEHAVIOR ] Run \addons\geetest\Geetest @action_begin [ RunTime:0.000058s ]
[ info ] [ RUN ] app\admin\controller\Ajax->lang[ /mnt/projects/espay/application/admin/controller/Ajax.php ]
[ info ] [ LANG ] /mnt/projects/espay/public/../application/admin/lang/zh-cn/index.php
[ info ] [ BEHAVIOR ] Run app\admin\behavior\AdminLog @app_end [ RunTime:0.002400s ]
[ info ] [ BEHAVIOR ] Run \addons\loginvideo\Loginvideo @response_send [ RunTime:0.001142s ]
[ info ] [ LOG ] INIT File
---------------------------------------------------------------
[ 2024-03-11T13:21:06+08:00 ] 10.50.50.2 GET espay.com/admin.php/ajax/lang?callback=define&controllername=dashboard&v=1710134466
[运行时间：0.193718s] [吞吐率：5.16req/s] [内存消耗：3,641.38kb] [文件加载：143]
[ info ] [ BEHAVIOR ] Run Closure @app_init [ RunTime:0.000028s ]
[ info ] [ CACHE ] INIT redis
[ info ] [ BEHAVIOR ] Run Closure @app_init [ RunTime:0.008643s ]
[ info ] [ LANG ] /mnt/projects/espay/thinkphp/lang/zh-cn.php
[ info ] [ ROUTE ] array (
  'type' => 'module',
  'module' => 
  array (
    0 => 'admin',
    1 => 'ajax',
    2 => 'lang',
  ),
)
[ info ] [ HEADER ] array (
  'cookie' => 'PHPSESSID=r0u4i3i29kvhjrb8kurkec08uv; keeplogin=1%7C86400%7C1709974436%7C2f8c8edab2b53473c0aaab017c754b5c; goeasyNode=6',
  'accept-language' => 'zh-CN,zh;q=0.9',
  'accept-encoding' => 'gzip, deflate',
  'referer' => 'http://espay.com/admin.php/dashboard?addtabs=1',
  'accept' => '*/*',
  'user-agent' => 'Mozilla/5.0 (Windows NT 10.0; Win64; x64) AppleWebKit/537.36 (KHTML, like Gecko) Chrome/122.0.0.0 Safari/537.36',
  'connection' => 'keep-alive',
  'host' => 'espay.com',
  'content-length' => '',
  'content-type' => '',
)
[ info ] [ PARAM ] array (
  'callback' => 'define',
  'controllername' => 'dashboard',
  'v' => '1710134466',
)
[ info ] [ LANG ] /mnt/projects/espay/public/../application/admin/lang/zh-cn.php
[ info ] [ BEHAVIOR ] Run app\common\behavior\Common @module_init [ RunTime:0.005504s ]
[ info ] [ SESSION ] INIT array (
  'id' => '',
  'var_session_id' => '',
  'prefix' => 'think',
  'type' => '',
  'auto_start' => true,
)
[ info ] [ BEHAVIOR ] Run \addons\geetest\Geetest @config_init [ RunTime:0.000646s ]
[ info ] [ BEHAVIOR ] Run \addons\goeasy\Goeasy @config_init [ RunTime:0.002231s ]
[ info ] [ BEHAVIOR ] Run \addons\nkeditor\Nkeditor @config_init [ RunTime:0.001291s ]
[ info ] [ LANG ] /mnt/projects/espay/public/../application/admin/lang/zh-cn/ajax.php
[ info ] [ BEHAVIOR ] Run \addons\geetest\Geetest @action_begin [ RunTime:0.000602s ]
[ info ] [ RUN ] app\admin\controller\Ajax->lang[ /mnt/projects/espay/application/admin/controller/Ajax.php ]
[ info ] [ LANG ] /mnt/projects/espay/public/../application/admin/lang/zh-cn/dashboard.php
[ info ] [ BEHAVIOR ] Run app\admin\behavior\AdminLog @app_end [ RunTime:0.000667s ]
[ info ] [ BEHAVIOR ] Run \addons\loginvideo\Loginvideo @response_send [ RunTime:0.000756s ]
[ info ] [ LOG ] INIT File
---------------------------------------------------------------
[ 2024-03-11T13:21:06+08:00 ] 10.50.50.2 POST espay.com/admin.php/dashboard/chart
[运行时间：0.157394s] [吞吐率：6.35req/s] [内存消耗：4,571.94kb] [文件加载：154]
[ info ] [ BEHAVIOR ] Run Closure @app_init [ RunTime:0.000050s ]
[ info ] [ CACHE ] INIT redis
[ info ] [ BEHAVIOR ] Run Closure @app_init [ RunTime:0.008791s ]
[ info ] [ LANG ] /mnt/projects/espay/thinkphp/lang/zh-cn.php
[ info ] [ ROUTE ] array (
  'type' => 'module',
  'module' => 
  array (
    0 => 'admin',
    1 => 'dashboard',
    2 => 'chart',
  ),
)
[ info ] [ HEADER ] array (
  'cookie' => 'PHPSESSID=r0u4i3i29kvhjrb8kurkec08uv; keeplogin=1%7C86400%7C1709974436%7C2f8c8edab2b53473c0aaab017c754b5c; goeasyNode=6',
  'accept-language' => 'zh-CN,zh;q=0.9',
  'accept-encoding' => 'gzip, deflate',
  'referer' => 'http://espay.com/admin.php/dashboard?addtabs=1',
  'origin' => 'http://espay.com',
  'x-requested-with' => 'XMLHttpRequest',
  'user-agent' => 'Mozilla/5.0 (Windows NT 10.0; Win64; x64) AppleWebKit/537.36 (KHTML, like Gecko) Chrome/122.0.0.0 Safari/537.36',
  'accept' => 'application/json, text/javascript, */*; q=0.01',
  'content-length' => '0',
  'connection' => 'keep-alive',
  'host' => 'espay.com',
  'content-type' => '',
)
[ info ] [ PARAM ] array (
)
[ info ] [ LANG ] /mnt/projects/espay/public/../application/admin/lang/zh-cn.php
[ info ] [ BEHAVIOR ] Run app\common\behavior\Common @module_init [ RunTime:0.002742s ]
[ info ] [ SESSION ] INIT array (
  'id' => '',
  'var_session_id' => '',
  'prefix' => 'think',
  'type' => '',
  'auto_start' => true,
)
[ info ] [ BEHAVIOR ] Run \addons\geetest\Geetest @config_init [ RunTime:0.001585s ]
[ info ] [ BEHAVIOR ] Run \addons\goeasy\Goeasy @config_init [ RunTime:0.001850s ]
[ info ] [ BEHAVIOR ] Run \addons\nkeditor\Nkeditor @config_init [ RunTime:0.001355s ]
[ info ] [ LANG ] /mnt/projects/espay/public/../application/admin/lang/zh-cn/dashboard.php
[ info ] [ BEHAVIOR ] Run \addons\geetest\Geetest @action_begin [ RunTime:0.000104s ]
[ info ] [ RUN ] app\admin\controller\Dashboard->chart[ /mnt/projects/espay/application/admin/controller/Dashboard.php ]
[ info ] [ DB ] INIT mysql
[ info ] [ BEHAVIOR ] Run app\admin\behavior\AdminLog @app_end [ RunTime:0.012071s ]
[ info ] [ BEHAVIOR ] Run \addons\loginvideo\Loginvideo @response_send [ RunTime:0.001036s ]
[ info ] [ LOG ] INIT File
---------------------------------------------------------------
[ 2024-03-11T14:40:39+08:00 ] 10.50.50.2 GET espay.com/admin.php/api/type?addtabs=1
[运行时间：0.245793s] [吞吐率：4.07req/s] [内存消耗：4,584.39kb] [文件加载：151]
[ info ] [ BEHAVIOR ] Run Closure @app_init [ RunTime:0.000048s ]
[ info ] [ CACHE ] INIT redis
[ info ] [ BEHAVIOR ] Run Closure @app_init [ RunTime:0.017520s ]
[ info ] [ LANG ] /mnt/projects/espay/thinkphp/lang/zh-cn.php
[ info ] [ ROUTE ] array (
  'type' => 'module',
  'module' => 
  array (
    0 => 'admin',
    1 => 'api.type',
    2 => NULL,
  ),
)
[ info ] [ HEADER ] array (
  'cookie' => 'PHPSESSID=r0u4i3i29kvhjrb8kurkec08uv; keeplogin=1%7C86400%7C1709974436%7C2f8c8edab2b53473c0aaab017c754b5c; goeasyNode=6',
  'accept-language' => 'zh-CN,zh;q=0.9',
  'accept-encoding' => 'gzip, deflate',
  'referer' => 'http://espay.com/admin.php/api/type?ref=addtabs',
  'accept' => 'text/html,application/xhtml+xml,application/xml;q=0.9,image/avif,image/webp,image/apng,*/*;q=0.8,application/signed-exchange;v=b3;q=0.7',
  'user-agent' => 'Mozilla/5.0 (Windows NT 10.0; Win64; x64) AppleWebKit/537.36 (KHTML, like Gecko) Chrome/122.0.0.0 Safari/537.36',
  'upgrade-insecure-requests' => '1',
  'connection' => 'keep-alive',
  'host' => 'espay.com',
  'content-length' => '',
  'content-type' => '',
)
[ info ] [ PARAM ] array (
  'addtabs' => '1',
)
[ info ] [ LANG ] /mnt/projects/espay/public/../application/admin/lang/zh-cn.php
[ info ] [ BEHAVIOR ] Run app\common\behavior\Common @module_init [ RunTime:0.004851s ]
[ info ] [ SESSION ] INIT array (
  'id' => '',
  'var_session_id' => '',
  'prefix' => 'think',
  'type' => '',
  'auto_start' => true,
)
[ info ] [ DB ] INIT mysql
[ info ] [ BEHAVIOR ] Run \addons\geetest\Geetest @config_init [ RunTime:0.000817s ]
[ info ] [ BEHAVIOR ] Run \addons\goeasy\Goeasy @config_init [ RunTime:0.002030s ]
[ info ] [ BEHAVIOR ] Run \addons\nkeditor\Nkeditor @config_init [ RunTime:0.000853s ]
[ info ] [ LANG ] /mnt/projects/espay/public/../application/admin/lang/zh-cn/api/type.php
[ info ] [ BEHAVIOR ] Run \addons\geetest\Geetest @action_begin [ RunTime:0.000094s ]
[ info ] [ RUN ] app\admin\controller\api\Type->index[ /mnt/projects/espay/application/admin/controller/api/Type.php ]
[ info ] [ VIEW ] /mnt/projects/espay/public/../application/admin/view/api/type/index.html [ array (
  0 => 'breadcrumb',
  1 => 'site',
  2 => 'config',
  3 => 'auth',
  4 => 'admin',
  5 => 'statusList',
  6 => 'defaultList',
) ]
[ info ] [ BEHAVIOR ] Run app\admin\behavior\AdminLog @app_end [ RunTime:0.001103s ]
[ info ] [ BEHAVIOR ] Run \addons\loginvideo\Loginvideo @response_send [ RunTime:0.000767s ]
[ info ] [ LOG ] INIT File
---------------------------------------------------------------
[ 2024-03-11T14:40:39+08:00 ] 10.50.50.2 GET espay.com/admin.php/ajax/lang?callback=define&controllername=api.type&v=1710139238
[运行时间：0.167195s] [吞吐率：5.98req/s] [内存消耗：3,638.43kb] [文件加载：143]
[ info ] [ BEHAVIOR ] Run Closure @app_init [ RunTime:0.000046s ]
[ info ] [ CACHE ] INIT redis
[ info ] [ BEHAVIOR ] Run Closure @app_init [ RunTime:0.009083s ]
[ info ] [ LANG ] /mnt/projects/espay/thinkphp/lang/zh-cn.php
[ info ] [ ROUTE ] array (
  'type' => 'module',
  'module' => 
  array (
    0 => 'admin',
    1 => 'ajax',
    2 => 'lang',
  ),
)
[ info ] [ HEADER ] array (
  'cookie' => 'PHPSESSID=r0u4i3i29kvhjrb8kurkec08uv; keeplogin=1%7C86400%7C1709974436%7C2f8c8edab2b53473c0aaab017c754b5c; goeasyNode=6',
  'accept-language' => 'zh-CN,zh;q=0.9',
  'accept-encoding' => 'gzip, deflate',
  'referer' => 'http://espay.com/admin.php/api/type?addtabs=1',
  'accept' => '*/*',
  'user-agent' => 'Mozilla/5.0 (Windows NT 10.0; Win64; x64) AppleWebKit/537.36 (KHTML, like Gecko) Chrome/122.0.0.0 Safari/537.36',
  'connection' => 'keep-alive',
  'host' => 'espay.com',
  'content-length' => '',
  'content-type' => '',
)
[ info ] [ PARAM ] array (
  'callback' => 'define',
  'controllername' => 'api.type',
  'v' => '1710139238',
)
[ info ] [ LANG ] /mnt/projects/espay/public/../application/admin/lang/zh-cn.php
[ info ] [ BEHAVIOR ] Run app\common\behavior\Common @module_init [ RunTime:0.004107s ]
[ info ] [ SESSION ] INIT array (
  'id' => '',
  'var_session_id' => '',
  'prefix' => 'think',
  'type' => '',
  'auto_start' => true,
)
[ info ] [ BEHAVIOR ] Run \addons\geetest\Geetest @config_init [ RunTime:0.001113s ]
[ info ] [ BEHAVIOR ] Run \addons\goeasy\Goeasy @config_init [ RunTime:0.002218s ]
[ info ] [ BEHAVIOR ] Run \addons\nkeditor\Nkeditor @config_init [ RunTime:0.001009s ]
[ info ] [ LANG ] /mnt/projects/espay/public/../application/admin/lang/zh-cn/ajax.php
[ info ] [ BEHAVIOR ] Run \addons\geetest\Geetest @action_begin [ RunTime:0.000046s ]
[ info ] [ RUN ] app\admin\controller\Ajax->lang[ /mnt/projects/espay/application/admin/controller/Ajax.php ]
[ info ] [ LANG ] /mnt/projects/espay/public/../application/admin/lang/zh-cn/api/type.php
[ info ] [ BEHAVIOR ] Run app\admin\behavior\AdminLog @app_end [ RunTime:0.001073s ]
[ info ] [ BEHAVIOR ] Run \addons\loginvideo\Loginvideo @response_send [ RunTime:0.000792s ]
[ info ] [ LOG ] INIT File
---------------------------------------------------------------
[ 2024-03-11T14:40:39+08:00 ] 10.50.50.2 GET espay.com/admin.php/api/type/index?addtabs=1&sort=weight&order=ASC&offset=0&limit=10&filter=%7B%7D&op=%7B%7D&_=1710139239109
[运行时间：0.198844s] [吞吐率：5.03req/s] [内存消耗：4,782.53kb] [文件加载：157]
[ info ] [ BEHAVIOR ] Run Closure @app_init [ RunTime:0.000058s ]
[ info ] [ CACHE ] INIT redis
[ info ] [ BEHAVIOR ] Run Closure @app_init [ RunTime:0.007995s ]
[ info ] [ LANG ] /mnt/projects/espay/thinkphp/lang/zh-cn.php
[ info ] [ ROUTE ] array (
  'type' => 'module',
  'module' => 
  array (
    0 => 'admin',
    1 => 'api.type',
    2 => 'index',
  ),
)
[ info ] [ HEADER ] array (
  'cookie' => 'PHPSESSID=r0u4i3i29kvhjrb8kurkec08uv; keeplogin=1%7C86400%7C1709974436%7C2f8c8edab2b53473c0aaab017c754b5c; goeasyNode=6',
  'accept-language' => 'zh-CN,zh;q=0.9',
  'accept-encoding' => 'gzip, deflate',
  'referer' => 'http://espay.com/admin.php/api/type?addtabs=1',
  'content-type' => 'application/json',
  'user-agent' => 'Mozilla/5.0 (Windows NT 10.0; Win64; x64) AppleWebKit/537.36 (KHTML, like Gecko) Chrome/122.0.0.0 Safari/537.36',
  'x-requested-with' => 'XMLHttpRequest',
  'accept' => 'application/json, text/javascript, */*; q=0.01',
  'connection' => 'keep-alive',
  'host' => 'espay.com',
  'content-length' => '',
)
[ info ] [ PARAM ] array (
  'addtabs' => '1',
  'sort' => 'weight',
  'order' => 'ASC',
  'offset' => '0',
  'limit' => '10',
  'filter' => '{}',
  'op' => '{}',
  '_' => '1710139239109',
)
[ info ] [ LANG ] /mnt/projects/espay/public/../application/admin/lang/zh-cn.php
[ info ] [ BEHAVIOR ] Run app\common\behavior\Common @module_init [ RunTime:0.003010s ]
[ info ] [ SESSION ] INIT array (
  'id' => '',
  'var_session_id' => '',
  'prefix' => 'think',
  'type' => '',
  'auto_start' => true,
)
[ info ] [ DB ] INIT mysql
[ info ] [ BEHAVIOR ] Run \addons\geetest\Geetest @config_init [ RunTime:0.001832s ]
[ info ] [ BEHAVIOR ] Run \addons\goeasy\Goeasy @config_init [ RunTime:0.003545s ]
[ info ] [ BEHAVIOR ] Run \addons\nkeditor\Nkeditor @config_init [ RunTime:0.001358s ]
[ info ] [ LANG ] /mnt/projects/espay/public/../application/admin/lang/zh-cn/api/type.php
[ info ] [ BEHAVIOR ] Run \addons\geetest\Geetest @action_begin [ RunTime:0.000087s ]
[ info ] [ RUN ] app\admin\controller\api\Type->index[ /mnt/projects/espay/application/admin/controller/api/Type.php ]
[ info ] [ BEHAVIOR ] Run app\admin\behavior\AdminLog @app_end [ RunTime:0.001109s ]
[ info ] [ BEHAVIOR ] Run \addons\loginvideo\Loginvideo @response_send [ RunTime:0.000634s ]
[ info ] [ LOG ] INIT File
---------------------------------------------------------------
[ 2024-03-11T14:40:39+08:00 ] 10.50.50.2 GET espay.com/admin.php/api/upstream?addtabs=1
[运行时间：0.162552s] [吞吐率：6.15req/s] [内存消耗：4,568.18kb] [文件加载：151]
[ info ] [ BEHAVIOR ] Run Closure @app_init [ RunTime:0.000054s ]
[ info ] [ CACHE ] INIT redis
[ info ] [ BEHAVIOR ] Run Closure @app_init [ RunTime:0.007908s ]
[ info ] [ LANG ] /mnt/projects/espay/thinkphp/lang/zh-cn.php
[ info ] [ ROUTE ] array (
  'type' => 'module',
  'module' => 
  array (
    0 => 'admin',
    1 => 'api.upstream',
    2 => NULL,
  ),
)
[ info ] [ HEADER ] array (
  'cookie' => 'PHPSESSID=r0u4i3i29kvhjrb8kurkec08uv; keeplogin=1%7C86400%7C1709974436%7C2f8c8edab2b53473c0aaab017c754b5c; goeasyNode=6',
  'accept-language' => 'zh-CN,zh;q=0.9',
  'accept-encoding' => 'gzip, deflate',
  'referer' => 'http://espay.com/admin.php/api/upstream?ref=addtabs',
  'accept' => 'text/html,application/xhtml+xml,application/xml;q=0.9,image/avif,image/webp,image/apng,*/*;q=0.8,application/signed-exchange;v=b3;q=0.7',
  'user-agent' => 'Mozilla/5.0 (Windows NT 10.0; Win64; x64) AppleWebKit/537.36 (KHTML, like Gecko) Chrome/122.0.0.0 Safari/537.36',
  'upgrade-insecure-requests' => '1',
  'connection' => 'keep-alive',
  'host' => 'espay.com',
  'content-length' => '',
  'content-type' => '',
)
[ info ] [ PARAM ] array (
  'addtabs' => '1',
)
[ info ] [ LANG ] /mnt/projects/espay/public/../application/admin/lang/zh-cn.php
[ info ] [ BEHAVIOR ] Run app\common\behavior\Common @module_init [ RunTime:0.003501s ]
[ info ] [ SESSION ] INIT array (
  'id' => '',
  'var_session_id' => '',
  'prefix' => 'think',
  'type' => '',
  'auto_start' => true,
)
[ info ] [ DB ] INIT mysql
[ info ] [ BEHAVIOR ] Run \addons\geetest\Geetest @config_init [ RunTime:0.001552s ]
[ info ] [ BEHAVIOR ] Run \addons\goeasy\Goeasy @config_init [ RunTime:0.001908s ]
[ info ] [ BEHAVIOR ] Run \addons\nkeditor\Nkeditor @config_init [ RunTime:0.000670s ]
[ info ] [ LANG ] /mnt/projects/espay/public/../application/admin/lang/zh-cn/api/upstream.php
[ info ] [ BEHAVIOR ] Run \addons\geetest\Geetest @action_begin [ RunTime:0.000041s ]
[ info ] [ RUN ] app\common\controller\Backend->index[ /mnt/projects/espay/application/admin/library/traits/Backend.php ]
[ info ] [ VIEW ] /mnt/projects/espay/public/../application/admin/view/api/upstream/index.html [ array (
  0 => 'breadcrumb',
  1 => 'site',
  2 => 'config',
  3 => 'auth',
  4 => 'admin',
) ]
[ info ] [ BEHAVIOR ] Run app\admin\behavior\AdminLog @app_end [ RunTime:0.000598s ]
[ info ] [ BEHAVIOR ] Run \addons\loginvideo\Loginvideo @response_send [ RunTime:0.000715s ]
[ info ] [ LOG ] INIT File
---------------------------------------------------------------
[ 2024-03-11T14:40:40+08:00 ] 10.50.50.2 GET espay.com/admin.php/ajax/lang?callback=define&controllername=api.upstream&v=1710139239
[运行时间：0.143501s] [吞吐率：6.97req/s] [内存消耗：3,638.20kb] [文件加载：143]
[ info ] [ BEHAVIOR ] Run Closure @app_init [ RunTime:0.000044s ]
[ info ] [ CACHE ] INIT redis
[ info ] [ BEHAVIOR ] Run Closure @app_init [ RunTime:0.006942s ]
[ info ] [ LANG ] /mnt/projects/espay/thinkphp/lang/zh-cn.php
[ info ] [ ROUTE ] array (
  'type' => 'module',
  'module' => 
  array (
    0 => 'admin',
    1 => 'ajax',
    2 => 'lang',
  ),
)
[ info ] [ HEADER ] array (
  'cookie' => 'PHPSESSID=r0u4i3i29kvhjrb8kurkec08uv; keeplogin=1%7C86400%7C1709974436%7C2f8c8edab2b53473c0aaab017c754b5c; goeasyNode=6',
  'accept-language' => 'zh-CN,zh;q=0.9',
  'accept-encoding' => 'gzip, deflate',
  'referer' => 'http://espay.com/admin.php/api/upstream?addtabs=1',
  'accept' => '*/*',
  'user-agent' => 'Mozilla/5.0 (Windows NT 10.0; Win64; x64) AppleWebKit/537.36 (KHTML, like Gecko) Chrome/122.0.0.0 Safari/537.36',
  'connection' => 'keep-alive',
  'host' => 'espay.com',
  'content-length' => '',
  'content-type' => '',
)
[ info ] [ PARAM ] array (
  'callback' => 'define',
  'controllername' => 'api.upstream',
  'v' => '1710139239',
)
[ info ] [ LANG ] /mnt/projects/espay/public/../application/admin/lang/zh-cn.php
[ info ] [ BEHAVIOR ] Run app\common\behavior\Common @module_init [ RunTime:0.003024s ]
[ info ] [ SESSION ] INIT array (
  'id' => '',
  'var_session_id' => '',
  'prefix' => 'think',
  'type' => '',
  'auto_start' => true,
)
[ info ] [ BEHAVIOR ] Run \addons\geetest\Geetest @config_init [ RunTime:0.000766s ]
[ info ] [ BEHAVIOR ] Run \addons\goeasy\Goeasy @config_init [ RunTime:0.002366s ]
[ info ] [ BEHAVIOR ] Run \addons\nkeditor\Nkeditor @config_init [ RunTime:0.000624s ]
[ info ] [ LANG ] /mnt/projects/espay/public/../application/admin/lang/zh-cn/ajax.php
[ info ] [ BEHAVIOR ] Run \addons\geetest\Geetest @action_begin [ RunTime:0.000038s ]
[ info ] [ RUN ] app\admin\controller\Ajax->lang[ /mnt/projects/espay/application/admin/controller/Ajax.php ]
[ info ] [ LANG ] /mnt/projects/espay/public/../application/admin/lang/zh-cn/api/upstream.php
[ info ] [ BEHAVIOR ] Run app\admin\behavior\AdminLog @app_end [ RunTime:0.000892s ]
[ info ] [ BEHAVIOR ] Run \addons\loginvideo\Loginvideo @response_send [ RunTime:0.000736s ]
[ info ] [ LOG ] INIT File
---------------------------------------------------------------
[ 2024-03-11T14:40:40+08:00 ] 10.50.50.2 GET espay.com/admin.php/api/upstream/index?addtabs=1&sort=id&order=desc&offset=0&limit=10&filter=%7B%7D&op=%7B%7D&_=1710139239877
[运行时间：0.190359s] [吞吐率：5.25req/s] [内存消耗：4,607.91kb] [文件加载：153]
[ info ] [ BEHAVIOR ] Run Closure @app_init [ RunTime:0.000055s ]
[ info ] [ CACHE ] INIT redis
[ info ] [ BEHAVIOR ] Run Closure @app_init [ RunTime:0.009765s ]
[ info ] [ LANG ] /mnt/projects/espay/thinkphp/lang/zh-cn.php
[ info ] [ ROUTE ] array (
  'type' => 'module',
  'module' => 
  array (
    0 => 'admin',
    1 => 'api.upstream',
    2 => 'index',
  ),
)
[ info ] [ HEADER ] array (
  'cookie' => 'PHPSESSID=r0u4i3i29kvhjrb8kurkec08uv; keeplogin=1%7C86400%7C1709974436%7C2f8c8edab2b53473c0aaab017c754b5c; goeasyNode=6',
  'accept-language' => 'zh-CN,zh;q=0.9',
  'accept-encoding' => 'gzip, deflate',
  'referer' => 'http://espay.com/admin.php/api/upstream?addtabs=1',
  'content-type' => 'application/json',
  'user-agent' => 'Mozilla/5.0 (Windows NT 10.0; Win64; x64) AppleWebKit/537.36 (KHTML, like Gecko) Chrome/122.0.0.0 Safari/537.36',
  'x-requested-with' => 'XMLHttpRequest',
  'accept' => 'application/json, text/javascript, */*; q=0.01',
  'connection' => 'keep-alive',
  'host' => 'espay.com',
  'content-length' => '',
)
[ info ] [ PARAM ] array (
  'addtabs' => '1',
  'sort' => 'id',
  'order' => 'desc',
  'offset' => '0',
  'limit' => '10',
  'filter' => '{}',
  'op' => '{}',
  '_' => '1710139239877',
)
[ info ] [ LANG ] /mnt/projects/espay/public/../application/admin/lang/zh-cn.php
[ info ] [ BEHAVIOR ] Run app\common\behavior\Common @module_init [ RunTime:0.002957s ]
[ info ] [ SESSION ] INIT array (
  'id' => '',
  'var_session_id' => '',
  'prefix' => 'think',
  'type' => '',
  'auto_start' => true,
)
[ info ] [ DB ] INIT mysql
[ info ] [ BEHAVIOR ] Run \addons\geetest\Geetest @config_init [ RunTime:0.000736s ]
[ info ] [ BEHAVIOR ] Run \addons\goeasy\Goeasy @config_init [ RunTime:0.001879s ]
[ info ] [ BEHAVIOR ] Run \addons\nkeditor\Nkeditor @config_init [ RunTime:0.000592s ]
[ info ] [ LANG ] /mnt/projects/espay/public/../application/admin/lang/zh-cn/api/upstream.php
[ info ] [ BEHAVIOR ] Run \addons\geetest\Geetest @action_begin [ RunTime:0.000040s ]
[ info ] [ RUN ] app\common\controller\Backend->index[ /mnt/projects/espay/application/admin/library/traits/Backend.php ]
[ info ] [ BEHAVIOR ] Run app\admin\behavior\AdminLog @app_end [ RunTime:0.000610s ]
[ info ] [ BEHAVIOR ] Run \addons\loginvideo\Loginvideo @response_send [ RunTime:0.000641s ]
[ info ] [ LOG ] INIT File
---------------------------------------------------------------
[ 2024-03-11T14:40:42+08:00 ] 10.50.50.2 GET espay.com/admin.php/api/upstream/add?dialog=1
[运行时间：0.169163s] [吞吐率：5.91req/s] [内存消耗：4,593.39kb] [文件加载：151]
[ info ] [ BEHAVIOR ] Run Closure @app_init [ RunTime:0.000024s ]
[ info ] [ CACHE ] INIT redis
[ info ] [ BEHAVIOR ] Run Closure @app_init [ RunTime:0.008030s ]
[ info ] [ LANG ] /mnt/projects/espay/thinkphp/lang/zh-cn.php
[ info ] [ ROUTE ] array (
  'type' => 'module',
  'module' => 
  array (
    0 => 'admin',
    1 => 'api.upstream',
    2 => 'add',
  ),
)
[ info ] [ HEADER ] array (
  'cookie' => 'PHPSESSID=r0u4i3i29kvhjrb8kurkec08uv; keeplogin=1%7C86400%7C1709974436%7C2f8c8edab2b53473c0aaab017c754b5c; goeasyNode=6',
  'accept-language' => 'zh-CN,zh;q=0.9',
  'accept-encoding' => 'gzip, deflate',
  'referer' => 'http://espay.com/admin.php/api/upstream?addtabs=1',
  'accept' => 'text/html,application/xhtml+xml,application/xml;q=0.9,image/avif,image/webp,image/apng,*/*;q=0.8,application/signed-exchange;v=b3;q=0.7',
  'user-agent' => 'Mozilla/5.0 (Windows NT 10.0; Win64; x64) AppleWebKit/537.36 (KHTML, like Gecko) Chrome/122.0.0.0 Safari/537.36',
  'upgrade-insecure-requests' => '1',
  'connection' => 'keep-alive',
  'host' => 'espay.com',
  'content-length' => '',
  'content-type' => '',
)
[ info ] [ PARAM ] array (
  'dialog' => '1',
)
[ info ] [ LANG ] /mnt/projects/espay/public/../application/admin/lang/zh-cn.php
[ info ] [ BEHAVIOR ] Run app\common\behavior\Common @module_init [ RunTime:0.002863s ]
[ info ] [ SESSION ] INIT array (
  'id' => '',
  'var_session_id' => '',
  'prefix' => 'think',
  'type' => '',
  'auto_start' => true,
)
[ info ] [ DB ] INIT mysql
[ info ] [ BEHAVIOR ] Run \addons\geetest\Geetest @config_init [ RunTime:0.000832s ]
[ info ] [ BEHAVIOR ] Run \addons\goeasy\Goeasy @config_init [ RunTime:0.001867s ]
[ info ] [ BEHAVIOR ] Run \addons\nkeditor\Nkeditor @config_init [ RunTime:0.000577s ]
[ info ] [ LANG ] /mnt/projects/espay/public/../application/admin/lang/zh-cn/api/upstream.php
[ info ] [ BEHAVIOR ] Run \addons\geetest\Geetest @action_begin [ RunTime:0.000040s ]
[ info ] [ RUN ] app\common\controller\Backend->add[ /mnt/projects/espay/application/admin/library/traits/Backend.php ]
[ info ] [ VIEW ] /mnt/projects/espay/public/../application/admin/view/api/upstream/add.html [ array (
  0 => 'breadcrumb',
  1 => 'site',
  2 => 'config',
  3 => 'auth',
  4 => 'admin',
) ]
[ info ] [ BEHAVIOR ] Run app\admin\behavior\AdminLog @app_end [ RunTime:0.001068s ]
[ info ] [ BEHAVIOR ] Run \addons\loginvideo\Loginvideo @response_send [ RunTime:0.000739s ]
[ info ] [ LOG ] INIT File
---------------------------------------------------------------
[ 2024-03-11T14:40:43+08:00 ] 10.50.50.2 GET espay.com/admin.php/ajax/lang?callback=define&controllername=api.upstream&v=1710139242
[运行时间：0.122978s] [吞吐率：8.13req/s] [内存消耗：3,638.20kb] [文件加载：143]
[ info ] [ BEHAVIOR ] Run Closure @app_init [ RunTime:0.000024s ]
[ info ] [ CACHE ] INIT redis
[ info ] [ BEHAVIOR ] Run Closure @app_init [ RunTime:0.007007s ]
[ info ] [ LANG ] /mnt/projects/espay/thinkphp/lang/zh-cn.php
[ info ] [ ROUTE ] array (
  'type' => 'module',
  'module' => 
  array (
    0 => 'admin',
    1 => 'ajax',
    2 => 'lang',
  ),
)
[ info ] [ HEADER ] array (
  'cookie' => 'PHPSESSID=r0u4i3i29kvhjrb8kurkec08uv; keeplogin=1%7C86400%7C1709974436%7C2f8c8edab2b53473c0aaab017c754b5c; goeasyNode=6',
  'accept-language' => 'zh-CN,zh;q=0.9',
  'accept-encoding' => 'gzip, deflate',
  'referer' => 'http://espay.com/admin.php/api/upstream/add?dialog=1',
  'accept' => '*/*',
  'user-agent' => 'Mozilla/5.0 (Windows NT 10.0; Win64; x64) AppleWebKit/537.36 (KHTML, like Gecko) Chrome/122.0.0.0 Safari/537.36',
  'connection' => 'keep-alive',
  'host' => 'espay.com',
  'content-length' => '',
  'content-type' => '',
)
[ info ] [ PARAM ] array (
  'callback' => 'define',
  'controllername' => 'api.upstream',
  'v' => '1710139242',
)
[ info ] [ LANG ] /mnt/projects/espay/public/../application/admin/lang/zh-cn.php
[ info ] [ BEHAVIOR ] Run app\common\behavior\Common @module_init [ RunTime:0.003564s ]
[ info ] [ SESSION ] INIT array (
  'id' => '',
  'var_session_id' => '',
  'prefix' => 'think',
  'type' => '',
  'auto_start' => true,
)
[ info ] [ BEHAVIOR ] Run \addons\geetest\Geetest @config_init [ RunTime:0.000837s ]
[ info ] [ BEHAVIOR ] Run \addons\goeasy\Goeasy @config_init [ RunTime:0.001353s ]
[ info ] [ BEHAVIOR ] Run \addons\nkeditor\Nkeditor @config_init [ RunTime:0.000470s ]
[ info ] [ LANG ] /mnt/projects/espay/public/../application/admin/lang/zh-cn/ajax.php
[ info ] [ BEHAVIOR ] Run \addons\geetest\Geetest @action_begin [ RunTime:0.000095s ]
[ info ] [ RUN ] app\admin\controller\Ajax->lang[ /mnt/projects/espay/application/admin/controller/Ajax.php ]
[ info ] [ LANG ] /mnt/projects/espay/public/../application/admin/lang/zh-cn/api/upstream.php
[ info ] [ BEHAVIOR ] Run app\admin\behavior\AdminLog @app_end [ RunTime:0.000448s ]
[ info ] [ BEHAVIOR ] Run \addons\loginvideo\Loginvideo @response_send [ RunTime:0.000471s ]
[ info ] [ LOG ] INIT File
---------------------------------------------------------------
[ 2024-03-11T16:15:51+08:00 ] 10.50.50.2 GET espay.com/admin.php/api/rule?addtabs=1
[运行时间：0.307410s] [吞吐率：3.25req/s] [内存消耗：4,606.09kb] [文件加载：151]
[ info ] [ BEHAVIOR ] Run Closure @app_init [ RunTime:0.001215s ]
[ info ] [ CACHE ] INIT redis
[ info ] [ BEHAVIOR ] Run Closure @app_init [ RunTime:0.031280s ]
[ info ] [ LANG ] /mnt/projects/espay/thinkphp/lang/zh-cn.php
[ info ] [ ROUTE ] array (
  'type' => 'module',
  'module' => 
  array (
    0 => 'admin',
    1 => 'api.rule',
    2 => NULL,
  ),
)
[ info ] [ HEADER ] array (
  'cookie' => 'PHPSESSID=r0u4i3i29kvhjrb8kurkec08uv; keeplogin=1%7C86400%7C1709974436%7C2f8c8edab2b53473c0aaab017c754b5c; goeasyNode=6',
  'accept-language' => 'zh-CN,zh;q=0.9',
  'accept-encoding' => 'gzip, deflate',
  'referer' => 'http://espay.com/admin.php/api/rule?ref=addtabs',
  'accept' => 'text/html,application/xhtml+xml,application/xml;q=0.9,image/avif,image/webp,image/apng,*/*;q=0.8,application/signed-exchange;v=b3;q=0.7',
  'user-agent' => 'Mozilla/5.0 (Windows NT 10.0; Win64; x64) AppleWebKit/537.36 (KHTML, like Gecko) Chrome/122.0.0.0 Safari/537.36',
  'upgrade-insecure-requests' => '1',
  'connection' => 'keep-alive',
  'host' => 'espay.com',
  'content-length' => '',
  'content-type' => '',
)
[ info ] [ PARAM ] array (
  'addtabs' => '1',
)
[ info ] [ LANG ] /mnt/projects/espay/public/../application/admin/lang/zh-cn.php
[ info ] [ BEHAVIOR ] Run app\common\behavior\Common @module_init [ RunTime:0.009128s ]
[ info ] [ SESSION ] INIT array (
  'id' => '',
  'var_session_id' => '',
  'prefix' => 'think',
  'type' => '',
  'auto_start' => true,
)
[ info ] [ DB ] INIT mysql
[ info ] [ BEHAVIOR ] Run \addons\geetest\Geetest @config_init [ RunTime:0.002236s ]
[ info ] [ BEHAVIOR ] Run \addons\goeasy\Goeasy @config_init [ RunTime:0.003675s ]
[ info ] [ BEHAVIOR ] Run \addons\nkeditor\Nkeditor @config_init [ RunTime:0.002103s ]
[ info ] [ LANG ] /mnt/projects/espay/public/../application/admin/lang/zh-cn/api/rule.php
[ info ] [ BEHAVIOR ] Run \addons\geetest\Geetest @action_begin [ RunTime:0.000108s ]
[ info ] [ RUN ] app\admin\controller\api\Rule->index[ /mnt/projects/espay/application/admin/controller/api/Rule.php ]
[ info ] [ VIEW ] /mnt/projects/espay/public/../application/admin/view/api/rule/index.html [ array (
  0 => 'breadcrumb',
  1 => 'site',
  2 => 'config',
  3 => 'auth',
  4 => 'admin',
  5 => 'typeList',
) ]
[ info ] [ BEHAVIOR ] Run app\admin\behavior\AdminLog @app_end [ RunTime:0.000934s ]
[ info ] [ BEHAVIOR ] Run \addons\loginvideo\Loginvideo @response_send [ RunTime:0.000856s ]
[ info ] [ LOG ] INIT File
---------------------------------------------------------------
[ 2024-03-11T16:15:52+08:00 ] 10.50.50.2 GET espay.com/admin.php/ajax/lang?callback=define&controllername=api.rule&v=1710144951
[运行时间：0.143841s] [吞吐率：6.95req/s] [内存消耗：3,638.53kb] [文件加载：143]
[ info ] [ BEHAVIOR ] Run Closure @app_init [ RunTime:0.000058s ]
[ info ] [ CACHE ] INIT redis
[ info ] [ BEHAVIOR ] Run Closure @app_init [ RunTime:0.009885s ]
[ info ] [ LANG ] /mnt/projects/espay/thinkphp/lang/zh-cn.php
[ info ] [ ROUTE ] array (
  'type' => 'module',
  'module' => 
  array (
    0 => 'admin',
    1 => 'ajax',
    2 => 'lang',
  ),
)
[ info ] [ HEADER ] array (
  'cookie' => 'PHPSESSID=r0u4i3i29kvhjrb8kurkec08uv; keeplogin=1%7C86400%7C1709974436%7C2f8c8edab2b53473c0aaab017c754b5c; goeasyNode=6',
  'accept-language' => 'zh-CN,zh;q=0.9',
  'accept-encoding' => 'gzip, deflate',
  'referer' => 'http://espay.com/admin.php/api/rule?addtabs=1',
  'accept' => '*/*',
  'user-agent' => 'Mozilla/5.0 (Windows NT 10.0; Win64; x64) AppleWebKit/537.36 (KHTML, like Gecko) Chrome/122.0.0.0 Safari/537.36',
  'connection' => 'keep-alive',
  'host' => 'espay.com',
  'content-length' => '',
  'content-type' => '',
)
[ info ] [ PARAM ] array (
  'callback' => 'define',
  'controllername' => 'api.rule',
  'v' => '1710144951',
)
[ info ] [ LANG ] /mnt/projects/espay/public/../application/admin/lang/zh-cn.php
[ info ] [ BEHAVIOR ] Run app\common\behavior\Common @module_init [ RunTime:0.004222s ]
[ info ] [ SESSION ] INIT array (
  'id' => '',
  'var_session_id' => '',
  'prefix' => 'think',
  'type' => '',
  'auto_start' => true,
)
[ info ] [ BEHAVIOR ] Run \addons\geetest\Geetest @config_init [ RunTime:0.000893s ]
[ info ] [ BEHAVIOR ] Run \addons\goeasy\Goeasy @config_init [ RunTime:0.001691s ]
[ info ] [ BEHAVIOR ] Run \addons\nkeditor\Nkeditor @config_init [ RunTime:0.000716s ]
[ info ] [ LANG ] /mnt/projects/espay/public/../application/admin/lang/zh-cn/ajax.php
[ info ] [ BEHAVIOR ] Run \addons\geetest\Geetest @action_begin [ RunTime:0.000086s ]
[ info ] [ RUN ] app\admin\controller\Ajax->lang[ /mnt/projects/espay/application/admin/controller/Ajax.php ]
[ info ] [ LANG ] /mnt/projects/espay/public/../application/admin/lang/zh-cn/api/rule.php
[ info ] [ BEHAVIOR ] Run app\admin\behavior\AdminLog @app_end [ RunTime:0.000653s ]
[ info ] [ BEHAVIOR ] Run \addons\loginvideo\Loginvideo @response_send [ RunTime:0.000543s ]
[ info ] [ LOG ] INIT File
---------------------------------------------------------------
[ 2024-03-11T16:15:52+08:00 ] 10.50.50.2 GET espay.com/admin.php/api/rule/index?addtabs=1&sort=id&order=desc&offset=0&limit=10&filter=%7B%7D&op=%7B%7D&_=1710144951266
[运行时间：0.174327s] [吞吐率：5.74req/s] [内存消耗：4,793.09kb] [文件加载：156]
[ info ] [ BEHAVIOR ] Run Closure @app_init [ RunTime:0.000067s ]
[ info ] [ CACHE ] INIT redis
[ info ] [ BEHAVIOR ] Run Closure @app_init [ RunTime:0.008149s ]
[ info ] [ LANG ] /mnt/projects/espay/thinkphp/lang/zh-cn.php
[ info ] [ ROUTE ] array (
  'type' => 'module',
  'module' => 
  array (
    0 => 'admin',
    1 => 'api.rule',
    2 => 'index',
  ),
)
[ info ] [ HEADER ] array (
  'cookie' => 'PHPSESSID=r0u4i3i29kvhjrb8kurkec08uv; keeplogin=1%7C86400%7C1709974436%7C2f8c8edab2b53473c0aaab017c754b5c; goeasyNode=6',
  'accept-language' => 'zh-CN,zh;q=0.9',
  'accept-encoding' => 'gzip, deflate',
  'referer' => 'http://espay.com/admin.php/api/rule?addtabs=1',
  'content-type' => 'application/json',
  'user-agent' => 'Mozilla/5.0 (Windows NT 10.0; Win64; x64) AppleWebKit/537.36 (KHTML, like Gecko) Chrome/122.0.0.0 Safari/537.36',
  'x-requested-with' => 'XMLHttpRequest',
  'accept' => 'application/json, text/javascript, */*; q=0.01',
  'connection' => 'keep-alive',
  'host' => 'espay.com',
  'content-length' => '',
)
[ info ] [ PARAM ] array (
  'addtabs' => '1',
  'sort' => 'id',
  'order' => 'desc',
  'offset' => '0',
  'limit' => '10',
  'filter' => '{}',
  'op' => '{}',
  '_' => '1710144951266',
)
[ info ] [ LANG ] /mnt/projects/espay/public/../application/admin/lang/zh-cn.php
[ info ] [ BEHAVIOR ] Run app\common\behavior\Common @module_init [ RunTime:0.003262s ]
[ info ] [ SESSION ] INIT array (
  'id' => '',
  'var_session_id' => '',
  'prefix' => 'think',
  'type' => '',
  'auto_start' => true,
)
[ info ] [ DB ] INIT mysql
[ info ] [ BEHAVIOR ] Run \addons\geetest\Geetest @config_init [ RunTime:0.000599s ]
[ info ] [ BEHAVIOR ] Run \addons\goeasy\Goeasy @config_init [ RunTime:0.001608s ]
[ info ] [ BEHAVIOR ] Run \addons\nkeditor\Nkeditor @config_init [ RunTime:0.001063s ]
[ info ] [ LANG ] /mnt/projects/espay/public/../application/admin/lang/zh-cn/api/rule.php
[ info ] [ BEHAVIOR ] Run \addons\geetest\Geetest @action_begin [ RunTime:0.000072s ]
[ info ] [ RUN ] app\admin\controller\api\Rule->index[ /mnt/projects/espay/application/admin/controller/api/Rule.php ]
[ info ] [ BEHAVIOR ] Run app\admin\behavior\AdminLog @app_end [ RunTime:0.000509s ]
[ info ] [ BEHAVIOR ] Run \addons\loginvideo\Loginvideo @response_send [ RunTime:0.000571s ]
[ info ] [ LOG ] INIT File
---------------------------------------------------------------
[ 2024-03-11T16:15:54+08:00 ] 10.50.50.2 GET espay.com/admin.php/api/type/index?addtabs=1&sort=weight&order=ASC&offset=0&limit=10&filter=%7B%7D&op=%7B%7D&_=1710139239110
[运行时间：0.219132s] [吞吐率：4.56req/s] [内存消耗：4,782.53kb] [文件加载：157]
[ info ] [ BEHAVIOR ] Run Closure @app_init [ RunTime:0.000054s ]
[ info ] [ CACHE ] INIT redis
[ info ] [ BEHAVIOR ] Run Closure @app_init [ RunTime:0.009644s ]
[ info ] [ LANG ] /mnt/projects/espay/thinkphp/lang/zh-cn.php
[ info ] [ ROUTE ] array (
  'type' => 'module',
  'module' => 
  array (
    0 => 'admin',
    1 => 'api.type',
    2 => 'index',
  ),
)
[ info ] [ HEADER ] array (
  'cookie' => 'PHPSESSID=r0u4i3i29kvhjrb8kurkec08uv; keeplogin=1%7C86400%7C1709974436%7C2f8c8edab2b53473c0aaab017c754b5c; goeasyNode=6',
  'accept-language' => 'zh-CN,zh;q=0.9',
  'accept-encoding' => 'gzip, deflate',
  'referer' => 'http://espay.com/admin.php/api/type?addtabs=1',
  'content-type' => 'application/json',
  'user-agent' => 'Mozilla/5.0 (Windows NT 10.0; Win64; x64) AppleWebKit/537.36 (KHTML, like Gecko) Chrome/122.0.0.0 Safari/537.36',
  'x-requested-with' => 'XMLHttpRequest',
  'accept' => 'application/json, text/javascript, */*; q=0.01',
  'connection' => 'keep-alive',
  'host' => 'espay.com',
  'content-length' => '',
)
[ info ] [ PARAM ] array (
  'addtabs' => '1',
  'sort' => 'weight',
  'order' => 'ASC',
  'offset' => '0',
  'limit' => '10',
  'filter' => '{}',
  'op' => '{}',
  '_' => '1710139239110',
)
[ info ] [ LANG ] /mnt/projects/espay/public/../application/admin/lang/zh-cn.php
[ info ] [ BEHAVIOR ] Run app\common\behavior\Common @module_init [ RunTime:0.004038s ]
[ info ] [ SESSION ] INIT array (
  'id' => '',
  'var_session_id' => '',
  'prefix' => 'think',
  'type' => '',
  'auto_start' => true,
)
[ info ] [ DB ] INIT mysql
[ info ] [ BEHAVIOR ] Run \addons\geetest\Geetest @config_init [ RunTime:0.000934s ]
[ info ] [ BEHAVIOR ] Run \addons\goeasy\Goeasy @config_init [ RunTime:0.001780s ]
[ info ] [ BEHAVIOR ] Run \addons\nkeditor\Nkeditor @config_init [ RunTime:0.000652s ]
[ info ] [ LANG ] /mnt/projects/espay/public/../application/admin/lang/zh-cn/api/type.php
[ info ] [ BEHAVIOR ] Run \addons\geetest\Geetest @action_begin [ RunTime:0.000178s ]
[ info ] [ RUN ] app\admin\controller\api\Type->index[ /mnt/projects/espay/application/admin/controller/api/Type.php ]
[ info ] [ BEHAVIOR ] Run app\admin\behavior\AdminLog @app_end [ RunTime:0.002313s ]
[ info ] [ BEHAVIOR ] Run \addons\loginvideo\Loginvideo @response_send [ RunTime:0.001285s ]
[ info ] [ LOG ] INIT File
---------------------------------------------------------------
[ 2024-03-11T16:15:55+08:00 ] 10.50.50.2 GET espay.com/admin.php/api/type/index?addtabs=1&sort=weight&order=ASC&offset=0&limit=10&filter=%7B%7D&op=%7B%7D&_=1710139239111
[运行时间：0.411604s] [吞吐率：2.43req/s] [内存消耗：4,782.53kb] [文件加载：157]
[ info ] [ BEHAVIOR ] Run Closure @app_init [ RunTime:0.000063s ]
[ info ] [ CACHE ] INIT redis
[ info ] [ BEHAVIOR ] Run Closure @app_init [ RunTime:0.014171s ]
[ info ] [ LANG ] /mnt/projects/espay/thinkphp/lang/zh-cn.php
[ info ] [ ROUTE ] array (
  'type' => 'module',
  'module' => 
  array (
    0 => 'admin',
    1 => 'api.type',
    2 => 'index',
  ),
)
[ info ] [ HEADER ] array (
  'cookie' => 'PHPSESSID=r0u4i3i29kvhjrb8kurkec08uv; keeplogin=1%7C86400%7C1709974436%7C2f8c8edab2b53473c0aaab017c754b5c; goeasyNode=6',
  'accept-language' => 'zh-CN,zh;q=0.9',
  'accept-encoding' => 'gzip, deflate',
  'referer' => 'http://espay.com/admin.php/api/type?addtabs=1',
  'content-type' => 'application/json',
  'user-agent' => 'Mozilla/5.0 (Windows NT 10.0; Win64; x64) AppleWebKit/537.36 (KHTML, like Gecko) Chrome/122.0.0.0 Safari/537.36',
  'x-requested-with' => 'XMLHttpRequest',
  'accept' => 'application/json, text/javascript, */*; q=0.01',
  'connection' => 'keep-alive',
  'host' => 'espay.com',
  'content-length' => '',
)
[ info ] [ PARAM ] array (
  'addtabs' => '1',
  'sort' => 'weight',
  'order' => 'ASC',
  'offset' => '0',
  'limit' => '10',
  'filter' => '{}',
  'op' => '{}',
  '_' => '1710139239111',
)
[ info ] [ LANG ] /mnt/projects/espay/public/../application/admin/lang/zh-cn.php
[ info ] [ BEHAVIOR ] Run app\common\behavior\Common @module_init [ RunTime:0.004007s ]
[ info ] [ SESSION ] INIT array (
  'id' => '',
  'var_session_id' => '',
  'prefix' => 'think',
  'type' => '',
  'auto_start' => true,
)
[ info ] [ DB ] INIT mysql
[ info ] [ BEHAVIOR ] Run \addons\geetest\Geetest @config_init [ RunTime:0.000994s ]
[ info ] [ BEHAVIOR ] Run \addons\goeasy\Goeasy @config_init [ RunTime:0.001632s ]
[ info ] [ BEHAVIOR ] Run \addons\nkeditor\Nkeditor @config_init [ RunTime:0.000822s ]
[ info ] [ LANG ] /mnt/projects/espay/public/../application/admin/lang/zh-cn/api/type.php
[ info ] [ BEHAVIOR ] Run \addons\geetest\Geetest @action_begin [ RunTime:0.000049s ]
[ info ] [ RUN ] app\admin\controller\api\Type->index[ /mnt/projects/espay/application/admin/controller/api/Type.php ]
[ info ] [ BEHAVIOR ] Run app\admin\behavior\AdminLog @app_end [ RunTime:0.001151s ]
[ info ] [ BEHAVIOR ] Run \addons\loginvideo\Loginvideo @response_send [ RunTime:0.000950s ]
[ info ] [ LOG ] INIT File
