[ 2024-03-18T09:54:52+08:00 ][ sql ] [ DB ] CONNECT:[ UseTime:0.000329s ] mysql:host=127.0.0.1;port=3306;dbname=espay;charset=utf8
[ 2024-03-18T09:54:52+08:00 ][ sql ] [ SQL ] SHOW COLUMNS FROM `ep_order` [ RunTime:0.000597s ]
[ 2024-03-18T09:54:52+08:00 ][ sql ] [ SQL ] SELECT * FROM `ep_order` WHERE  `id` = 1 LIMIT 1 [ RunTime:0.000288s ]
[ 2024-03-18T09:54:52+08:00 ][ sql ] [ SQL ] SHOW COLUMNS FROM `ep_faqueue_log` [ RunTime:0.000403s ]
[ 2024-03-18T09:54:52+08:00 ][ sql ] [ SQL ] INSERT INTO `ep_faqueue_log` (`job` , `queue` , `data` , `create_time` , `update_time`) VALUES ('app\\common\\job\\Notify' , 'default' , '{\"order_id\":1}' , 1710726892 , 1710726892) [ RunTime:0.000259s ]
[ 2024-03-18T09:54:52+08:00 ][ sql ] [ SQL ] SHOW COLUMNS FROM `ep_user` [ RunTime:0.000609s ]
[ 2024-03-18T09:54:52+08:00 ][ sql ] [ SQL ] SELECT * FROM `ep_user` WHERE  `merchant_id` = 2024034 LIMIT 1 [ RunTime:0.000411s ]
[ 2024-03-18T09:54:52+08:00 ][ sql ] [ SQL ] SHOW COLUMNS FROM `ep_notify_log` [ RunTime:0.002119s ]
[ 2024-03-18T09:54:52+08:00 ][ sql ] [ SQL ] INSERT INTO `ep_notify_log` (`order_id` , `data` , `notifyurl` , `result` , `createtime`) VALUES (1 , 'merId=2024034&orderId=20160806151343349&sysOrderId=1710324235476166403&desc=测试数据&orderAmt=1000.00&status=0&nonceStr=OeL7kNiIAjrZqyazVwxtSns2GUhYBHpF&sign=BBA95982E4298F607E5A3E3D9590BC34' , 'http://test.notifyUrl.com' , 'Could not resolve: test.notifyUrl.com (Domain name not found)' , 1710726892) [ RunTime:0.001089s ]
[ 2024-03-18T09:54:52+08:00 ][ sql ] [ SQL ] UPDATE `ep_order`  SET `notify_status`='1',`notify_count`=1  WHERE  `id` = 1 [ RunTime:0.001129s ]
[ 2024-03-18T10:17:34+08:00 ][ sql ] [ DB ] CONNECT:[ UseTime:0.000456s ] mysql:host=127.0.0.1;port=3306;dbname=espay;charset=utf8
[ 2024-03-18T10:17:34+08:00 ][ sql ] [ SQL ] SHOW COLUMNS FROM `ep_order` [ RunTime:0.000647s ]
[ 2024-03-18T10:17:34+08:00 ][ sql ] [ SQL ] SELECT * FROM `ep_order` WHERE  `id` = 1 LIMIT 1 [ RunTime:0.000320s ]
[ 2024-03-18T10:17:34+08:00 ][ sql ] [ SQL ] SHOW COLUMNS FROM `ep_faqueue_log` [ RunTime:0.000358s ]
[ 2024-03-18T10:17:34+08:00 ][ sql ] [ SQL ] INSERT INTO `ep_faqueue_log` (`job` , `queue` , `data` , `create_time` , `update_time`) VALUES ('app\\common\\job\\Notify' , 'default' , '{\"order_id\":1}' , 1710728254 , 1710728254) [ RunTime:0.000256s ]
[ 2024-03-18T10:17:34+08:00 ][ sql ] [ SQL ] SHOW COLUMNS FROM `ep_user` [ RunTime:0.000864s ]
[ 2024-03-18T10:17:34+08:00 ][ sql ] [ SQL ] SELECT * FROM `ep_user` WHERE  `merchant_id` = 2024034 LIMIT 1 [ RunTime:0.000431s ]
[ 2024-03-18T10:17:37+08:00 ][ sql ] [ SQL ] SHOW COLUMNS FROM `ep_notify_log` [ RunTime:0.002396s ]
[ 2024-03-18T10:17:37+08:00 ][ sql ] [ SQL ] INSERT INTO `ep_notify_log` (`order_id` , `data` , `notifyurl` , `result` , `createtime`) VALUES (1 , 'merId=2024034&orderId=20160806151343349&sysOrderId=1710324235476166403&desc=测试数据&orderAmt=1000.00&status=0&nonceStr=DiUR24VwqP7vOLtxrlICs681AaQNWdZf&sign=26723C4D0CFAAC0D1A282CF7A2643509' , 'http://test.notifyUrl.com' , 'Could not resolve: test.notifyUrl.com (Domain name not found)' , 1710728257) [ RunTime:0.001361s ]
[ 2024-03-18T10:17:37+08:00 ][ sql ] [ SQL ] UPDATE `ep_order`  SET `notify_count`=2  WHERE  `id` = 1 [ RunTime:0.001083s ]
[ 2024-03-18T10:17:38+08:00 ][ sql ] [ SQL ] SELECT * FROM `ep_order` WHERE  `id` = 1 LIMIT 1 [ RunTime:0.000895s ]
[ 2024-03-18T10:17:38+08:00 ][ sql ] [ SQL ] INSERT INTO `ep_faqueue_log` (`job` , `queue` , `data` , `create_time` , `update_time`) VALUES ('app\\common\\job\\Notify' , 'default' , '{\"order_id\":1}' , 1710728258 , 1710728258) [ RunTime:0.000592s ]
[ 2024-03-18T10:17:38+08:00 ][ sql ] [ SQL ] SELECT * FROM `ep_user` WHERE  `merchant_id` = 2024034 LIMIT 1 [ RunTime:0.000985s ]
[ 2024-03-18T10:17:38+08:00 ][ sql ] [ SQL ] INSERT INTO `ep_notify_log` (`order_id` , `data` , `notifyurl` , `result` , `createtime`) VALUES (1 , 'merId=2024034&orderId=20160806151343349&sysOrderId=1710324235476166403&desc=测试数据&orderAmt=1000.00&status=0&nonceStr=y9QtHsdVUoW6jcFB2pSGgE71hZaRnrLI&sign=0D694480E0B67ADAEFDA4D8226EA96EA' , 'http://test.notifyUrl.com' , 'Could not resolve: test.notifyUrl.com (Domain name not found)' , 1710728258) [ RunTime:0.000499s ]
[ 2024-03-18T10:17:38+08:00 ][ sql ] [ SQL ] UPDATE `ep_order`  SET `notify_count`=3  WHERE  `id` = 1 [ RunTime:0.000995s ]
[ 2024-03-18T10:17:38+08:00 ][ sql ] [ SQL ] SELECT * FROM `ep_order` WHERE  `id` = 1 LIMIT 1 [ RunTime:0.001461s ]
[ 2024-03-18T10:17:38+08:00 ][ sql ] [ SQL ] INSERT INTO `ep_faqueue_log` (`job` , `queue` , `data` , `create_time` , `update_time`) VALUES ('app\\common\\job\\Notify' , 'default' , '{\"order_id\":1}' , 1710728258 , 1710728258) [ RunTime:0.001010s ]
[ 2024-03-18T10:17:38+08:00 ][ sql ] [ SQL ] SELECT * FROM `ep_user` WHERE  `merchant_id` = 2024034 LIMIT 1 [ RunTime:0.001564s ]
[ 2024-03-18T10:17:38+08:00 ][ sql ] [ SQL ] INSERT INTO `ep_notify_log` (`order_id` , `data` , `notifyurl` , `result` , `createtime`) VALUES (1 , 'merId=2024034&orderId=20160806151343349&sysOrderId=1710324235476166403&desc=测试数据&orderAmt=1000.00&status=0&nonceStr=4jvmTG5QIYpr3bFB208fXzoltUHENAu9&sign=75ED3C27D74C6E11572AEC05AF10EBC3' , 'http://test.notifyUrl.com' , 'Could not resolve: test.notifyUrl.com (Domain name not found)' , 1710728258) [ RunTime:0.001187s ]
[ 2024-03-18T10:17:38+08:00 ][ sql ] [ SQL ] UPDATE `ep_order`  SET `notify_count`=4  WHERE  `id` = 1 [ RunTime:0.001123s ]
[ 2024-03-18T10:17:38+08:00 ][ sql ] [ SQL ] SELECT * FROM `ep_order` WHERE  `id` = 1 LIMIT 1 [ RunTime:0.001266s ]
[ 2024-03-18T10:17:38+08:00 ][ sql ] [ SQL ] INSERT INTO `ep_faqueue_log` (`job` , `queue` , `data` , `create_time` , `update_time`) VALUES ('app\\common\\job\\Notify' , 'default' , '{\"order_id\":1}' , 1710728258 , 1710728258) [ RunTime:0.001039s ]
[ 2024-03-18T10:17:38+08:00 ][ sql ] [ SQL ] SELECT * FROM `ep_user` WHERE  `merchant_id` = 2024034 LIMIT 1 [ RunTime:0.001688s ]
[ 2024-03-18T10:17:38+08:00 ][ sql ] [ SQL ] INSERT INTO `ep_notify_log` (`order_id` , `data` , `notifyurl` , `result` , `createtime`) VALUES (1 , 'merId=2024034&orderId=20160806151343349&sysOrderId=1710324235476166403&desc=测试数据&orderAmt=1000.00&status=0&nonceStr=d0TkLSgl7iNbGKUc5Bh6qCumQPIeaps4&sign=161ED45EFF6B8AF696A0A82CD82DA1CD' , 'http://test.notifyUrl.com' , 'Could not resolve: test.notifyUrl.com (Domain name not found)' , 1710728258) [ RunTime:0.000661s ]
[ 2024-03-18T10:17:38+08:00 ][ sql ] [ SQL ] UPDATE `ep_order`  SET `notify_count`=5  WHERE  `id` = 1 [ RunTime:0.000575s ]
[ 2024-03-18T10:17:38+08:00 ][ sql ] [ SQL ] SELECT * FROM `ep_order` WHERE  `id` = 1 LIMIT 1 [ RunTime:0.000783s ]
[ 2024-03-18T10:17:41+08:00 ][ sql ] [ SQL ] SELECT * FROM `ep_order` WHERE  `id` = 1 LIMIT 1 [ RunTime:0.000751s ]
[ 2024-03-18T10:17:44+08:00 ][ sql ] [ SQL ] SELECT * FROM `ep_order` WHERE  `id` = 1 LIMIT 1 [ RunTime:0.001439s ]
[ 2024-03-18T10:17:47+08:00 ][ sql ] [ SQL ] SELECT * FROM `ep_order` WHERE  `id` = 1 LIMIT 1 [ RunTime:0.001547s ]
[ 2024-03-18T10:17:50+08:00 ][ sql ] [ SQL ] SELECT * FROM `ep_order` WHERE  `id` = 1 LIMIT 1 [ RunTime:0.001290s ]
[ 2024-03-18T10:17:54+08:00 ][ sql ] [ SQL ] SELECT * FROM `ep_order` WHERE  `id` = 1 LIMIT 1 [ RunTime:0.001162s ]
[ 2024-03-18T10:17:59+08:00 ][ sql ] [ SQL ] SELECT * FROM `ep_order` WHERE  `id` = 1 LIMIT 1 [ RunTime:0.000974s ]
