---------------------------------------------------------------
[ 2024-03-19T14:10:37+08:00 ] 10.50.50.2 GET espay.com/favicon.ico
[运行时间：0.244435s] [吞吐率：4.09req/s] [内存消耗：2,521.98kb] [文件加载：124]
[ info ] [ BEHAVIOR ] Run Closure @app_init [ RunTime:0.000055s ]
[ info ] [ CACHE ] INIT redis
[ info ] [ BEHAVIOR ] Run Closure @app_init [ RunTime:0.020788s ]
[ info ] [ LANG ] /mnt/projects/espay/thinkphp/lang/zh-cn.php
[ info ] [ ROUTE ] array (
  'type' => 'module',
  'module' => 
  array (
    0 => 'favicon.ico',
    1 => NULL,
    2 => NULL,
  ),
)
[ info ] [ HEADER ] array (
  'accept-language' => 'zh-CN,zh;q=0.9',
  'accept-encoding' => 'gzip, deflate',
  'user-agent' => 'Mozilla/5.0 (Windows NT 10.0; Win64; x64) AppleWebKit/537.36 (KHTML, like Gecko) Chrome/119.0.6045.160 Safari/537.36',
  'connection' => 'keep-alive',
  'host' => 'espay.com',
  'content-length' => '',
  'content-type' => '',
)
[ info ] [ PARAM ] array (
)
[ info ] [ BEHAVIOR ] Run \addons\loginvideo\Loginvideo @response_send [ RunTime:0.013381s ]
[ info ] [ LOG ] INIT File
---------------------------------------------------------------
[ 2024-03-19T17:27:17+08:00 ] 10.50.50.2 GET espay.com/admin.php
[运行时间：0.274257s] [吞吐率：3.65req/s] [内存消耗：4,852.57kb] [文件加载：162]
[ info ] [ BEHAVIOR ] Run Closure @app_init [ RunTime:0.000030s ]
[ info ] [ CACHE ] INIT redis
[ info ] [ BEHAVIOR ] Run Closure @app_init [ RunTime:0.008891s ]
[ info ] [ LANG ] /mnt/projects/espay/thinkphp/lang/zh-cn.php
[ info ] [ ROUTE ] array (
  'type' => 'module',
  'module' => 
  array (
    0 => 'admin',
    1 => NULL,
    2 => NULL,
  ),
)
[ info ] [ HEADER ] array (
  'cookie' => 'PHPSESSID=9mhmdagqe087m8is2o8ds3sfml; keeplogin=1%7C86400%7C1710410918%7C834ed8a7d5280a89719725b2f63cf2c4; goeasyNode=9',
  'accept-language' => 'zh-CN,zh;q=0.9',
  'accept-encoding' => 'gzip, deflate',
  'accept' => 'text/html,application/xhtml+xml,application/xml;q=0.9,image/avif,image/webp,image/apng,*/*;q=0.8,application/signed-exchange;v=b3;q=0.7',
  'purpose' => 'prefetch',
  'sec-purpose' => 'prefetch;prerender',
  'user-agent' => 'Mozilla/5.0 (Windows NT 10.0; Win64; x64) AppleWebKit/537.36 (KHTML, like Gecko) Chrome/122.0.0.0 Safari/537.36',
  'upgrade-insecure-requests' => '1',
  'connection' => 'keep-alive',
  'host' => 'espay.com',
  'content-length' => '',
  'content-type' => '',
)
[ info ] [ PARAM ] array (
)
[ info ] [ LANG ] /mnt/projects/espay/public/../application/admin/lang/zh-cn.php
[ info ] [ BEHAVIOR ] Run app\common\behavior\Common @module_init [ RunTime:0.004356s ]
[ info ] [ SESSION ] INIT array (
  'id' => '',
  'var_session_id' => '',
  'prefix' => 'think',
  'type' => '',
  'auto_start' => true,
)
[ info ] [ BEHAVIOR ] Run \addons\geetest\Geetest @config_init [ RunTime:0.001470s ]
[ info ] [ BEHAVIOR ] Run \addons\goeasy\Goeasy @config_init [ RunTime:0.002333s ]
[ info ] [ BEHAVIOR ] Run \addons\nkeditor\Nkeditor @config_init [ RunTime:0.000605s ]
[ info ] [ LANG ] /mnt/projects/espay/public/../application/admin/lang/zh-cn/index.php
[ info ] [ BEHAVIOR ] Run \addons\geetest\Geetest @action_begin [ RunTime:0.000041s ]
[ info ] [ RUN ] app\admin\controller\Index->index[ /mnt/projects/espay/application/admin/controller/Index.php ]
[ info ] [ DB ] INIT mysql
[ info ] [ VIEW ] /mnt/projects/espay/public/../application/admin/view/index/index.html [ array (
  0 => 'breadcrumb',
  1 => 'site',
  2 => 'config',
  3 => 'auth',
  4 => 'admin',
  5 => 'menulist',
  6 => 'navlist',
  7 => 'fixedmenu',
  8 => 'referermenu',
  9 => 'title',
) ]
[ info ] [ BEHAVIOR ] Run app\admin\behavior\AdminLog @app_end [ RunTime:0.001130s ]
[ info ] [ BEHAVIOR ] Run \addons\loginvideo\Loginvideo @response_send [ RunTime:0.000797s ]
[ info ] [ LOG ] INIT File
---------------------------------------------------------------
[ 2024-03-19T17:27:18+08:00 ] 10.50.50.2 GET espay.com/admin.php/dashboard?addtabs=1
[运行时间：0.191571s] [吞吐率：5.22req/s] [内存消耗：4,782.23kb] [文件加载：154]
[ info ] [ BEHAVIOR ] Run Closure @app_init [ RunTime:0.000034s ]
[ info ] [ CACHE ] INIT redis
[ info ] [ BEHAVIOR ] Run Closure @app_init [ RunTime:0.007788s ]
[ info ] [ LANG ] /mnt/projects/espay/thinkphp/lang/zh-cn.php
[ info ] [ ROUTE ] array (
  'type' => 'module',
  'module' => 
  array (
    0 => 'admin',
    1 => 'dashboard',
    2 => NULL,
  ),
)
[ info ] [ HEADER ] array (
  'cookie' => 'PHPSESSID=9mhmdagqe087m8is2o8ds3sfml; keeplogin=1%7C86400%7C1710410918%7C834ed8a7d5280a89719725b2f63cf2c4; goeasyNode=9',
  'accept-language' => 'zh-CN,zh;q=0.9',
  'accept-encoding' => 'gzip, deflate',
  'referer' => 'http://espay.com/admin.php',
  'accept' => 'text/html,application/xhtml+xml,application/xml;q=0.9,image/avif,image/webp,image/apng,*/*;q=0.8,application/signed-exchange;v=b3;q=0.7',
  'purpose' => 'prefetch',
  'sec-purpose' => 'prefetch;prerender',
  'user-agent' => 'Mozilla/5.0 (Windows NT 10.0; Win64; x64) AppleWebKit/537.36 (KHTML, like Gecko) Chrome/122.0.0.0 Safari/537.36',
  'upgrade-insecure-requests' => '1',
  'connection' => 'keep-alive',
  'host' => 'espay.com',
  'content-length' => '',
  'content-type' => '',
)
[ info ] [ PARAM ] array (
  'addtabs' => '1',
)
[ info ] [ LANG ] /mnt/projects/espay/public/../application/admin/lang/zh-cn.php
[ info ] [ BEHAVIOR ] Run app\common\behavior\Common @module_init [ RunTime:0.003601s ]
[ info ] [ SESSION ] INIT array (
  'id' => '',
  'var_session_id' => '',
  'prefix' => 'think',
  'type' => '',
  'auto_start' => true,
)
[ info ] [ DB ] INIT mysql
[ info ] [ BEHAVIOR ] Run \addons\geetest\Geetest @config_init [ RunTime:0.001042s ]
[ info ] [ BEHAVIOR ] Run \addons\goeasy\Goeasy @config_init [ RunTime:0.002066s ]
[ info ] [ BEHAVIOR ] Run \addons\nkeditor\Nkeditor @config_init [ RunTime:0.000863s ]
[ info ] [ LANG ] /mnt/projects/espay/public/../application/admin/lang/zh-cn/dashboard.php
[ info ] [ BEHAVIOR ] Run \addons\geetest\Geetest @action_begin [ RunTime:0.000059s ]
[ info ] [ RUN ] app\admin\controller\Dashboard->index[ /mnt/projects/espay/application/admin/controller/Dashboard.php ]
[ info ] [ VIEW ] /mnt/projects/espay/public/../application/admin/view/dashboard/index.html [ array (
  0 => 'breadcrumb',
  1 => 'site',
  2 => 'config',
  3 => 'auth',
  4 => 'admin',
  5 => 'totalUser',
  6 => 'totalAgent',
  7 => 'totalOrder',
  8 => 'totalOrderAmount',
  9 => 'todayOrderCount',
  10 => 'todaySuccOrderCount',
  11 => 'todayMoney',
  12 => 'todayExpendMoney',
  13 => 'allOrderCount',
  14 => 'allMoney',
  15 => 'allExpendMoney',
  16 => 'totalviews',
  17 => 'todayuserlogin',
  18 => 'todayusersignup',
  19 => 'todayorder',
  20 => 'unsettleorder',
  21 => 'sevendnu',
  22 => 'sevendau',
  23 => 'paylist',
  24 => 'createlist',
  25 => 'addonversion',
  26 => 'uploadmode',
) ]
[ info ] [ BEHAVIOR ] Run app\admin\behavior\AdminLog @app_end [ RunTime:0.000917s ]
[ info ] [ BEHAVIOR ] Run \addons\loginvideo\Loginvideo @response_send [ RunTime:0.001424s ]
[ info ] [ LOG ] INIT File
---------------------------------------------------------------
[ 2024-03-19T17:27:19+08:00 ] 10.50.50.2 GET espay.com/admin.php/ajax/lang?callback=define&controllername=index&v=1710840437
[运行时间：0.171198s] [吞吐率：5.84req/s] [内存消耗：3,642.05kb] [文件加载：143]
[ info ] [ BEHAVIOR ] Run Closure @app_init [ RunTime:0.000019s ]
[ info ] [ CACHE ] INIT redis
[ info ] [ BEHAVIOR ] Run Closure @app_init [ RunTime:0.011732s ]
[ info ] [ LANG ] /mnt/projects/espay/thinkphp/lang/zh-cn.php
[ info ] [ ROUTE ] array (
  'type' => 'module',
  'module' => 
  array (
    0 => 'admin',
    1 => 'ajax',
    2 => 'lang',
  ),
)
[ info ] [ HEADER ] array (
  'cookie' => 'PHPSESSID=9mhmdagqe087m8is2o8ds3sfml; keeplogin=1%7C86400%7C1710410918%7C834ed8a7d5280a89719725b2f63cf2c4; goeasyNode=9',
  'accept-language' => 'zh-CN,zh;q=0.9',
  'accept-encoding' => 'gzip, deflate',
  'referer' => 'http://espay.com/admin.php',
  'accept' => '*/*',
  'user-agent' => 'Mozilla/5.0 (Windows NT 10.0; Win64; x64) AppleWebKit/537.36 (KHTML, like Gecko) Chrome/122.0.0.0 Safari/537.36',
  'connection' => 'keep-alive',
  'host' => 'espay.com',
  'content-length' => '',
  'content-type' => '',
)
[ info ] [ PARAM ] array (
  'callback' => 'define',
  'controllername' => 'index',
  'v' => '1710840437',
)
[ info ] [ LANG ] /mnt/projects/espay/public/../application/admin/lang/zh-cn.php
[ info ] [ BEHAVIOR ] Run app\common\behavior\Common @module_init [ RunTime:0.005318s ]
[ info ] [ SESSION ] INIT array (
  'id' => '',
  'var_session_id' => '',
  'prefix' => 'think',
  'type' => '',
  'auto_start' => true,
)
[ info ] [ BEHAVIOR ] Run \addons\geetest\Geetest @config_init [ RunTime:0.000768s ]
[ info ] [ BEHAVIOR ] Run \addons\goeasy\Goeasy @config_init [ RunTime:0.001377s ]
[ info ] [ BEHAVIOR ] Run \addons\nkeditor\Nkeditor @config_init [ RunTime:0.000496s ]
[ info ] [ LANG ] /mnt/projects/espay/public/../application/admin/lang/zh-cn/ajax.php
[ info ] [ BEHAVIOR ] Run \addons\geetest\Geetest @action_begin [ RunTime:0.000054s ]
[ info ] [ RUN ] app\admin\controller\Ajax->lang[ /mnt/projects/espay/application/admin/controller/Ajax.php ]
[ info ] [ LANG ] /mnt/projects/espay/public/../application/admin/lang/zh-cn/index.php
[ info ] [ BEHAVIOR ] Run app\admin\behavior\AdminLog @app_end [ RunTime:0.000461s ]
[ info ] [ BEHAVIOR ] Run \addons\loginvideo\Loginvideo @response_send [ RunTime:0.000775s ]
[ info ] [ LOG ] INIT File
---------------------------------------------------------------
[ 2024-03-19T17:27:19+08:00 ] 10.50.50.2 GET espay.com/admin.php/ajax/lang?callback=define&controllername=dashboard&v=1710840438
[运行时间：0.168083s] [吞吐率：5.95req/s] [内存消耗：3,640.52kb] [文件加载：143]
[ info ] [ BEHAVIOR ] Run Closure @app_init [ RunTime:0.000024s ]
[ info ] [ CACHE ] INIT redis
[ info ] [ BEHAVIOR ] Run Closure @app_init [ RunTime:0.011612s ]
[ info ] [ LANG ] /mnt/projects/espay/thinkphp/lang/zh-cn.php
[ info ] [ ROUTE ] array (
  'type' => 'module',
  'module' => 
  array (
    0 => 'admin',
    1 => 'ajax',
    2 => 'lang',
  ),
)
[ info ] [ HEADER ] array (
  'cookie' => 'PHPSESSID=9mhmdagqe087m8is2o8ds3sfml; keeplogin=1%7C86400%7C1710410918%7C834ed8a7d5280a89719725b2f63cf2c4; goeasyNode=9',
  'accept-language' => 'zh-CN,zh;q=0.9',
  'accept-encoding' => 'gzip, deflate',
  'referer' => 'http://espay.com/admin.php/dashboard?addtabs=1',
  'accept' => '*/*',
  'user-agent' => 'Mozilla/5.0 (Windows NT 10.0; Win64; x64) AppleWebKit/537.36 (KHTML, like Gecko) Chrome/122.0.0.0 Safari/537.36',
  'connection' => 'keep-alive',
  'host' => 'espay.com',
  'content-length' => '',
  'content-type' => '',
)
[ info ] [ PARAM ] array (
  'callback' => 'define',
  'controllername' => 'dashboard',
  'v' => '1710840438',
)
[ info ] [ LANG ] /mnt/projects/espay/public/../application/admin/lang/zh-cn.php
[ info ] [ BEHAVIOR ] Run app\common\behavior\Common @module_init [ RunTime:0.005292s ]
[ info ] [ SESSION ] INIT array (
  'id' => '',
  'var_session_id' => '',
  'prefix' => 'think',
  'type' => '',
  'auto_start' => true,
)
[ info ] [ BEHAVIOR ] Run \addons\geetest\Geetest @config_init [ RunTime:0.001104s ]
[ info ] [ BEHAVIOR ] Run \addons\goeasy\Goeasy @config_init [ RunTime:0.001684s ]
[ info ] [ BEHAVIOR ] Run \addons\nkeditor\Nkeditor @config_init [ RunTime:0.000578s ]
[ info ] [ LANG ] /mnt/projects/espay/public/../application/admin/lang/zh-cn/ajax.php
[ info ] [ BEHAVIOR ] Run \addons\geetest\Geetest @action_begin [ RunTime:0.000045s ]
[ info ] [ RUN ] app\admin\controller\Ajax->lang[ /mnt/projects/espay/application/admin/controller/Ajax.php ]
[ info ] [ LANG ] /mnt/projects/espay/public/../application/admin/lang/zh-cn/dashboard.php
[ info ] [ BEHAVIOR ] Run app\admin\behavior\AdminLog @app_end [ RunTime:0.001088s ]
[ info ] [ BEHAVIOR ] Run \addons\loginvideo\Loginvideo @response_send [ RunTime:0.001218s ]
[ info ] [ LOG ] INIT File
---------------------------------------------------------------
[ 2024-03-19T17:27:19+08:00 ] 10.50.50.2 POST espay.com/admin.php/dashboard/chart
[运行时间：0.201283s] [吞吐率：4.97req/s] [内存消耗：4,580.74kb] [文件加载：155]
[ info ] [ BEHAVIOR ] Run Closure @app_init [ RunTime:0.000022s ]
[ info ] [ CACHE ] INIT redis
[ info ] [ BEHAVIOR ] Run Closure @app_init [ RunTime:0.017473s ]
[ info ] [ LANG ] /mnt/projects/espay/thinkphp/lang/zh-cn.php
[ info ] [ ROUTE ] array (
  'type' => 'module',
  'module' => 
  array (
    0 => 'admin',
    1 => 'dashboard',
    2 => 'chart',
  ),
)
[ info ] [ HEADER ] array (
  'cookie' => 'PHPSESSID=9mhmdagqe087m8is2o8ds3sfml; keeplogin=1%7C86400%7C1710410918%7C834ed8a7d5280a89719725b2f63cf2c4; goeasyNode=9',
  'accept-language' => 'zh-CN,zh;q=0.9',
  'accept-encoding' => 'gzip, deflate',
  'referer' => 'http://espay.com/admin.php/dashboard?addtabs=1',
  'origin' => 'http://espay.com',
  'x-requested-with' => 'XMLHttpRequest',
  'user-agent' => 'Mozilla/5.0 (Windows NT 10.0; Win64; x64) AppleWebKit/537.36 (KHTML, like Gecko) Chrome/122.0.0.0 Safari/537.36',
  'accept' => 'application/json, text/javascript, */*; q=0.01',
  'content-length' => '0',
  'connection' => 'keep-alive',
  'host' => 'espay.com',
  'content-type' => '',
)
[ info ] [ PARAM ] array (
)
[ info ] [ LANG ] /mnt/projects/espay/public/../application/admin/lang/zh-cn.php
[ info ] [ BEHAVIOR ] Run app\common\behavior\Common @module_init [ RunTime:0.003856s ]
[ info ] [ SESSION ] INIT array (
  'id' => '',
  'var_session_id' => '',
  'prefix' => 'think',
  'type' => '',
  'auto_start' => true,
)
[ info ] [ BEHAVIOR ] Run \addons\geetest\Geetest @config_init [ RunTime:0.001252s ]
[ info ] [ BEHAVIOR ] Run \addons\goeasy\Goeasy @config_init [ RunTime:0.002447s ]
[ info ] [ BEHAVIOR ] Run \addons\nkeditor\Nkeditor @config_init [ RunTime:0.000850s ]
[ info ] [ LANG ] /mnt/projects/espay/public/../application/admin/lang/zh-cn/dashboard.php
[ info ] [ BEHAVIOR ] Run \addons\geetest\Geetest @action_begin [ RunTime:0.000039s ]
[ info ] [ RUN ] app\admin\controller\Dashboard->chart[ /mnt/projects/espay/application/admin/controller/Dashboard.php ]
[ info ] [ DB ] INIT mysql
[ info ] [ BEHAVIOR ] Run app\admin\behavior\AdminLog @app_end [ RunTime:0.006180s ]
[ info ] [ BEHAVIOR ] Run \addons\loginvideo\Loginvideo @response_send [ RunTime:0.000932s ]
[ info ] [ LOG ] INIT File
---------------------------------------------------------------
[ 2024-03-19T17:27:22+08:00 ] 10.50.50.2 GET espay.com/admin.php/general/config?addtabs=1
[运行时间：0.192010s] [吞吐率：5.21req/s] [内存消耗：4,894.13kb] [文件加载：152]
[ info ] [ BEHAVIOR ] Run Closure @app_init [ RunTime:0.000043s ]
[ info ] [ CACHE ] INIT redis
[ info ] [ BEHAVIOR ] Run Closure @app_init [ RunTime:0.008362s ]
[ info ] [ LANG ] /mnt/projects/espay/thinkphp/lang/zh-cn.php
[ info ] [ ROUTE ] array (
  'type' => 'module',
  'module' => 
  array (
    0 => 'admin',
    1 => 'general.config',
    2 => NULL,
  ),
)
[ info ] [ HEADER ] array (
  'cookie' => 'PHPSESSID=9mhmdagqe087m8is2o8ds3sfml; keeplogin=1%7C86400%7C1710410918%7C834ed8a7d5280a89719725b2f63cf2c4; goeasyNode=10',
  'accept-language' => 'zh-CN,zh;q=0.9',
  'accept-encoding' => 'gzip, deflate',
  'referer' => 'http://espay.com/admin.php/general/config?ref=addtabs',
  'accept' => 'text/html,application/xhtml+xml,application/xml;q=0.9,image/avif,image/webp,image/apng,*/*;q=0.8,application/signed-exchange;v=b3;q=0.7',
  'user-agent' => 'Mozilla/5.0 (Windows NT 10.0; Win64; x64) AppleWebKit/537.36 (KHTML, like Gecko) Chrome/122.0.0.0 Safari/537.36',
  'upgrade-insecure-requests' => '1',
  'connection' => 'keep-alive',
  'host' => 'espay.com',
  'content-length' => '',
  'content-type' => '',
)
[ info ] [ PARAM ] array (
  'addtabs' => '1',
)
[ info ] [ LANG ] /mnt/projects/espay/public/../application/admin/lang/zh-cn.php
[ info ] [ BEHAVIOR ] Run app\common\behavior\Common @module_init [ RunTime:0.003803s ]
[ info ] [ SESSION ] INIT array (
  'id' => '',
  'var_session_id' => '',
  'prefix' => 'think',
  'type' => '',
  'auto_start' => true,
)
[ info ] [ DB ] INIT mysql
[ info ] [ BEHAVIOR ] Run \addons\geetest\Geetest @config_init [ RunTime:0.001098s ]
[ info ] [ BEHAVIOR ] Run \addons\goeasy\Goeasy @config_init [ RunTime:0.003152s ]
[ info ] [ BEHAVIOR ] Run \addons\nkeditor\Nkeditor @config_init [ RunTime:0.001036s ]
[ info ] [ LANG ] /mnt/projects/espay/public/../application/admin/lang/zh-cn/general/config.php
[ info ] [ BEHAVIOR ] Run \addons\geetest\Geetest @action_begin [ RunTime:0.000046s ]
[ info ] [ RUN ] app\admin\controller\general\Config->index[ /mnt/projects/espay/application/admin/controller/general/Config.php ]
[ info ] [ VIEW ] /mnt/projects/espay/public/../application/admin/view/general/config/index.html [ array (
  0 => 'breadcrumb',
  1 => 'site',
  2 => 'config',
  3 => 'auth',
  4 => 'admin',
  5 => 'siteList',
  6 => 'typeList',
  7 => 'groupList',
) ]
[ info ] [ BEHAVIOR ] Run app\admin\behavior\AdminLog @app_end [ RunTime:0.000684s ]
[ info ] [ BEHAVIOR ] Run \addons\loginvideo\Loginvideo @response_send [ RunTime:0.000662s ]
[ info ] [ LOG ] INIT File
---------------------------------------------------------------
[ 2024-03-19T17:27:22+08:00 ] 10.50.50.2 GET espay.com/admin.php/ajax/lang?callback=define&controllername=general.config&v=1710840441
[运行时间：0.126157s] [吞吐率：7.93req/s] [内存消耗：3,640.66kb] [文件加载：143]
[ info ] [ BEHAVIOR ] Run Closure @app_init [ RunTime:0.000072s ]
[ info ] [ CACHE ] INIT redis
[ info ] [ BEHAVIOR ] Run Closure @app_init [ RunTime:0.006742s ]
[ info ] [ LANG ] /mnt/projects/espay/thinkphp/lang/zh-cn.php
[ info ] [ ROUTE ] array (
  'type' => 'module',
  'module' => 
  array (
    0 => 'admin',
    1 => 'ajax',
    2 => 'lang',
  ),
)
[ info ] [ HEADER ] array (
  'cookie' => 'PHPSESSID=9mhmdagqe087m8is2o8ds3sfml; keeplogin=1%7C86400%7C1710410918%7C834ed8a7d5280a89719725b2f63cf2c4; goeasyNode=10',
  'accept-language' => 'zh-CN,zh;q=0.9',
  'accept-encoding' => 'gzip, deflate',
  'referer' => 'http://espay.com/admin.php/general/config?addtabs=1',
  'accept' => '*/*',
  'user-agent' => 'Mozilla/5.0 (Windows NT 10.0; Win64; x64) AppleWebKit/537.36 (KHTML, like Gecko) Chrome/122.0.0.0 Safari/537.36',
  'connection' => 'keep-alive',
  'host' => 'espay.com',
  'content-length' => '',
  'content-type' => '',
)
[ info ] [ PARAM ] array (
  'callback' => 'define',
  'controllername' => 'general.config',
  'v' => '1710840441',
)
[ info ] [ LANG ] /mnt/projects/espay/public/../application/admin/lang/zh-cn.php
[ info ] [ BEHAVIOR ] Run app\common\behavior\Common @module_init [ RunTime:0.003608s ]
[ info ] [ SESSION ] INIT array (
  'id' => '',
  'var_session_id' => '',
  'prefix' => 'think',
  'type' => '',
  'auto_start' => true,
)
[ info ] [ BEHAVIOR ] Run \addons\geetest\Geetest @config_init [ RunTime:0.000561s ]
[ info ] [ BEHAVIOR ] Run \addons\goeasy\Goeasy @config_init [ RunTime:0.001559s ]
[ info ] [ BEHAVIOR ] Run \addons\nkeditor\Nkeditor @config_init [ RunTime:0.000494s ]
[ info ] [ LANG ] /mnt/projects/espay/public/../application/admin/lang/zh-cn/ajax.php
[ info ] [ BEHAVIOR ] Run \addons\geetest\Geetest @action_begin [ RunTime:0.000080s ]
[ info ] [ RUN ] app\admin\controller\Ajax->lang[ /mnt/projects/espay/application/admin/controller/Ajax.php ]
[ info ] [ LANG ] /mnt/projects/espay/public/../application/admin/lang/zh-cn/general/config.php
[ info ] [ BEHAVIOR ] Run app\admin\behavior\AdminLog @app_end [ RunTime:0.000487s ]
[ info ] [ BEHAVIOR ] Run \addons\loginvideo\Loginvideo @response_send [ RunTime:0.000539s ]
[ info ] [ LOG ] INIT File
