---------------------------------------------------------------
[ 2024-03-21T10:56:14+08:00 ] 10.50.50.2 OPTIONS espay.com/api/config
[运行时间：0.131102s] [吞吐率：7.63req/s] [内存消耗：2,704.24kb] [文件加载：130]
[ info ] [ BEHAVIOR ] Run Closure @app_init [ RunTime:0.000025s ]
[ info ] [ CACHE ] INIT redis
[ info ] [ BEHAVIOR ] Run Closure @app_init [ RunTime:0.008427s ]
[ info ] [ LANG ] /mnt/projects/espay/thinkphp/lang/zh-cn.php
[ info ] [ ROUTE ] array (
  'type' => 'module',
  'module' => 
  array (
    0 => 'api',
    1 => 'config',
    2 => NULL,
  ),
)
[ info ] [ HEADER ] array (
  'accept-language' => 'zh-CN,zh;q=0.9',
  'accept-encoding' => 'gzip, deflate',
  'referer' => 'http://192.168.56.1:9527/',
  'sec-fetch-mode' => 'cors',
  'user-agent' => 'Mozilla/5.0 (Windows NT 10.0; Win64; x64) AppleWebKit/537.36 (KHTML, like Gecko) Chrome/122.0.0.0 Safari/537.36',
  'origin' => 'http://192.168.56.1:9527',
  'access-control-request-headers' => 'x-token',
  'access-control-request-method' => 'GET',
  'accept' => '*/*',
  'connection' => 'keep-alive',
  'host' => 'espay.com',
  'content-length' => '',
  'content-type' => '',
)
[ info ] [ PARAM ] array (
)
[ info ] [ LANG ] /mnt/projects/espay/public/../application/api/lang/zh-cn.php
[ info ] [ BEHAVIOR ] Run app\common\behavior\Common @module_init [ RunTime:0.003328s ]
[ info ] [ BEHAVIOR ] Run \addons\loginvideo\Loginvideo @response_send [ RunTime:0.006924s ]
[ info ] [ LOG ] INIT File
---------------------------------------------------------------
[ 2024-03-21T10:56:14+08:00 ] 10.50.50.2 GET espay.com/api/config
[运行时间：0.157668s] [吞吐率：6.34req/s] [内存消耗：4,168.72kb] [文件加载：144]
[ info ] [ BEHAVIOR ] Run Closure @app_init [ RunTime:0.000023s ]
[ info ] [ CACHE ] INIT redis
[ info ] [ BEHAVIOR ] Run Closure @app_init [ RunTime:0.008686s ]
[ info ] [ LANG ] /mnt/projects/espay/thinkphp/lang/zh-cn.php
[ info ] [ ROUTE ] array (
  'type' => 'module',
  'module' => 
  array (
    0 => 'api',
    1 => 'config',
    2 => NULL,
  ),
)
[ info ] [ HEADER ] array (
  'accept-language' => 'zh-CN,zh;q=0.9',
  'accept-encoding' => 'gzip, deflate',
  'referer' => 'http://192.168.56.1:9527/',
  'origin' => 'http://192.168.56.1:9527',
  'x-token' => '1b3f48d0-7883-4ee9-bd71-d453744b5e6f',
  'user-agent' => 'Mozilla/5.0 (Windows NT 10.0; Win64; x64) AppleWebKit/537.36 (KHTML, like Gecko) Chrome/122.0.0.0 Safari/537.36',
  'accept' => 'application/json, text/plain, */*',
  'connection' => 'keep-alive',
  'host' => 'espay.com',
  'content-length' => '',
  'content-type' => '',
)
[ info ] [ PARAM ] array (
)
[ info ] [ LANG ] /mnt/projects/espay/public/../application/api/lang/zh-cn.php
[ info ] [ BEHAVIOR ] Run app\common\behavior\Common @module_init [ RunTime:0.003223s ]
[ info ] [ TOKEN ] INIT Mysql
[ info ] [ DB ] INIT mysql
[ info ] [ BEHAVIOR ] Run \addons\geetest\Geetest @action_begin [ RunTime:0.006960s ]
[ info ] [ RUN ] app\api\controller\Config->index[ /mnt/projects/espay/application/api/controller/Config.php ]
[ info ] [ BEHAVIOR ] Run \addons\loginvideo\Loginvideo @response_send [ RunTime:0.000780s ]
[ info ] [ LOG ] INIT File
---------------------------------------------------------------
[ 2024-03-21T10:56:14+08:00 ] 10.50.50.2 OPTIONS espay.com/api/user/getGoogleQrcode
[运行时间：0.149762s] [吞吐率：6.68req/s] [内存消耗：2,852.73kb] [文件加载：130]
[ info ] [ BEHAVIOR ] Run Closure @app_init [ RunTime:0.000026s ]
[ info ] [ CACHE ] INIT redis
[ info ] [ BEHAVIOR ] Run Closure @app_init [ RunTime:0.007469s ]
[ info ] [ LANG ] /mnt/projects/espay/thinkphp/lang/zh-cn.php
[ info ] [ ROUTE ] array (
  'type' => 'module',
  'module' => 
  array (
    0 => 'api',
    1 => 'user',
    2 => 'getGoogleQrcode',
  ),
)
[ info ] [ HEADER ] array (
  'accept-language' => 'zh-CN,zh;q=0.9',
  'accept-encoding' => 'gzip, deflate',
  'referer' => 'http://192.168.56.1:9527/',
  'sec-fetch-mode' => 'cors',
  'user-agent' => 'Mozilla/5.0 (Windows NT 10.0; Win64; x64) AppleWebKit/537.36 (KHTML, like Gecko) Chrome/122.0.0.0 Safari/537.36',
  'origin' => 'http://192.168.56.1:9527',
  'access-control-request-headers' => 'x-token',
  'access-control-request-method' => 'POST',
  'accept' => '*/*',
  'connection' => 'keep-alive',
  'host' => 'espay.com',
  'content-length' => '',
  'content-type' => '',
)
[ info ] [ PARAM ] array (
)
[ info ] [ LANG ] /mnt/projects/espay/public/../application/api/lang/zh-cn.php
[ info ] [ BEHAVIOR ] Run app\common\behavior\Common @module_init [ RunTime:0.003626s ]
[ info ] [ BEHAVIOR ] Run \addons\loginvideo\Loginvideo @response_send [ RunTime:0.007210s ]
[ info ] [ LOG ] INIT File
---------------------------------------------------------------
[ 2024-03-21T10:56:15+08:00 ] 10.50.50.2 POST espay.com/api/user/getGoogleQrcode
[运行时间：0.175380s] [吞吐率：5.70req/s] [内存消耗：6,237.78kb] [文件加载：173]
[ info ] [ BEHAVIOR ] Run Closure @app_init [ RunTime:0.000024s ]
[ info ] [ CACHE ] INIT redis
[ info ] [ BEHAVIOR ] Run Closure @app_init [ RunTime:0.008393s ]
[ info ] [ LANG ] /mnt/projects/espay/thinkphp/lang/zh-cn.php
[ info ] [ ROUTE ] array (
  'type' => 'module',
  'module' => 
  array (
    0 => 'api',
    1 => 'user',
    2 => 'getGoogleQrcode',
  ),
)
[ info ] [ HEADER ] array (
  'accept-language' => 'zh-CN,zh;q=0.9',
  'accept-encoding' => 'gzip, deflate',
  'referer' => 'http://192.168.56.1:9527/',
  'origin' => 'http://192.168.56.1:9527',
  'x-token' => '1b3f48d0-7883-4ee9-bd71-d453744b5e6f',
  'user-agent' => 'Mozilla/5.0 (Windows NT 10.0; Win64; x64) AppleWebKit/537.36 (KHTML, like Gecko) Chrome/122.0.0.0 Safari/537.36',
  'accept' => 'application/json, text/plain, */*',
  'content-length' => '0',
  'connection' => 'keep-alive',
  'host' => 'espay.com',
  'content-type' => '',
)
[ info ] [ PARAM ] array (
)
[ info ] [ LANG ] /mnt/projects/espay/public/../application/api/lang/zh-cn.php
[ info ] [ BEHAVIOR ] Run app\common\behavior\Common @module_init [ RunTime:0.002640s ]
[ info ] [ TOKEN ] INIT Mysql
[ info ] [ DB ] INIT mysql
[ info ] [ LANG ] /mnt/projects/espay/public/../application/api/lang/zh-cn/user.php
[ info ] [ BEHAVIOR ] Run \addons\geetest\Geetest @action_begin [ RunTime:0.005270s ]
[ info ] [ RUN ] app\api\controller\User->getGoogleQrcode[ /mnt/projects/espay/application/api/controller/User.php ]
[ info ] [ BEHAVIOR ] Run \addons\loginvideo\Loginvideo @response_send [ RunTime:0.000565s ]
[ info ] [ LOG ] INIT File
---------------------------------------------------------------
[ 2024-03-21T10:56:18+08:00 ] 10.50.50.2 GET espay.com/api/config
[运行时间：0.177211s] [吞吐率：5.64req/s] [内存消耗：4,168.72kb] [文件加载：144]
[ info ] [ BEHAVIOR ] Run Closure @app_init [ RunTime:0.000023s ]
[ info ] [ CACHE ] INIT redis
[ info ] [ BEHAVIOR ] Run Closure @app_init [ RunTime:0.008155s ]
[ info ] [ LANG ] /mnt/projects/espay/thinkphp/lang/zh-cn.php
[ info ] [ ROUTE ] array (
  'type' => 'module',
  'module' => 
  array (
    0 => 'api',
    1 => 'config',
    2 => NULL,
  ),
)
[ info ] [ HEADER ] array (
  'accept-language' => 'zh-CN,zh;q=0.9',
  'accept-encoding' => 'gzip, deflate',
  'referer' => 'http://192.168.56.1:9527/',
  'origin' => 'http://192.168.56.1:9527',
  'x-token' => '1b3f48d0-7883-4ee9-bd71-d453744b5e6f',
  'user-agent' => 'Mozilla/5.0 (Windows NT 10.0; Win64; x64) AppleWebKit/537.36 (KHTML, like Gecko) Chrome/122.0.0.0 Safari/537.36',
  'accept' => 'application/json, text/plain, */*',
  'connection' => 'keep-alive',
  'host' => 'espay.com',
  'content-length' => '',
  'content-type' => '',
)
[ info ] [ PARAM ] array (
)
[ info ] [ LANG ] /mnt/projects/espay/public/../application/api/lang/zh-cn.php
[ info ] [ BEHAVIOR ] Run app\common\behavior\Common @module_init [ RunTime:0.007263s ]
[ info ] [ TOKEN ] INIT Mysql
[ info ] [ DB ] INIT mysql
[ info ] [ BEHAVIOR ] Run \addons\geetest\Geetest @action_begin [ RunTime:0.006367s ]
[ info ] [ RUN ] app\api\controller\Config->index[ /mnt/projects/espay/application/api/controller/Config.php ]
[ info ] [ BEHAVIOR ] Run \addons\loginvideo\Loginvideo @response_send [ RunTime:0.001002s ]
[ info ] [ LOG ] INIT File
---------------------------------------------------------------
[ 2024-03-21T10:56:19+08:00 ] 10.50.50.2 OPTIONS espay.com/api/user/moneylog
[运行时间：0.133104s] [吞吐率：7.51req/s] [内存消耗：2,852.70kb] [文件加载：130]
[ info ] [ BEHAVIOR ] Run Closure @app_init [ RunTime:0.000026s ]
[ info ] [ CACHE ] INIT redis
[ info ] [ BEHAVIOR ] Run Closure @app_init [ RunTime:0.008726s ]
[ info ] [ LANG ] /mnt/projects/espay/thinkphp/lang/zh-cn.php
[ info ] [ ROUTE ] array (
  'type' => 'module',
  'module' => 
  array (
    0 => 'api',
    1 => 'user',
    2 => 'moneylog',
  ),
)
[ info ] [ HEADER ] array (
  'accept-language' => 'zh-CN,zh;q=0.9',
  'accept-encoding' => 'gzip, deflate',
  'referer' => 'http://192.168.56.1:9527/',
  'sec-fetch-mode' => 'cors',
  'user-agent' => 'Mozilla/5.0 (Windows NT 10.0; Win64; x64) AppleWebKit/537.36 (KHTML, like Gecko) Chrome/122.0.0.0 Safari/537.36',
  'origin' => 'http://192.168.56.1:9527',
  'access-control-request-headers' => 'content-type,x-token',
  'access-control-request-method' => 'POST',
  'accept' => '*/*',
  'connection' => 'keep-alive',
  'host' => 'espay.com',
  'content-length' => '',
  'content-type' => '',
)
[ info ] [ PARAM ] array (
)
[ info ] [ LANG ] /mnt/projects/espay/public/../application/api/lang/zh-cn.php
[ info ] [ BEHAVIOR ] Run app\common\behavior\Common @module_init [ RunTime:0.003851s ]
[ info ] [ BEHAVIOR ] Run \addons\loginvideo\Loginvideo @response_send [ RunTime:0.007299s ]
[ info ] [ LOG ] INIT File
---------------------------------------------------------------
[ 2024-03-21T10:56:19+08:00 ] 10.50.50.2 POST espay.com/api/user/moneylog
[运行时间：0.155934s] [吞吐率：6.41req/s] [内存消耗：4,475.15kb] [文件加载：150]
[ info ] [ BEHAVIOR ] Run Closure @app_init [ RunTime:0.000022s ]
[ info ] [ CACHE ] INIT redis
[ info ] [ BEHAVIOR ] Run Closure @app_init [ RunTime:0.009393s ]
[ info ] [ LANG ] /mnt/projects/espay/thinkphp/lang/zh-cn.php
[ info ] [ ROUTE ] array (
  'type' => 'module',
  'module' => 
  array (
    0 => 'api',
    1 => 'user',
    2 => 'moneylog',
  ),
)
[ info ] [ HEADER ] array (
  'accept-language' => 'zh-CN,zh;q=0.9',
  'accept-encoding' => 'gzip, deflate',
  'referer' => 'http://192.168.56.1:9527/',
  'origin' => 'http://192.168.56.1:9527',
  'content-type' => 'application/json;charset=UTF-8',
  'user-agent' => 'Mozilla/5.0 (Windows NT 10.0; Win64; x64) AppleWebKit/537.36 (KHTML, like Gecko) Chrome/122.0.0.0 Safari/537.36',
  'x-token' => '1b3f48d0-7883-4ee9-bd71-d453744b5e6f',
  'accept' => 'application/json, text/plain, */*',
  'content-length' => '44',
  'connection' => 'keep-alive',
  'host' => 'espay.com',
)
[ info ] [ PARAM ] array (
  'orderno' => '',
  'style' => '',
  'date' => '',
  'page' => '1',
)
[ info ] [ LANG ] /mnt/projects/espay/public/../application/api/lang/zh-cn.php
[ info ] [ BEHAVIOR ] Run app\common\behavior\Common @module_init [ RunTime:0.002945s ]
[ info ] [ TOKEN ] INIT Mysql
[ info ] [ DB ] INIT mysql
[ info ] [ LANG ] /mnt/projects/espay/public/../application/api/lang/zh-cn/user.php
[ info ] [ BEHAVIOR ] Run \addons\geetest\Geetest @action_begin [ RunTime:0.007407s ]
[ info ] [ RUN ] app\api\controller\User->moneylog[ /mnt/projects/espay/application/api/controller/User.php ]
[ info ] [ BEHAVIOR ] Run \addons\loginvideo\Loginvideo @response_send [ RunTime:0.000612s ]
[ info ] [ LOG ] INIT File
---------------------------------------------------------------
[ 2024-03-21T10:56:24+08:00 ] 10.50.50.2 OPTIONS espay.com/api/config
[运行时间：0.124127s] [吞吐率：8.06req/s] [内存消耗：2,704.25kb] [文件加载：130]
[ info ] [ BEHAVIOR ] Run Closure @app_init [ RunTime:0.000022s ]
[ info ] [ CACHE ] INIT redis
[ info ] [ BEHAVIOR ] Run Closure @app_init [ RunTime:0.010305s ]
[ info ] [ LANG ] /mnt/projects/espay/thinkphp/lang/zh-cn.php
[ info ] [ ROUTE ] array (
  'type' => 'module',
  'module' => 
  array (
    0 => 'api',
    1 => 'config',
    2 => NULL,
  ),
)
[ info ] [ HEADER ] array (
  'accept-language' => 'zh-CN,zh;q=0.9',
  'accept-encoding' => 'gzip, deflate',
  'referer' => 'http://192.168.56.1:9527/',
  'sec-fetch-mode' => 'cors',
  'user-agent' => 'Mozilla/5.0 (Windows NT 10.0; Win64; x64) AppleWebKit/537.36 (KHTML, like Gecko) Chrome/122.0.0.0 Safari/537.36',
  'origin' => 'http://192.168.56.1:9527',
  'access-control-request-headers' => 'x-token',
  'access-control-request-method' => 'GET',
  'accept' => '*/*',
  'connection' => 'keep-alive',
  'host' => 'espay.com',
  'content-length' => '',
  'content-type' => '',
)
[ info ] [ PARAM ] array (
)
[ info ] [ LANG ] /mnt/projects/espay/public/../application/api/lang/zh-cn.php
[ info ] [ BEHAVIOR ] Run app\common\behavior\Common @module_init [ RunTime:0.003380s ]
[ info ] [ BEHAVIOR ] Run \addons\loginvideo\Loginvideo @response_send [ RunTime:0.005782s ]
[ info ] [ LOG ] INIT File
---------------------------------------------------------------
[ 2024-03-21T10:56:24+08:00 ] 10.50.50.2 GET espay.com/api/config
[运行时间：0.157099s] [吞吐率：6.37req/s] [内存消耗：4,168.72kb] [文件加载：144]
[ info ] [ BEHAVIOR ] Run Closure @app_init [ RunTime:0.000023s ]
[ info ] [ CACHE ] INIT redis
[ info ] [ BEHAVIOR ] Run Closure @app_init [ RunTime:0.006980s ]
[ info ] [ LANG ] /mnt/projects/espay/thinkphp/lang/zh-cn.php
[ info ] [ ROUTE ] array (
  'type' => 'module',
  'module' => 
  array (
    0 => 'api',
    1 => 'config',
    2 => NULL,
  ),
)
[ info ] [ HEADER ] array (
  'accept-language' => 'zh-CN,zh;q=0.9',
  'accept-encoding' => 'gzip, deflate',
  'referer' => 'http://192.168.56.1:9527/',
  'origin' => 'http://192.168.56.1:9527',
  'x-token' => '1b3f48d0-7883-4ee9-bd71-d453744b5e6f',
  'user-agent' => 'Mozilla/5.0 (Windows NT 10.0; Win64; x64) AppleWebKit/537.36 (KHTML, like Gecko) Chrome/122.0.0.0 Safari/537.36',
  'accept' => 'application/json, text/plain, */*',
  'connection' => 'keep-alive',
  'host' => 'espay.com',
  'content-length' => '',
  'content-type' => '',
)
[ info ] [ PARAM ] array (
)
[ info ] [ LANG ] /mnt/projects/espay/public/../application/api/lang/zh-cn.php
[ info ] [ BEHAVIOR ] Run app\common\behavior\Common @module_init [ RunTime:0.003012s ]
[ info ] [ TOKEN ] INIT Mysql
[ info ] [ DB ] INIT mysql
[ info ] [ BEHAVIOR ] Run \addons\geetest\Geetest @action_begin [ RunTime:0.006579s ]
[ info ] [ RUN ] app\api\controller\Config->index[ /mnt/projects/espay/application/api/controller/Config.php ]
[ info ] [ BEHAVIOR ] Run \addons\loginvideo\Loginvideo @response_send [ RunTime:0.001063s ]
[ info ] [ LOG ] INIT File
---------------------------------------------------------------
[ 2024-03-21T10:56:24+08:00 ] 10.50.50.2 OPTIONS espay.com/api/order
[运行时间：0.184210s] [吞吐率：5.43req/s] [内存消耗：2,750.82kb] [文件加载：130]
[ info ] [ BEHAVIOR ] Run Closure @app_init [ RunTime:0.000041s ]
[ info ] [ CACHE ] INIT redis
[ info ] [ BEHAVIOR ] Run Closure @app_init [ RunTime:0.011620s ]
[ info ] [ LANG ] /mnt/projects/espay/thinkphp/lang/zh-cn.php
[ info ] [ ROUTE ] array (
  'type' => 'module',
  'module' => 
  array (
    0 => 'api',
    1 => 'order',
    2 => NULL,
  ),
)
[ info ] [ HEADER ] array (
  'accept-language' => 'zh-CN,zh;q=0.9',
  'accept-encoding' => 'gzip, deflate',
  'referer' => 'http://192.168.56.1:9527/',
  'sec-fetch-mode' => 'cors',
  'user-agent' => 'Mozilla/5.0 (Windows NT 10.0; Win64; x64) AppleWebKit/537.36 (KHTML, like Gecko) Chrome/122.0.0.0 Safari/537.36',
  'origin' => 'http://192.168.56.1:9527',
  'access-control-request-headers' => 'content-type,x-token',
  'access-control-request-method' => 'POST',
  'accept' => '*/*',
  'connection' => 'keep-alive',
  'host' => 'espay.com',
  'content-length' => '',
  'content-type' => '',
)
[ info ] [ PARAM ] array (
)
[ info ] [ LANG ] /mnt/projects/espay/public/../application/api/lang/zh-cn.php
[ info ] [ BEHAVIOR ] Run app\common\behavior\Common @module_init [ RunTime:0.005243s ]
[ info ] [ BEHAVIOR ] Run \addons\loginvideo\Loginvideo @response_send [ RunTime:0.008114s ]
[ info ] [ LOG ] INIT File
---------------------------------------------------------------
[ 2024-03-21T10:56:25+08:00 ] 10.50.50.2 OPTIONS espay.com/api/channel
[运行时间：0.190296s] [吞吐率：5.25req/s] [内存消耗：2,711.69kb] [文件加载：130]
[ info ] [ BEHAVIOR ] Run Closure @app_init [ RunTime:0.000035s ]
[ info ] [ CACHE ] INIT redis
[ info ] [ BEHAVIOR ] Run Closure @app_init [ RunTime:0.010825s ]
[ info ] [ LANG ] /mnt/projects/espay/thinkphp/lang/zh-cn.php
[ info ] [ ROUTE ] array (
  'type' => 'module',
  'module' => 
  array (
    0 => 'api',
    1 => 'channel',
    2 => NULL,
  ),
)
[ info ] [ HEADER ] array (
  'accept-language' => 'zh-CN,zh;q=0.9',
  'accept-encoding' => 'gzip, deflate',
  'referer' => 'http://192.168.56.1:9527/',
  'sec-fetch-mode' => 'cors',
  'user-agent' => 'Mozilla/5.0 (Windows NT 10.0; Win64; x64) AppleWebKit/537.36 (KHTML, like Gecko) Chrome/122.0.0.0 Safari/537.36',
  'origin' => 'http://192.168.56.1:9527',
  'access-control-request-headers' => 'x-token',
  'access-control-request-method' => 'POST',
  'accept' => '*/*',
  'connection' => 'keep-alive',
  'host' => 'espay.com',
  'content-length' => '',
  'content-type' => '',
)
[ info ] [ PARAM ] array (
)
[ info ] [ LANG ] /mnt/projects/espay/public/../application/api/lang/zh-cn.php
[ info ] [ BEHAVIOR ] Run app\common\behavior\Common @module_init [ RunTime:0.004682s ]
[ info ] [ BEHAVIOR ] Run \addons\loginvideo\Loginvideo @response_send [ RunTime:0.005992s ]
[ info ] [ LOG ] INIT File
---------------------------------------------------------------
[ 2024-03-21T10:56:25+08:00 ] 10.50.50.2 POST espay.com/api/order
[运行时间：0.203751s] [吞吐率：4.91req/s] [内存消耗：4,459.44kb] [文件加载：151]
[ info ] [ BEHAVIOR ] Run Closure @app_init [ RunTime:0.000024s ]
[ info ] [ CACHE ] INIT redis
[ info ] [ BEHAVIOR ] Run Closure @app_init [ RunTime:0.007319s ]
[ info ] [ LANG ] /mnt/projects/espay/thinkphp/lang/zh-cn.php
[ info ] [ ROUTE ] array (
  'type' => 'module',
  'module' => 
  array (
    0 => 'api',
    1 => 'order',
    2 => NULL,
  ),
)
[ info ] [ HEADER ] array (
  'accept-language' => 'zh-CN,zh;q=0.9',
  'accept-encoding' => 'gzip, deflate',
  'referer' => 'http://192.168.56.1:9527/',
  'origin' => 'http://192.168.56.1:9527',
  'content-type' => 'application/json;charset=UTF-8',
  'user-agent' => 'Mozilla/5.0 (Windows NT 10.0; Win64; x64) AppleWebKit/537.36 (KHTML, like Gecko) Chrome/122.0.0.0 Safari/537.36',
  'x-token' => '1b3f48d0-7883-4ee9-bd71-d453744b5e6f',
  'accept' => 'application/json, text/plain, */*',
  'content-length' => '81',
  'connection' => 'keep-alive',
  'host' => 'espay.com',
)
[ info ] [ PARAM ] array (
  'orderno' => '',
  'status' => '',
  'api_type_id' => '',
  'createtime' => '',
  'paytime' => '',
  'page' => '1',
)
[ info ] [ LANG ] /mnt/projects/espay/public/../application/api/lang/zh-cn.php
[ info ] [ BEHAVIOR ] Run app\common\behavior\Common @module_init [ RunTime:0.003688s ]
[ info ] [ TOKEN ] INIT Mysql
[ info ] [ DB ] INIT mysql
[ info ] [ BEHAVIOR ] Run \addons\geetest\Geetest @action_begin [ RunTime:0.006233s ]
[ info ] [ RUN ] app\api\controller\Order->index[ /mnt/projects/espay/application/api/controller/Order.php ]
[ info ] [ BEHAVIOR ] Run \addons\loginvideo\Loginvideo @response_send [ RunTime:0.000871s ]
[ info ] [ LOG ] INIT File
---------------------------------------------------------------
[ 2024-03-21T10:56:25+08:00 ] 10.50.50.2 POST espay.com/api/channel
[运行时间：0.217882s] [吞吐率：4.59req/s] [内存消耗：6,118.18kb] [文件加载：173]
[ info ] [ BEHAVIOR ] Run Closure @app_init [ RunTime:0.000018s ]
[ info ] [ CACHE ] INIT redis
[ info ] [ BEHAVIOR ] Run Closure @app_init [ RunTime:0.007702s ]
[ info ] [ LANG ] /mnt/projects/espay/thinkphp/lang/zh-cn.php
[ info ] [ ROUTE ] array (
  'type' => 'module',
  'module' => 
  array (
    0 => 'api',
    1 => 'channel',
    2 => NULL,
  ),
)
[ info ] [ HEADER ] array (
  'accept-language' => 'zh-CN,zh;q=0.9',
  'accept-encoding' => 'gzip, deflate',
  'referer' => 'http://192.168.56.1:9527/',
  'origin' => 'http://192.168.56.1:9527',
  'x-token' => '1b3f48d0-7883-4ee9-bd71-d453744b5e6f',
  'user-agent' => 'Mozilla/5.0 (Windows NT 10.0; Win64; x64) AppleWebKit/537.36 (KHTML, like Gecko) Chrome/122.0.0.0 Safari/537.36',
  'accept' => 'application/json, text/plain, */*',
  'content-length' => '0',
  'connection' => 'keep-alive',
  'host' => 'espay.com',
  'content-type' => '',
)
[ info ] [ PARAM ] array (
)
[ info ] [ LANG ] /mnt/projects/espay/public/../application/api/lang/zh-cn.php
[ info ] [ BEHAVIOR ] Run app\common\behavior\Common @module_init [ RunTime:0.003290s ]
[ info ] [ TOKEN ] INIT Mysql
[ info ] [ DB ] INIT mysql
[ info ] [ BEHAVIOR ] Run \addons\geetest\Geetest @action_begin [ RunTime:0.005379s ]
[ info ] [ RUN ] app\api\controller\Channel->index[ /mnt/projects/espay/application/api/controller/Channel.php ]
[ info ] [ BEHAVIOR ] Run \addons\loginvideo\Loginvideo @response_send [ RunTime:0.000602s ]
[ info ] [ LOG ] INIT File
