[ 2024-03-22T20:58:04+08:00 ][ sql ] [ DB ] CONNECT:[ UseTime:0.000543s ] mysql:host=127.0.0.1;port=3306;dbname=espay;charset=utf8
[ 2024-03-22T20:58:04+08:00 ][ sql ] [ SQL ] SHOW COLUMNS FROM `ep_order` [ RunTime:0.000740s ]
[ 2024-03-22T20:58:04+08:00 ][ sql ] [ SQL ] SELECT * FROM `ep_order` WHERE  `id` = 2 LIMIT 1 [ RunTime:0.000554s ]
[ 2024-03-22T20:58:04+08:00 ][ sql ] [ SQL ] SHOW COLUMNS FROM `ep_faqueue_log` [ RunTime:0.000538s ]
[ 2024-03-22T20:58:04+08:00 ][ sql ] [ SQL ] INSERT INTO `ep_faqueue_log` (`job` , `queue` , `data` , `create_time` , `update_time`) VALUES ('app\\common\\job\\Notify' , 'default' , '{\"order_id\":2}' , 1711112284 , 1711112284) [ RunTime:0.000522s ]
[ 2024-03-22T20:58:04+08:00 ][ sql ] [ SQL ] SHOW COLUMNS FROM `ep_user` [ RunTime:0.006800s ]
[ 2024-03-22T20:58:04+08:00 ][ sql ] [ SQL ] SELECT * FROM `ep_user` WHERE  `merchant_id` = 2024035 LIMIT 1 [ RunTime:0.000611s ]
[ 2024-03-22T20:58:04+08:00 ][ sql ] [ SQL ] SHOW COLUMNS FROM `ep_notify_log` [ RunTime:0.000647s ]
[ 2024-03-22T20:58:04+08:00 ][ sql ] [ SQL ] INSERT INTO `ep_notify_log` (`order_id` , `data` , `notifyurl` , `result` , `createtime`) VALUES (2 , 'merId=2024035&orderId=20240322151343310&sysOrderId=1711102737265255466&desc=测试数据&orderAmt=100.00&status=0&nonceStr=VsvRJSu2H3lycMOjNG4kgFTtir9aBIop&sign=27BF97B1A5FA64B0A764F58B5E9DCB54' , 'http://test.notifyUrl.com' , 'Could not resolve: test.notifyUrl.com (Domain name not found)' , 1711112284) [ RunTime:0.000232s ]
[ 2024-03-22T20:58:04+08:00 ][ sql ] [ SQL ] UPDATE `ep_order`  SET `notify_status`='1',`notify_count`=1  WHERE  `id` = 2 [ RunTime:0.004773s ]
[ 2024-03-22T20:58:04+08:00 ][ sql ] [ SQL ] SELECT * FROM `ep_order` WHERE  `id` = 1 LIMIT 1 [ RunTime:0.000331s ]
[ 2024-03-22T20:58:10+08:00 ][ sql ] [ SQL ] SELECT * FROM `ep_order` WHERE  `id` = 2 LIMIT 1 [ RunTime:0.001359s ]
[ 2024-03-22T20:58:10+08:00 ][ sql ] [ SQL ] INSERT INTO `ep_faqueue_log` (`job` , `queue` , `data` , `create_time` , `update_time`) VALUES ('app\\common\\job\\Notify' , 'default' , '{\"order_id\":2}' , 1711112290 , 1711112290) [ RunTime:0.001825s ]
[ 2024-03-22T20:58:10+08:00 ][ sql ] [ SQL ] SELECT * FROM `ep_user` WHERE  `merchant_id` = 2024035 LIMIT 1 [ RunTime:0.001799s ]
[ 2024-03-22T20:58:10+08:00 ][ sql ] [ SQL ] INSERT INTO `ep_notify_log` (`order_id` , `data` , `notifyurl` , `result` , `createtime`) VALUES (2 , 'merId=2024035&orderId=20240322151343310&sysOrderId=1711102737265255466&desc=测试数据&orderAmt=100.00&status=0&nonceStr=rPB6OZeA5aWFIUTnGYcJqDy3SECtRzMm&sign=A66F24C346029F03165DD997E158B393' , 'http://test.notifyUrl.com' , 'Could not resolve: test.notifyUrl.com (Domain name not found)' , 1711112290) [ RunTime:0.001016s ]
[ 2024-03-22T20:58:10+08:00 ][ sql ] [ SQL ] UPDATE `ep_order`  SET `notify_count`=2  WHERE  `id` = 2 [ RunTime:0.000617s ]
[ 2024-03-22T20:58:22+08:00 ][ sql ] [ SQL ] SELECT * FROM `ep_order` WHERE  `id` = 2 LIMIT 1 [ RunTime:0.001647s ]
[ 2024-03-22T20:58:22+08:00 ][ sql ] [ SQL ] INSERT INTO `ep_faqueue_log` (`job` , `queue` , `data` , `create_time` , `update_time`) VALUES ('app\\common\\job\\Notify' , 'default' , '{\"order_id\":2}' , 1711112302 , 1711112302) [ RunTime:0.001422s ]
[ 2024-03-22T20:58:22+08:00 ][ sql ] [ SQL ] SELECT * FROM `ep_user` WHERE  `merchant_id` = 2024035 LIMIT 1 [ RunTime:0.001694s ]
[ 2024-03-22T20:58:22+08:00 ][ sql ] [ SQL ] INSERT INTO `ep_notify_log` (`order_id` , `data` , `notifyurl` , `result` , `createtime`) VALUES (2 , 'merId=2024035&orderId=20240322151343310&sysOrderId=1711102737265255466&desc=测试数据&orderAmt=100.00&status=0&nonceStr=R2X4FfEJGQD6muYeP0gVwWAsTaZyjlzC&sign=7E03E8E7DB0C9CB860A7D36CD5D9A7ED' , 'http://test.notifyUrl.com' , 'Could not resolve: test.notifyUrl.com (Domain name not found)' , 1711112302) [ RunTime:0.000430s ]
[ 2024-03-22T20:58:22+08:00 ][ sql ] [ SQL ] UPDATE `ep_order`  SET `notify_count`=3  WHERE  `id` = 2 [ RunTime:0.000371s ]
[ 2024-03-22T20:58:37+08:00 ][ sql ] [ SQL ] SELECT * FROM `ep_order` WHERE  `id` = 2 LIMIT 1 [ RunTime:0.000681s ]
[ 2024-03-22T20:58:38+08:00 ][ sql ] [ SQL ] INSERT INTO `ep_faqueue_log` (`job` , `queue` , `data` , `create_time` , `update_time`) VALUES ('app\\common\\job\\Notify' , 'default' , '{\"order_id\":2}' , 1711112318 , 1711112318) [ RunTime:0.000571s ]
[ 2024-03-22T20:58:38+08:00 ][ sql ] [ SQL ] SELECT * FROM `ep_user` WHERE  `merchant_id` = 2024035 LIMIT 1 [ RunTime:0.000745s ]
[ 2024-03-22T20:58:38+08:00 ][ sql ] [ SQL ] INSERT INTO `ep_notify_log` (`order_id` , `data` , `notifyurl` , `result` , `createtime`) VALUES (2 , 'merId=2024035&orderId=20240322151343310&sysOrderId=1711102737265255466&desc=测试数据&orderAmt=100.00&status=0&nonceStr=QLTGz4U3xq8KVm05lvboatCEyMgcI7Zk&sign=D6CA421FF82BDCC94F3C353384A1A040' , 'http://test.notifyUrl.com' , 'Could not resolve: test.notifyUrl.com (Domain name not found)' , 1711112318) [ RunTime:0.000703s ]
[ 2024-03-22T20:58:38+08:00 ][ sql ] [ SQL ] UPDATE `ep_order`  SET `notify_count`=4  WHERE  `id` = 2 [ RunTime:0.000945s ]
[ 2024-03-22T20:59:35+08:00 ][ sql ] [ DB ] CONNECT:[ UseTime:0.000380s ] mysql:host=127.0.0.1;port=3306;dbname=espay;charset=utf8
[ 2024-03-22T20:59:35+08:00 ][ sql ] [ SQL ] SHOW COLUMNS FROM `ep_order` [ RunTime:0.000736s ]
[ 2024-03-22T20:59:35+08:00 ][ sql ] [ SQL ] SELECT * FROM `ep_order` WHERE  `id` = 2 LIMIT 1 [ RunTime:0.000505s ]
[ 2024-03-22T20:59:35+08:00 ][ sql ] [ SQL ] SHOW COLUMNS FROM `ep_faqueue_log` [ RunTime:0.000480s ]
[ 2024-03-22T20:59:35+08:00 ][ sql ] [ SQL ] INSERT INTO `ep_faqueue_log` (`job` , `queue` , `data` , `create_time` , `update_time`) VALUES ('app\\common\\job\\Notify' , 'default' , '{\"order_id\":2}' , 1711112375 , 1711112375) [ RunTime:0.000259s ]
[ 2024-03-22T20:59:35+08:00 ][ sql ] [ SQL ] SHOW COLUMNS FROM `ep_user` [ RunTime:0.000779s ]
[ 2024-03-22T20:59:35+08:00 ][ sql ] [ SQL ] SELECT * FROM `ep_user` WHERE  `merchant_id` = 2024035 LIMIT 1 [ RunTime:0.000493s ]
[ 2024-03-22T20:59:35+08:00 ][ sql ] [ SQL ] SHOW COLUMNS FROM `ep_notify_log` [ RunTime:0.000647s ]
[ 2024-03-22T20:59:35+08:00 ][ sql ] [ SQL ] INSERT INTO `ep_notify_log` (`order_id` , `data` , `notifyurl` , `result` , `createtime`) VALUES (2 , 'merId=2024035&orderId=20240322151343310&sysOrderId=1711102737265255466&desc=测试数据&orderAmt=100.00&status=0&nonceStr=7eNGmP9ciIyY3fo5UlJpRaK2StO4nWdu&sign=F3F49905D3321522F46705F2627B1EC6' , 'http://test.notifyUrl.com' , 'Could not resolve: test.notifyUrl.com (Domain name not found)' , 1711112375) [ RunTime:0.000431s ]
[ 2024-03-22T20:59:35+08:00 ][ sql ] [ SQL ] UPDATE `ep_order`  SET `notify_count`=5  WHERE  `id` = 2 [ RunTime:0.000520s ]
[ 2024-03-22T21:00:02+08:00 ][ sql ] [ SQL ] SELECT * FROM `ep_order` WHERE  `id` = 2 LIMIT 1 [ RunTime:0.000385s ]
[ 2024-03-22T21:08:40+08:00 ][ sql ] [ SQL ] SELECT * FROM `ep_order` WHERE  `id` = 2 LIMIT 1 [ RunTime:0.000478s ]
[ 2024-03-22T21:09:43+08:00 ][ sql ] [ SQL ] SELECT * FROM `ep_order` WHERE  `id` = 2 LIMIT 1 [ RunTime:0.000483s ]
[ 2024-03-22T21:12:41+08:00 ][ sql ] [ SQL ] SELECT * FROM `ep_order` WHERE  `id` = 2 LIMIT 1 [ RunTime:0.000908s ]
